[2018/12/20 18:26:11.862] - Starting server (version 1.2.2) with initial configuration: {"hostname":"127.0.0.1","port":7545,"network_id":5777,"default_balance_ether":100,"total_accounts":10,"unlocked_accounts":[],"locked":false,"vmErrorsOnRPCResponse":true,"verbose":false,"logDirectory":"C:\\KSportfolio\\public\\etherLog"}
[2018/12/20 18:26:11.989] - eth_getBlockByNumber
[2018/12/20 18:26:11.991] - eth_subscribe
[2018/12/20 18:26:12.002] - eth_accounts
[2018/12/20 18:26:12.004] - eth_gasPrice
[2018/12/20 18:26:12.017] - eth_getBalance
[2018/12/20 18:26:12.018] - eth_getTransactionCount
[2018/12/20 18:26:12.023] - eth_getBalance
[2018/12/20 18:26:12.024] - eth_getTransactionCount
[2018/12/20 18:26:12.028] - eth_getBalance
[2018/12/20 18:26:12.029] - eth_getTransactionCount
[2018/12/20 18:26:12.030] - eth_getBalance
[2018/12/20 18:26:12.033] - eth_getTransactionCount
[2018/12/20 18:26:12.034] - eth_getBalance
[2018/12/20 18:26:12.035] - eth_getTransactionCount
[2018/12/20 18:26:12.036] - eth_getBalance
[2018/12/20 18:26:12.039] - eth_getTransactionCount
[2018/12/20 18:26:12.041] - eth_getBalance
[2018/12/20 18:26:12.042] - eth_getTransactionCount
[2018/12/20 18:26:12.043] - eth_getBalance
[2018/12/20 18:26:12.044] - eth_getTransactionCount
[2018/12/20 18:26:12.045] - eth_getBalance
[2018/12/20 18:26:12.046] - eth_getTransactionCount
[2018/12/20 18:26:12.047] - eth_getBalance
[2018/12/20 18:26:12.048] - eth_getTransactionCount
[2018/12/20 18:26:21.631] - net_listening
[2018/12/20 18:26:21.640] - eth_getBlockByNumber
[2018/12/20 18:26:21.643] - net_version
[2018/12/20 18:26:21.645] - eth_accounts
[2018/12/20 18:26:21.646] - net_version
[2018/12/20 18:26:22.512] - net_version
[2018/12/20 18:26:22.514] - eth_accounts
[2018/12/20 18:26:22.641] - net_version
[2018/12/20 18:26:22.646] - eth_accounts
[2018/12/20 18:26:22.647] - eth_getBalance
[2018/12/20 18:26:22.650] - eth_getBalance
[2018/12/20 18:26:22.652] - eth_getBalance
[2018/12/20 18:26:22.653] - eth_getBalance
[2018/12/20 18:26:22.655] - eth_getBalance
[2018/12/20 18:26:22.658] - eth_getBalance
[2018/12/20 18:26:22.660] - eth_getBalance
[2018/12/20 18:26:22.667] - eth_getBalance
[2018/12/20 18:26:22.673] - eth_getBalance
[2018/12/20 18:26:22.675] - eth_getBalance
[2018/12/20 18:26:24.904] - net_version
[2018/12/20 18:26:24.916] - eth_accounts
[2018/12/20 18:26:24.918] - eth_estimateGas
[2018/12/20 18:26:24.959] - net_version
[2018/12/20 18:26:24.975] - eth_sendTransaction
[2018/12/20 18:26:25.038] - 
[2018/12/20 18:26:25.038] -   Transaction: 0x0dc34e370ab32df207946837295b27ad4c9b4dfd317a730b0007a3ceb3da46ee
[2018/12/20 18:26:25.038] -   Contract created: 0x8bf6aa0c3ea8357f03f9357ceee8c6ed591b543d
[2018/12/20 18:26:25.038] -   Gas usage: 1008486
[2018/12/20 18:26:25.038] -   Block Number: 1
[2018/12/20 18:26:25.038] -   Block Time: Thu Dec 20 2018 18:26:24 GMT+0900 (대한민국 표준시)
[2018/12/20 18:26:25.038] - 
[2018/12/20 18:26:25.038] - net_version
[2018/12/20 18:26:25.038] - eth_getTransactionReceipt
[2018/12/20 18:26:25.038] - eth_getBalance
[2018/12/20 18:26:25.038] - eth_getTransactionCount
[2018/12/20 18:26:25.054] - eth_getBalance
[2018/12/20 18:26:25.054] - eth_getTransactionCount
[2018/12/20 18:26:25.054] - eth_getBalance
[2018/12/20 18:26:25.054] - eth_getTransactionCount
[2018/12/20 18:26:25.054] - eth_getBalance
[2018/12/20 18:26:25.054] - eth_getTransactionByHash
[2018/12/20 18:26:25.069] - eth_getTransactionCount
[2018/12/20 18:26:25.069] - eth_getBalance
[2018/12/20 18:26:25.069] - eth_getTransactionCount
[2018/12/20 18:26:25.069] - eth_getBalance
[2018/12/20 18:26:25.069] - eth_getTransactionCount
[2018/12/20 18:26:25.069] - eth_getBalance
[2018/12/20 18:26:25.069] - eth_getTransactionCount
[2018/12/20 18:26:25.069] - eth_getBalance
[2018/12/20 18:26:25.090] - eth_getTransactionCount
[2018/12/20 18:26:25.092] - eth_getBalance
[2018/12/20 18:26:25.096] - eth_getTransactionCount
[2018/12/20 18:26:25.100] - eth_getBalance
[2018/12/20 18:26:25.102] - eth_getTransactionByHash
[2018/12/20 18:26:25.104] - eth_getTransactionCount
[2018/12/20 18:26:25.107] - eth_getBalance
[2018/12/20 18:26:25.108] - eth_getBalance
[2018/12/20 18:26:25.110] - eth_getBalance
[2018/12/20 18:26:25.111] - eth_getBalance
[2018/12/20 18:26:25.113] - eth_getBalance
[2018/12/20 18:26:25.151] - eth_getBalance
[2018/12/20 18:26:25.157] - eth_getBalance
[2018/12/20 18:26:25.159] - eth_getBalance
[2018/12/20 18:26:25.167] - eth_getBalance
[2018/12/20 18:26:25.172] - eth_getBalance
[2018/12/20 18:26:25.174] - eth_getTransactionReceipt
[2018/12/20 18:26:27.941] - eth_getBlockByNumber
[2018/12/20 18:26:27.941] - net_version
[2018/12/20 18:26:27.941] - eth_accounts
[2018/12/20 18:26:33.214] - net_version
[2018/12/20 18:26:33.216] - eth_accounts
[2018/12/20 18:26:33.218] - eth_getBalance
[2018/12/20 18:26:33.230] - eth_getBalance
[2018/12/20 18:26:33.232] - eth_getBalance
[2018/12/20 18:26:33.248] - eth_getBalance
[2018/12/20 18:26:33.257] - eth_getBalance
[2018/12/20 18:26:33.261] - eth_getBalance
[2018/12/20 18:26:33.267] - eth_getBalance
[2018/12/20 18:26:33.270] - eth_getBalance
[2018/12/20 18:26:33.280] - eth_getBalance
[2018/12/20 18:26:33.282] - eth_getBalance
[2018/12/20 18:26:37.939] - net_version
[2018/12/20 18:26:37.939] - eth_accounts
[2018/12/20 18:26:42.982] - eth_getBlockByNumber
[2018/12/20 18:26:42.984] - net_version
[2018/12/20 18:26:42.990] - eth_accounts
[2018/12/20 18:26:42.993] - eth_getBalance
[2018/12/20 18:26:42.996] - eth_getBalance
[2018/12/20 18:26:42.997] - eth_getBalance
[2018/12/20 18:26:42.998] - eth_getBalance
[2018/12/20 18:26:43.000] - eth_getBalance
[2018/12/20 18:26:43.005] - eth_getBalance
[2018/12/20 18:26:43.007] - eth_getBalance
[2018/12/20 18:26:43.014] - eth_getBalance
[2018/12/20 18:26:43.017] - eth_getBalance
[2018/12/20 18:26:43.021] - eth_getBalance
[2018/12/20 18:26:47.941] - net_version
[2018/12/20 18:26:47.941] - eth_accounts
[2018/12/20 18:26:53.321] - net_version
[2018/12/20 18:26:53.323] - eth_accounts
[2018/12/20 18:26:53.329] - eth_getBalance
[2018/12/20 18:26:53.335] - eth_getBalance
[2018/12/20 18:26:53.337] - eth_getBalance
[2018/12/20 18:26:53.341] - eth_getBalance
[2018/12/20 18:26:53.349] - eth_getBalance
[2018/12/20 18:26:53.357] - eth_getBalance
[2018/12/20 18:26:53.364] - eth_getBalance
[2018/12/20 18:26:53.366] - eth_getBalance
[2018/12/20 18:26:53.368] - eth_getBalance
[2018/12/20 18:26:53.373] - eth_getBalance
[2018/12/20 18:26:57.940] - eth_getBlockByNumber
[2018/12/20 18:26:57.941] - net_version
[2018/12/20 18:26:57.943] - eth_accounts
[2018/12/20 18:27:02.956] - net_version
[2018/12/20 18:27:02.957] - eth_accounts
[2018/12/20 18:27:02.959] - eth_getBalance
[2018/12/20 18:27:02.962] - eth_getBalance
[2018/12/20 18:27:02.964] - eth_getBalance
[2018/12/20 18:27:02.966] - eth_getBalance
[2018/12/20 18:27:02.967] - eth_getBalance
[2018/12/20 18:27:02.972] - eth_getBalance
[2018/12/20 18:27:02.976] - eth_getBalance
[2018/12/20 18:27:02.977] - eth_getBalance
[2018/12/20 18:27:02.981] - eth_getBalance
[2018/12/20 18:27:02.995] - eth_getBalance
[2018/12/20 18:27:07.939] - net_version
[2018/12/20 18:27:07.940] - eth_accounts
[2018/12/20 18:27:12.960] - eth_getBlockByNumber
[2018/12/20 18:27:12.961] - eth_accounts
[2018/12/20 18:27:12.964] - net_version
[2018/12/20 18:27:12.967] - eth_getBalance
[2018/12/20 18:27:12.969] - eth_getBalance
[2018/12/20 18:27:12.970] - eth_getBalance
[2018/12/20 18:27:12.993] - eth_getBalance
[2018/12/20 18:27:12.997] - eth_getBalance
[2018/12/20 18:27:12.999] - eth_getBalance
[2018/12/20 18:27:13.011] - eth_getBalance
[2018/12/20 18:27:13.012] - eth_getBalance
[2018/12/20 18:27:13.014] - eth_getBalance
[2018/12/20 18:27:13.017] - eth_getBalance
[2018/12/20 18:27:17.953] - net_version
[2018/12/20 18:27:17.955] - eth_accounts
[2018/12/20 18:27:22.956] - net_version
[2018/12/20 18:27:22.961] - eth_accounts
[2018/12/20 18:27:22.963] - eth_getBalance
[2018/12/20 18:27:22.969] - eth_getBalance
[2018/12/20 18:27:22.972] - eth_getBalance
[2018/12/20 18:27:22.975] - eth_getBalance
[2018/12/20 18:27:22.978] - eth_getBalance
[2018/12/20 18:27:22.979] - eth_getBalance
[2018/12/20 18:27:22.981] - eth_getBalance
[2018/12/20 18:27:22.987] - eth_getBalance
[2018/12/20 18:27:22.988] - eth_getBalance
[2018/12/20 18:27:22.990] - eth_getBalance
[2018/12/20 18:27:27.943] - eth_getBlockByNumber
[2018/12/20 18:27:27.946] - net_version
[2018/12/20 18:27:27.948] - eth_accounts
[2018/12/20 18:27:32.963] - net_version
[2018/12/20 18:27:32.965] - eth_accounts
[2018/12/20 18:27:32.968] - eth_getBalance
[2018/12/20 18:27:32.970] - eth_getBalance
[2018/12/20 18:27:32.972] - eth_getBalance
[2018/12/20 18:27:32.974] - eth_getBalance
[2018/12/20 18:27:32.975] - eth_getBalance
[2018/12/20 18:27:32.976] - eth_getBalance
[2018/12/20 18:27:32.982] - eth_getBalance
[2018/12/20 18:27:32.996] - eth_getBalance
[2018/12/20 18:27:32.998] - eth_getBalance
[2018/12/20 18:27:32.999] - eth_getBalance
[2018/12/20 18:27:37.939] - net_version
[2018/12/20 18:27:37.941] - eth_accounts
[2018/12/20 18:27:39.204] - eth_accounts
[2018/12/20 18:27:39.212] - eth_accounts
[2018/12/20 18:27:39.226] - eth_sendTransaction
[2018/12/20 18:27:39.321] - 
[2018/12/20 18:27:39.322] -   Transaction: 0x8ef3e78cacc8e329124834d0b34079487e41d2af4ce82516635f6c594d7542c9
[2018/12/20 18:27:39.323] -   Gas usage: 190888
[2018/12/20 18:27:39.324] -   Block Number: 2
[2018/12/20 18:27:39.325] -   Block Time: Thu Dec 20 2018 18:27:39 GMT+0900 (대한민국 표준시)
[2018/12/20 18:27:39.326] - 
[2018/12/20 18:27:39.328] - eth_getBalance
[2018/12/20 18:27:39.329] - eth_getTransactionCount
[2018/12/20 18:27:39.331] - eth_getBalance
[2018/12/20 18:27:39.332] - eth_getTransactionCount
[2018/12/20 18:27:39.335] - eth_getBalance
[2018/12/20 18:27:39.337] - eth_getTransactionCount
[2018/12/20 18:27:39.340] - eth_getBalance
[2018/12/20 18:27:39.343] - eth_getTransactionCount
[2018/12/20 18:27:39.344] - eth_getBalance
[2018/12/20 18:27:39.347] - eth_getTransactionCount
[2018/12/20 18:27:39.349] - eth_getBalance
[2018/12/20 18:27:39.350] - eth_getTransactionCount
[2018/12/20 18:27:39.353] - eth_getBalance
[2018/12/20 18:27:39.357] - eth_getTransactionCount
[2018/12/20 18:27:39.359] - eth_getBalance
[2018/12/20 18:27:39.363] - eth_getTransactionCount
[2018/12/20 18:27:39.364] - eth_getBalance
[2018/12/20 18:27:39.366] - eth_getTransactionCount
[2018/12/20 18:27:39.368] - eth_getBalance
[2018/12/20 18:27:39.371] - eth_getTransactionCount
[2018/12/20 18:27:42.985] - eth_getBlockByNumber
[2018/12/20 18:27:42.987] - net_version
[2018/12/20 18:27:42.992] - eth_accounts
[2018/12/20 18:27:42.993] - eth_getBalance
[2018/12/20 18:27:42.994] - eth_getBalance
[2018/12/20 18:27:42.994] - eth_getBalance
[2018/12/20 18:27:42.994] - eth_getBalance
[2018/12/20 18:27:42.994] - eth_getBalance
[2018/12/20 18:27:42.994] - eth_getBalance
[2018/12/20 18:27:43.007] - eth_getBalance
[2018/12/20 18:27:43.026] - eth_getBalance
[2018/12/20 18:27:43.027] - eth_getBalance
[2018/12/20 18:27:43.029] - eth_getBalance
[2018/12/20 18:27:47.795] - eth_accounts
[2018/12/20 18:27:47.801] - eth_accounts
[2018/12/20 18:27:47.810] - eth_sendTransaction
[2018/12/20 18:27:47.914] - 
[2018/12/20 18:27:47.915] -   Transaction: 0x693c3e2b5f9c81f44c44719acc1d10898040e14d90691493413782f729e82624
[2018/12/20 18:27:47.916] -   Gas usage: 130568
[2018/12/20 18:27:47.917] -   Block Number: 3
[2018/12/20 18:27:47.917] -   Block Time: Thu Dec 20 2018 18:27:47 GMT+0900 (대한민국 표준시)
[2018/12/20 18:27:47.918] - 
[2018/12/20 18:27:47.919] - eth_getBalance
[2018/12/20 18:27:47.921] - eth_getTransactionCount
[2018/12/20 18:27:47.924] - eth_getBalance
[2018/12/20 18:27:47.926] - eth_getTransactionCount
[2018/12/20 18:27:47.927] - eth_getBalance
[2018/12/20 18:27:47.930] - eth_getTransactionCount
[2018/12/20 18:27:47.931] - eth_getBalance
[2018/12/20 18:27:47.933] - eth_getTransactionCount
[2018/12/20 18:27:47.935] - eth_getBalance
[2018/12/20 18:27:47.938] - eth_getTransactionCount
[2018/12/20 18:27:47.940] - eth_getBalance
[2018/12/20 18:27:47.944] - eth_getTransactionCount
[2018/12/20 18:27:47.947] - net_version
[2018/12/20 18:27:47.948] - eth_getBalance
[2018/12/20 18:27:47.949] - eth_accounts
[2018/12/20 18:27:47.951] - eth_getTransactionCount
[2018/12/20 18:27:47.952] - eth_getBalance
[2018/12/20 18:27:47.954] - eth_getTransactionCount
[2018/12/20 18:27:47.956] - eth_getBalance
[2018/12/20 18:27:47.957] - eth_getTransactionCount
[2018/12/20 18:27:47.960] - eth_getBalance
[2018/12/20 18:27:47.961] - eth_getTransactionCount
[2018/12/20 18:27:52.982] - net_version
[2018/12/20 18:27:52.988] - eth_accounts
[2018/12/20 18:27:52.990] - eth_getBalance
[2018/12/20 18:27:52.993] - eth_getBalance
[2018/12/20 18:27:52.994] - eth_getBalance
[2018/12/20 18:27:52.997] - eth_getBalance
[2018/12/20 18:27:52.998] - eth_getBalance
[2018/12/20 18:27:53.002] - eth_getBalance
[2018/12/20 18:27:53.003] - eth_getBalance
[2018/12/20 18:27:53.005] - eth_getBalance
[2018/12/20 18:27:53.007] - eth_getBalance
[2018/12/20 18:27:53.008] - eth_getBalance
[2018/12/20 18:27:53.891] - eth_accounts
[2018/12/20 18:27:53.904] - eth_call
[2018/12/20 18:27:53.926] - eth_accounts
[2018/12/20 18:27:53.934] - eth_call
[2018/12/20 18:27:53.963] - eth_accounts
[2018/12/20 18:27:53.969] - eth_call
[2018/12/20 18:27:53.989] - eth_accounts
[2018/12/20 18:27:53.998] - eth_call
[2018/12/20 18:27:54.017] - eth_accounts
[2018/12/20 18:27:54.024] - eth_call
[2018/12/20 18:27:54.044] - eth_accounts
[2018/12/20 18:27:54.049] - eth_call
[2018/12/20 18:27:54.078] - eth_accounts
[2018/12/20 18:27:54.085] - eth_call
[2018/12/20 18:27:57.950] - eth_getBlockByNumber
[2018/12/20 18:27:57.956] - net_version
[2018/12/20 18:27:57.960] - eth_accounts
[2018/12/20 18:28:02.981] - net_version
[2018/12/20 18:28:02.983] - eth_accounts
[2018/12/20 18:28:02.994] - eth_getBalance
[2018/12/20 18:28:02.995] - eth_getBalance
[2018/12/20 18:28:02.998] - eth_getBalance
[2018/12/20 18:28:03.000] - eth_getBalance
[2018/12/20 18:28:03.001] - eth_getBalance
[2018/12/20 18:28:03.004] - eth_getBalance
[2018/12/20 18:28:03.005] - eth_getBalance
[2018/12/20 18:28:03.008] - eth_getBalance
[2018/12/20 18:28:03.013] - eth_getBalance
[2018/12/20 18:28:03.015] - eth_getBalance
[2018/12/20 18:28:07.941] - net_version
[2018/12/20 18:28:07.942] - eth_accounts
[2018/12/20 18:28:12.957] - eth_getBlockByNumber
[2018/12/20 18:28:12.959] - net_version
[2018/12/20 18:28:12.963] - eth_accounts
[2018/12/20 18:28:12.965] - eth_getBalance
[2018/12/20 18:28:12.967] - eth_getBalance
[2018/12/20 18:28:12.968] - eth_getBalance
[2018/12/20 18:28:12.970] - eth_getBalance
[2018/12/20 18:28:12.971] - eth_getBalance
[2018/12/20 18:28:12.975] - eth_getBalance
[2018/12/20 18:28:12.977] - eth_getBalance
[2018/12/20 18:28:12.982] - eth_getBalance
[2018/12/20 18:28:12.984] - eth_getBalance
[2018/12/20 18:28:12.992] - eth_getBalance
[2018/12/20 18:28:17.941] - net_version
[2018/12/20 18:28:17.944] - eth_accounts
[2018/12/20 18:28:22.954] - net_version
[2018/12/20 18:28:22.956] - eth_accounts
[2018/12/20 18:28:22.959] - eth_getBalance
[2018/12/20 18:28:22.962] - eth_getBalance
[2018/12/20 18:28:22.964] - eth_getBalance
[2018/12/20 18:28:22.968] - eth_getBalance
[2018/12/20 18:28:22.970] - eth_getBalance
[2018/12/20 18:28:22.973] - eth_getBalance
[2018/12/20 18:28:22.976] - eth_getBalance
[2018/12/20 18:28:22.978] - eth_getBalance
[2018/12/20 18:28:22.982] - eth_getBalance
[2018/12/20 18:28:22.985] - eth_getBalance
[2018/12/20 18:28:27.941] - eth_getBlockByNumber
[2018/12/20 18:28:27.944] - net_version
[2018/12/20 18:28:27.947] - eth_accounts
[2018/12/20 18:28:32.969] - net_version
[2018/12/20 18:28:32.978] - eth_accounts
[2018/12/20 18:28:32.980] - eth_getBalance
[2018/12/20 18:28:32.983] - eth_getBalance
[2018/12/20 18:28:32.984] - eth_getBalance
[2018/12/20 18:28:32.986] - eth_getBalance
[2018/12/20 18:28:32.990] - eth_getBalance
[2018/12/20 18:28:32.992] - eth_getBalance
[2018/12/20 18:28:32.994] - eth_getBalance
[2018/12/20 18:28:32.999] - eth_getBalance
[2018/12/20 18:28:33.000] - eth_getBalance
[2018/12/20 18:28:33.006] - eth_getBalance
[2018/12/20 18:28:37.963] - net_version
[2018/12/20 18:28:37.965] - eth_accounts
[2018/12/20 18:28:42.960] - eth_getBlockByNumber
[2018/12/20 18:28:42.966] - net_version
[2018/12/20 18:28:42.968] - eth_accounts
[2018/12/20 18:28:42.970] - eth_getBalance
[2018/12/20 18:28:42.972] - eth_getBalance
[2018/12/20 18:28:42.982] - eth_getBalance
[2018/12/20 18:28:42.984] - eth_getBalance
[2018/12/20 18:28:42.990] - eth_getBalance
[2018/12/20 18:28:42.992] - eth_getBalance
[2018/12/20 18:28:42.994] - eth_getBalance
[2018/12/20 18:28:42.995] - eth_getBalance
[2018/12/20 18:28:42.998] - eth_getBalance
[2018/12/20 18:28:43.000] - eth_getBalance
[2018/12/20 18:28:47.946] - net_version
[2018/12/20 18:28:47.950] - eth_accounts
[2018/12/20 18:28:52.976] - net_version
[2018/12/20 18:28:52.982] - eth_accounts
[2018/12/20 18:28:52.985] - eth_getBalance
[2018/12/20 18:28:52.987] - eth_getBalance
[2018/12/20 18:28:53.008] - eth_getBalance
[2018/12/20 18:28:53.011] - eth_getBalance
[2018/12/20 18:28:53.012] - eth_getBalance
[2018/12/20 18:28:53.015] - eth_getBalance
[2018/12/20 18:28:53.017] - eth_getBalance
[2018/12/20 18:28:53.018] - eth_getBalance
[2018/12/20 18:28:53.020] - eth_getBalance
[2018/12/20 18:28:53.025] - eth_getBalance
[2018/12/20 18:28:57.945] - eth_getBlockByNumber
[2018/12/20 18:28:57.949] - net_version
[2018/12/20 18:28:57.956] - eth_accounts
[2018/12/20 18:29:02.987] - net_version
[2018/12/20 18:29:02.989] - eth_accounts
[2018/12/20 18:29:02.992] - eth_getBalance
[2018/12/20 18:29:02.996] - eth_getBalance
[2018/12/20 18:29:03.001] - eth_getBalance
[2018/12/20 18:29:03.004] - eth_getBalance
[2018/12/20 18:29:03.006] - eth_getBalance
[2018/12/20 18:29:03.009] - eth_getBalance
[2018/12/20 18:29:03.011] - eth_getBalance
[2018/12/20 18:29:03.012] - eth_getBalance
[2018/12/20 18:29:03.015] - eth_getBalance
[2018/12/20 18:29:03.016] - eth_getBalance
[2018/12/20 18:29:07.945] - net_version
[2018/12/20 18:29:07.952] - eth_accounts
[2018/12/20 18:29:12.990] - eth_getBlockByNumber
[2018/12/20 18:29:12.993] - net_version
[2018/12/20 18:29:12.997] - eth_accounts
[2018/12/20 18:29:12.998] - eth_getBalance
[2018/12/20 18:29:12.999] - eth_getBalance
[2018/12/20 18:29:13.001] - eth_getBalance
[2018/12/20 18:29:13.005] - eth_getBalance
[2018/12/20 18:29:13.007] - eth_getBalance
[2018/12/20 18:29:13.009] - eth_getBalance
[2018/12/20 18:29:13.010] - eth_getBalance
[2018/12/20 18:29:13.015] - eth_getBalance
[2018/12/20 18:29:13.018] - eth_getBalance
[2018/12/20 18:29:13.019] - eth_getBalance
[2018/12/20 18:29:17.941] - net_version
[2018/12/20 18:29:17.943] - eth_accounts
[2018/12/20 18:29:22.957] - net_version
[2018/12/20 18:29:22.958] - eth_accounts
[2018/12/20 18:29:22.961] - eth_getBalance
[2018/12/20 18:29:22.965] - eth_getBalance
[2018/12/20 18:29:22.968] - eth_getBalance
[2018/12/20 18:29:22.970] - eth_getBalance
[2018/12/20 18:29:22.984] - eth_getBalance
[2018/12/20 18:29:22.985] - eth_getBalance
[2018/12/20 18:29:22.985] - eth_getBalance
[2018/12/20 18:29:22.985] - eth_getBalance
[2018/12/20 18:29:22.985] - eth_getBalance
[2018/12/20 18:29:22.985] - eth_getBalance
[2018/12/20 18:29:27.945] - eth_getBlockByNumber
[2018/12/20 18:29:27.950] - net_version
[2018/12/20 18:29:27.954] - eth_accounts
[2018/12/20 18:29:32.988] - net_version
[2018/12/20 18:29:32.990] - eth_accounts
[2018/12/20 18:29:32.994] - eth_getBalance
[2018/12/20 18:29:32.996] - eth_getBalance
[2018/12/20 18:29:32.997] - eth_getBalance
[2018/12/20 18:29:33.003] - eth_getBalance
[2018/12/20 18:29:33.004] - eth_getBalance
[2018/12/20 18:29:33.006] - eth_getBalance
[2018/12/20 18:29:33.007] - eth_getBalance
[2018/12/20 18:29:33.010] - eth_getBalance
[2018/12/20 18:29:33.013] - eth_getBalance
[2018/12/20 18:29:33.017] - eth_getBalance
[2018/12/20 18:29:37.944] - net_version
[2018/12/20 18:29:37.948] - eth_accounts
[2018/12/20 18:29:42.966] - eth_getBlockByNumber
[2018/12/20 18:29:42.967] - net_version
[2018/12/20 18:29:42.971] - eth_accounts
[2018/12/20 18:29:42.973] - eth_getBalance
[2018/12/20 18:29:42.974] - eth_getBalance
[2018/12/20 18:29:42.976] - eth_getBalance
[2018/12/20 18:29:42.977] - eth_getBalance
[2018/12/20 18:29:42.981] - eth_getBalance
[2018/12/20 18:29:43.008] - eth_getBalance
[2018/12/20 18:29:43.023] - eth_getBalance
[2018/12/20 18:29:43.025] - eth_getBalance
[2018/12/20 18:29:43.026] - eth_getBalance
[2018/12/20 18:29:43.028] - eth_getBalance
[2018/12/20 18:29:47.947] - net_version
[2018/12/20 18:29:47.952] - eth_accounts
[2018/12/20 18:29:52.983] - net_version
[2018/12/20 18:29:52.985] - eth_accounts
[2018/12/20 18:29:52.987] - eth_getBalance
[2018/12/20 18:29:52.989] - eth_getBalance
[2018/12/20 18:29:52.991] - eth_getBalance
[2018/12/20 18:29:52.994] - eth_getBalance
[2018/12/20 18:29:52.997] - eth_getBalance
[2018/12/20 18:29:52.998] - eth_getBalance
[2018/12/20 18:29:53.001] - eth_getBalance
[2018/12/20 18:29:53.005] - eth_getBalance
[2018/12/20 18:29:53.007] - eth_getBalance
[2018/12/20 18:29:53.015] - eth_getBalance
[2018/12/20 18:29:57.944] - eth_getBlockByNumber
[2018/12/20 18:29:57.948] - net_version
[2018/12/20 18:29:57.952] - eth_accounts
[2018/12/20 18:30:02.975] - net_version
[2018/12/20 18:30:02.976] - eth_accounts
[2018/12/20 18:30:02.980] - eth_getBalance
[2018/12/20 18:30:02.982] - eth_getBalance
[2018/12/20 18:30:02.985] - eth_getBalance
[2018/12/20 18:30:02.987] - eth_getBalance
[2018/12/20 18:30:02.991] - eth_getBalance
[2018/12/20 18:30:02.993] - eth_getBalance
[2018/12/20 18:30:02.994] - eth_getBalance
[2018/12/20 18:30:02.997] - eth_getBalance
[2018/12/20 18:30:02.999] - eth_getBalance
[2018/12/20 18:30:03.003] - eth_getBalance
[2018/12/20 18:30:07.943] - net_version
[2018/12/20 18:30:07.948] - eth_accounts
[2018/12/20 18:30:12.968] - eth_getBlockByNumber
[2018/12/20 18:30:12.970] - net_version
[2018/12/20 18:30:12.973] - eth_accounts
[2018/12/20 18:30:12.975] - eth_getBalance
[2018/12/20 18:30:12.976] - eth_getBalance
[2018/12/20 18:30:12.978] - eth_getBalance
[2018/12/20 18:30:12.980] - eth_getBalance
[2018/12/20 18:30:12.983] - eth_getBalance
[2018/12/20 18:30:12.985] - eth_getBalance
[2018/12/20 18:30:12.995] - eth_getBalance
[2018/12/20 18:30:12.996] - eth_getBalance
[2018/12/20 18:30:12.998] - eth_getBalance
[2018/12/20 18:30:13.000] - eth_getBalance
[2018/12/20 18:30:17.940] - net_version
[2018/12/20 18:30:17.941] - eth_accounts
[2018/12/20 18:30:22.982] - net_version
[2018/12/20 18:30:22.983] - eth_accounts
[2018/12/20 18:30:22.985] - eth_getBalance
[2018/12/20 18:30:22.987] - eth_getBalance
[2018/12/20 18:30:22.988] - eth_getBalance
[2018/12/20 18:30:22.991] - eth_getBalance
[2018/12/20 18:30:22.995] - eth_getBalance
[2018/12/20 18:30:22.997] - eth_getBalance
[2018/12/20 18:30:23.000] - eth_getBalance
[2018/12/20 18:30:23.004] - eth_getBalance
[2018/12/20 18:30:23.005] - eth_getBalance
[2018/12/20 18:30:23.006] - eth_getBalance
[2018/12/20 18:30:27.944] - eth_getBlockByNumber
[2018/12/20 18:30:27.953] - net_version
[2018/12/20 18:30:27.957] - eth_accounts
[2018/12/20 18:30:32.986] - net_version
[2018/12/20 18:30:32.988] - eth_accounts
[2018/12/20 18:30:32.991] - eth_getBalance
[2018/12/20 18:30:32.998] - eth_getBalance
[2018/12/20 18:30:33.001] - eth_getBalance
[2018/12/20 18:30:33.003] - eth_getBalance
[2018/12/20 18:30:33.005] - eth_getBalance
[2018/12/20 18:30:33.008] - eth_getBalance
[2018/12/20 18:30:33.009] - eth_getBalance
[2018/12/20 18:30:33.011] - eth_getBalance
[2018/12/20 18:30:33.015] - eth_getBalance
[2018/12/20 18:30:33.017] - eth_getBalance
[2018/12/20 18:30:37.944] - net_version
[2018/12/20 18:30:37.948] - eth_accounts
[2018/12/20 18:30:42.971] - eth_getBlockByNumber
[2018/12/20 18:30:42.972] - net_version
[2018/12/20 18:30:42.974] - eth_accounts
[2018/12/20 18:30:42.976] - eth_getBalance
[2018/12/20 18:30:42.978] - eth_getBalance
[2018/12/20 18:30:42.979] - eth_getBalance
[2018/12/20 18:30:42.980] - eth_getBalance
[2018/12/20 18:30:42.985] - eth_getBalance
[2018/12/20 18:30:42.987] - eth_getBalance
[2018/12/20 18:30:42.993] - eth_getBalance
[2018/12/20 18:30:42.994] - eth_getBalance
[2018/12/20 18:30:42.997] - eth_getBalance
[2018/12/20 18:30:43.012] - eth_getBalance
[2018/12/20 18:30:47.945] - net_version
[2018/12/20 18:30:47.948] - eth_accounts
[2018/12/20 18:30:52.987] - net_version
[2018/12/20 18:30:52.989] - eth_accounts
[2018/12/20 18:30:52.992] - eth_getBalance
[2018/12/20 18:30:52.993] - eth_getBalance
[2018/12/20 18:30:52.994] - eth_getBalance
[2018/12/20 18:30:52.996] - eth_getBalance
[2018/12/20 18:30:53.000] - eth_getBalance
[2018/12/20 18:30:53.002] - eth_getBalance
[2018/12/20 18:30:53.004] - eth_getBalance
[2018/12/20 18:30:53.009] - eth_getBalance
[2018/12/20 18:30:53.010] - eth_getBalance
[2018/12/20 18:30:53.017] - eth_getBalance
[2018/12/20 18:30:57.942] - eth_getBlockByNumber
[2018/12/20 18:30:57.944] - net_version
[2018/12/20 18:30:57.946] - eth_accounts
[2018/12/20 18:31:02.987] - net_version
[2018/12/20 18:31:02.989] - eth_accounts
[2018/12/20 18:31:02.993] - eth_getBalance
[2018/12/20 18:31:02.998] - eth_getBalance
[2018/12/20 18:31:03.000] - eth_getBalance
[2018/12/20 18:31:03.001] - eth_getBalance
[2018/12/20 18:31:03.002] - eth_getBalance
[2018/12/20 18:31:03.006] - eth_getBalance
[2018/12/20 18:31:03.008] - eth_getBalance
[2018/12/20 18:31:03.009] - eth_getBalance
[2018/12/20 18:31:03.014] - eth_getBalance
[2018/12/20 18:31:03.015] - eth_getBalance
[2018/12/20 18:31:07.946] - net_version
[2018/12/20 18:31:07.951] - eth_accounts
[2018/12/20 18:31:12.979] - eth_getBlockByNumber
[2018/12/20 18:31:12.982] - net_version
[2018/12/20 18:31:12.989] - eth_accounts
[2018/12/20 18:31:12.992] - eth_getBalance
[2018/12/20 18:31:12.994] - eth_getBalance
[2018/12/20 18:31:12.995] - eth_getBalance
[2018/12/20 18:31:12.996] - eth_getBalance
[2018/12/20 18:31:12.998] - eth_getBalance
[2018/12/20 18:31:13.001] - eth_getBalance
[2018/12/20 18:31:13.003] - eth_getBalance
[2018/12/20 18:31:13.007] - eth_getBalance
[2018/12/20 18:31:13.025] - eth_getBalance
[2018/12/20 18:31:13.027] - eth_getBalance
[2018/12/20 18:31:17.944] - net_version
[2018/12/20 18:31:17.948] - eth_accounts
[2018/12/20 18:31:22.999] - net_version
[2018/12/20 18:31:23.001] - eth_accounts
[2018/12/20 18:31:23.004] - eth_getBalance
[2018/12/20 18:31:23.006] - eth_getBalance
[2018/12/20 18:31:23.008] - eth_getBalance
[2018/12/20 18:31:23.010] - eth_getBalance
[2018/12/20 18:31:23.011] - eth_getBalance
[2018/12/20 18:31:23.013] - eth_getBalance
[2018/12/20 18:31:23.019] - eth_getBalance
[2018/12/20 18:31:23.022] - eth_getBalance
[2018/12/20 18:31:23.024] - eth_getBalance
[2018/12/20 18:31:23.026] - eth_getBalance
[2018/12/20 18:31:27.943] - eth_getBlockByNumber
[2018/12/20 18:31:27.948] - net_version
[2018/12/20 18:31:27.951] - eth_accounts
[2018/12/20 18:31:32.985] - net_version
[2018/12/20 18:31:32.987] - eth_accounts
[2018/12/20 18:31:32.989] - eth_getBalance
[2018/12/20 18:31:32.992] - eth_getBalance
[2018/12/20 18:31:32.994] - eth_getBalance
[2018/12/20 18:31:32.995] - eth_getBalance
[2018/12/20 18:31:32.998] - eth_getBalance
[2018/12/20 18:31:33.001] - eth_getBalance
[2018/12/20 18:31:33.006] - eth_getBalance
[2018/12/20 18:31:33.008] - eth_getBalance
[2018/12/20 18:31:33.010] - eth_getBalance
[2018/12/20 18:31:33.011] - eth_getBalance
[2018/12/20 18:31:37.944] - net_version
[2018/12/20 18:31:37.951] - eth_accounts
[2018/12/20 18:31:42.977] - eth_getBlockByNumber
[2018/12/20 18:31:43.004] - net_version
[2018/12/20 18:31:43.005] - eth_accounts
[2018/12/20 18:31:43.007] - eth_getBalance
[2018/12/20 18:31:43.009] - eth_getBalance
[2018/12/20 18:31:43.010] - eth_getBalance
[2018/12/20 18:31:43.013] - eth_getBalance
[2018/12/20 18:31:43.018] - eth_getBalance
[2018/12/20 18:31:43.019] - eth_getBalance
[2018/12/20 18:31:43.024] - eth_getBalance
[2018/12/20 18:31:43.025] - eth_getBalance
[2018/12/20 18:31:43.041] - eth_getBalance
[2018/12/20 18:31:43.043] - eth_getBalance
[2018/12/20 18:31:47.941] - net_version
[2018/12/20 18:31:47.943] - eth_accounts
[2018/12/20 18:31:52.988] - net_version
[2018/12/20 18:31:52.989] - eth_accounts
[2018/12/20 18:31:52.991] - eth_getBalance
[2018/12/20 18:31:52.994] - eth_getBalance
[2018/12/20 18:31:52.997] - eth_getBalance
[2018/12/20 18:31:53.000] - eth_getBalance
[2018/12/20 18:31:53.001] - eth_getBalance
[2018/12/20 18:31:53.006] - eth_getBalance
[2018/12/20 18:31:53.008] - eth_getBalance
[2018/12/20 18:31:53.010] - eth_getBalance
[2018/12/20 18:31:53.012] - eth_getBalance
[2018/12/20 18:31:53.013] - eth_getBalance
[2018/12/20 18:31:57.939] - eth_getBlockByNumber
[2018/12/20 18:31:57.940] - net_version
[2018/12/20 18:31:57.941] - eth_accounts
[2018/12/20 18:32:02.966] - net_version
[2018/12/20 18:32:02.969] - eth_accounts
[2018/12/20 18:32:02.972] - eth_getBalance
[2018/12/20 18:32:02.976] - eth_getBalance
[2018/12/20 18:32:02.980] - eth_getBalance
[2018/12/20 18:32:02.983] - eth_getBalance
[2018/12/20 18:32:02.985] - eth_getBalance
[2018/12/20 18:32:02.986] - eth_getBalance
[2018/12/20 18:32:02.987] - eth_getBalance
[2018/12/20 18:32:02.988] - eth_getBalance
[2018/12/20 18:32:02.993] - eth_getBalance
[2018/12/20 18:32:02.994] - eth_getBalance
[2018/12/20 18:32:07.946] - net_version
[2018/12/20 18:32:07.952] - eth_accounts
[2018/12/20 18:32:12.980] - eth_getBlockByNumber
[2018/12/20 18:32:12.982] - net_version
[2018/12/20 18:32:12.987] - eth_accounts
[2018/12/20 18:32:12.990] - eth_getBalance
[2018/12/20 18:32:12.992] - eth_getBalance
[2018/12/20 18:32:12.993] - eth_getBalance
[2018/12/20 18:32:12.996] - eth_getBalance
[2018/12/20 18:32:12.997] - eth_getBalance
[2018/12/20 18:32:13.003] - eth_getBalance
[2018/12/20 18:32:13.006] - eth_getBalance
[2018/12/20 18:32:13.009] - eth_getBalance
[2018/12/20 18:32:13.010] - eth_getBalance
[2018/12/20 18:32:13.015] - eth_getBalance
[2018/12/20 18:32:17.945] - net_version
[2018/12/20 18:32:17.949] - eth_accounts
[2018/12/20 18:32:22.989] - net_version
[2018/12/20 18:32:22.992] - eth_accounts
[2018/12/20 18:32:22.996] - eth_getBalance
[2018/12/20 18:32:22.997] - eth_getBalance
[2018/12/20 18:32:22.999] - eth_getBalance
[2018/12/20 18:32:23.002] - eth_getBalance
[2018/12/20 18:32:23.004] - eth_getBalance
[2018/12/20 18:32:23.008] - eth_getBalance
[2018/12/20 18:32:23.010] - eth_getBalance
[2018/12/20 18:32:23.028] - eth_getBalance
[2018/12/20 18:32:23.030] - eth_getBalance
[2018/12/20 18:32:23.031] - eth_getBalance
[2018/12/20 18:32:27.951] - eth_getBlockByNumber
[2018/12/20 18:32:27.957] - net_version
[2018/12/20 18:32:27.961] - eth_accounts
[2018/12/20 18:32:32.994] - net_version
[2018/12/20 18:32:32.996] - eth_accounts
[2018/12/20 18:32:33.000] - eth_getBalance
[2018/12/20 18:32:33.003] - eth_getBalance
[2018/12/20 18:32:33.004] - eth_getBalance
[2018/12/20 18:32:33.008] - eth_getBalance
[2018/12/20 18:32:33.010] - eth_getBalance
[2018/12/20 18:32:33.012] - eth_getBalance
[2018/12/20 18:32:33.016] - eth_getBalance
[2018/12/20 18:32:33.017] - eth_getBalance
[2018/12/20 18:32:33.026] - eth_getBalance
[2018/12/20 18:32:33.030] - eth_getBalance
[2018/12/20 18:32:37.945] - net_version
[2018/12/20 18:32:37.949] - eth_accounts
[2018/12/20 18:32:42.958] - eth_getBlockByNumber
[2018/12/20 18:32:42.960] - net_version
[2018/12/20 18:32:42.965] - eth_accounts
[2018/12/20 18:32:42.967] - eth_getBalance
[2018/12/20 18:32:42.968] - eth_getBalance
[2018/12/20 18:32:42.968] - eth_getBalance
[2018/12/20 18:32:42.969] - eth_getBalance
[2018/12/20 18:32:42.971] - eth_getBalance
[2018/12/20 18:32:42.975] - eth_getBalance
[2018/12/20 18:32:42.976] - eth_getBalance
[2018/12/20 18:32:42.980] - eth_getBalance
[2018/12/20 18:32:42.995] - eth_getBalance
[2018/12/20 18:32:42.997] - eth_getBalance
[2018/12/20 18:32:47.945] - net_version
[2018/12/20 18:32:47.948] - eth_accounts
[2018/12/20 18:32:52.958] - net_version
[2018/12/20 18:32:52.960] - eth_accounts
[2018/12/20 18:32:52.961] - eth_getBalance
[2018/12/20 18:32:52.964] - eth_getBalance
[2018/12/20 18:32:52.965] - eth_getBalance
[2018/12/20 18:32:52.966] - eth_getBalance
[2018/12/20 18:32:52.967] - eth_getBalance
[2018/12/20 18:32:52.970] - eth_getBalance
[2018/12/20 18:32:52.971] - eth_getBalance
[2018/12/20 18:32:52.983] - eth_getBalance
[2018/12/20 18:32:52.985] - eth_getBalance
[2018/12/20 18:32:52.989] - eth_getBalance
[2018/12/20 18:32:57.941] - eth_getBlockByNumber
[2018/12/20 18:32:57.944] - net_version
[2018/12/20 18:32:57.948] - eth_accounts
[2018/12/20 18:33:02.998] - net_version
[2018/12/20 18:33:03.000] - eth_accounts
[2018/12/20 18:33:03.003] - eth_getBalance
[2018/12/20 18:33:03.004] - eth_getBalance
[2018/12/20 18:33:03.007] - eth_getBalance
[2018/12/20 18:33:03.009] - eth_getBalance
[2018/12/20 18:33:03.010] - eth_getBalance
[2018/12/20 18:33:03.014] - eth_getBalance
[2018/12/20 18:33:03.015] - eth_getBalance
[2018/12/20 18:33:03.017] - eth_getBalance
[2018/12/20 18:33:03.050] - eth_getBalance
[2018/12/20 18:33:03.058] - eth_getBalance
[2018/12/20 18:33:07.944] - net_version
[2018/12/20 18:33:07.948] - eth_accounts
[2018/12/20 18:33:12.977] - eth_getBlockByNumber
[2018/12/20 18:33:12.993] - net_version
[2018/12/20 18:33:12.995] - eth_accounts
[2018/12/20 18:33:12.998] - eth_getBalance
[2018/12/20 18:33:13.000] - eth_getBalance
[2018/12/20 18:33:13.002] - eth_getBalance
[2018/12/20 18:33:13.004] - eth_getBalance
[2018/12/20 18:33:13.005] - eth_getBalance
[2018/12/20 18:33:13.007] - eth_getBalance
[2018/12/20 18:33:13.012] - eth_getBalance
[2018/12/20 18:33:13.014] - eth_getBalance
[2018/12/20 18:33:13.018] - eth_getBalance
[2018/12/20 18:33:13.019] - eth_getBalance
[2018/12/20 18:33:17.945] - net_version
[2018/12/20 18:33:17.948] - eth_accounts
[2018/12/20 18:33:22.972] - net_version
[2018/12/20 18:33:22.974] - eth_accounts
[2018/12/20 18:33:22.977] - eth_getBalance
[2018/12/20 18:33:22.980] - eth_getBalance
[2018/12/20 18:33:22.982] - eth_getBalance
[2018/12/20 18:33:22.983] - eth_getBalance
[2018/12/20 18:33:22.984] - eth_getBalance
[2018/12/20 18:33:22.984] - eth_getBalance
[2018/12/20 18:33:22.984] - eth_getBalance
[2018/12/20 18:33:22.984] - eth_getBalance
[2018/12/20 18:33:22.984] - eth_getBalance
[2018/12/20 18:33:22.984] - eth_getBalance
[2018/12/20 18:33:27.943] - eth_getBlockByNumber
[2018/12/20 18:33:27.947] - net_version
[2018/12/20 18:33:27.951] - eth_accounts
[2018/12/20 18:33:32.981] - net_version
[2018/12/20 18:33:32.983] - eth_accounts
[2018/12/20 18:33:32.985] - eth_getBalance
[2018/12/20 18:33:32.985] - eth_getBalance
[2018/12/20 18:33:32.985] - eth_getBalance
[2018/12/20 18:33:32.985] - eth_getBalance
[2018/12/20 18:33:32.985] - eth_getBalance
[2018/12/20 18:33:32.985] - eth_getBalance
[2018/12/20 18:33:32.985] - eth_getBalance
[2018/12/20 18:33:33.000] - eth_getBalance
[2018/12/20 18:33:33.000] - eth_getBalance
[2018/12/20 18:33:33.000] - eth_getBalance
[2018/12/20 18:33:37.967] - net_version
[2018/12/20 18:33:37.969] - eth_accounts
[2018/12/20 18:33:42.997] - eth_getBlockByNumber
[2018/12/20 18:33:42.999] - net_version
[2018/12/20 18:33:43.002] - eth_accounts
[2018/12/20 18:33:43.009] - eth_getBalance
[2018/12/20 18:33:43.010] - eth_getBalance
[2018/12/20 18:33:43.012] - eth_getBalance
[2018/12/20 18:33:43.013] - eth_getBalance
[2018/12/20 18:33:43.014] - eth_getBalance
[2018/12/20 18:33:43.017] - eth_getBalance
[2018/12/20 18:33:43.021] - eth_getBalance
[2018/12/20 18:33:43.024] - eth_getBalance
[2018/12/20 18:33:43.025] - eth_getBalance
[2018/12/20 18:33:43.029] - eth_getBalance
[2018/12/20 18:33:47.948] - net_version
[2018/12/20 18:33:47.953] - eth_accounts
[2018/12/20 18:33:52.976] - net_version
[2018/12/20 18:33:52.979] - eth_accounts
[2018/12/20 18:33:52.981] - eth_getBalance
[2018/12/20 18:33:52.985] - eth_getBalance
[2018/12/20 18:33:52.986] - eth_getBalance
[2018/12/20 18:33:52.989] - eth_getBalance
[2018/12/20 18:33:52.991] - eth_getBalance
[2018/12/20 18:33:52.993] - eth_getBalance
[2018/12/20 18:33:53.012] - eth_getBalance
[2018/12/20 18:33:53.013] - eth_getBalance
[2018/12/20 18:33:53.015] - eth_getBalance
[2018/12/20 18:33:53.016] - eth_getBalance
[2018/12/20 18:33:57.984] - eth_getBlockByNumber
[2018/12/20 18:33:57.987] - net_version
[2018/12/20 18:33:57.989] - eth_accounts
[2018/12/20 18:34:02.964] - net_version
[2018/12/20 18:34:02.966] - eth_accounts
[2018/12/20 18:34:02.970] - eth_getBalance
[2018/12/20 18:34:02.975] - eth_getBalance
[2018/12/20 18:34:02.977] - eth_getBalance
[2018/12/20 18:34:02.978] - eth_getBalance
[2018/12/20 18:34:02.979] - eth_getBalance
[2018/12/20 18:34:02.993] - eth_getBalance
[2018/12/20 18:34:02.995] - eth_getBalance
[2018/12/20 18:34:03.009] - eth_getBalance
[2018/12/20 18:34:03.012] - eth_getBalance
[2018/12/20 18:34:03.018] - eth_getBalance
[2018/12/20 18:34:07.944] - net_version
[2018/12/20 18:34:07.948] - eth_accounts
[2018/12/20 18:34:12.979] - eth_getBlockByNumber
[2018/12/20 18:34:12.980] - net_version
[2018/12/20 18:34:12.983] - eth_accounts
[2018/12/20 18:34:12.986] - eth_getBalance
[2018/12/20 18:34:12.989] - eth_getBalance
[2018/12/20 18:34:12.990] - eth_getBalance
[2018/12/20 18:34:12.992] - eth_getBalance
[2018/12/20 18:34:13.001] - eth_getBalance
[2018/12/20 18:34:13.003] - eth_getBalance
[2018/12/20 18:34:13.008] - eth_getBalance
[2018/12/20 18:34:13.009] - eth_getBalance
[2018/12/20 18:34:13.014] - eth_getBalance
[2018/12/20 18:34:13.015] - eth_getBalance
[2018/12/20 18:34:17.944] - net_version
[2018/12/20 18:34:17.948] - eth_accounts
[2018/12/20 18:34:22.999] - net_version
[2018/12/20 18:34:22.999] - eth_accounts
[2018/12/20 18:34:22.999] - eth_getBalance
[2018/12/20 18:34:22.999] - eth_getBalance
[2018/12/20 18:34:22.999] - eth_getBalance
[2018/12/20 18:34:22.999] - eth_getBalance
[2018/12/20 18:34:22.999] - eth_getBalance
[2018/12/20 18:34:23.015] - eth_getBalance
[2018/12/20 18:34:23.017] - eth_getBalance
[2018/12/20 18:34:23.018] - eth_getBalance
[2018/12/20 18:34:23.023] - eth_getBalance
[2018/12/20 18:34:23.026] - eth_getBalance
[2018/12/20 18:34:27.944] - eth_getBlockByNumber
[2018/12/20 18:34:27.956] - net_version
[2018/12/20 18:34:27.959] - eth_accounts
[2018/12/20 18:34:32.976] - net_version
[2018/12/20 18:34:32.979] - eth_accounts
[2018/12/20 18:34:32.981] - eth_getBalance
[2018/12/20 18:34:32.983] - eth_getBalance
[2018/12/20 18:34:32.985] - eth_getBalance
[2018/12/20 18:34:32.995] - eth_getBalance
[2018/12/20 18:34:32.997] - eth_getBalance
[2018/12/20 18:34:32.999] - eth_getBalance
[2018/12/20 18:34:33.001] - eth_getBalance
[2018/12/20 18:34:33.003] - eth_getBalance
[2018/12/20 18:34:33.004] - eth_getBalance
[2018/12/20 18:34:33.008] - eth_getBalance
[2018/12/20 18:34:37.946] - net_version
[2018/12/20 18:34:37.949] - eth_accounts
[2018/12/20 18:34:42.968] - eth_getBlockByNumber
[2018/12/20 18:34:42.970] - net_version
[2018/12/20 18:34:42.974] - eth_getBalance
[2018/12/20 18:34:42.975] - eth_accounts
[2018/12/20 18:34:42.977] - eth_getBalance
[2018/12/20 18:34:42.979] - eth_getBalance
[2018/12/20 18:34:42.980] - eth_getBalance
[2018/12/20 18:34:42.983] - eth_getBalance
[2018/12/20 18:34:42.984] - eth_getBalance
[2018/12/20 18:34:42.987] - eth_getBalance
[2018/12/20 18:34:42.990] - eth_getBalance
[2018/12/20 18:34:42.993] - eth_getBalance
[2018/12/20 18:34:42.997] - eth_getBalance
[2018/12/20 18:34:47.945] - net_version
[2018/12/20 18:34:47.949] - eth_accounts
[2018/12/20 18:34:49.523] - eth_accounts
[2018/12/20 18:34:49.537] - eth_call
[2018/12/20 18:34:49.556] - eth_accounts
[2018/12/20 18:34:49.562] - eth_call
[2018/12/20 18:34:49.586] - eth_accounts
[2018/12/20 18:34:49.600] - eth_call
[2018/12/20 18:34:49.621] - eth_accounts
[2018/12/20 18:34:49.628] - eth_call
[2018/12/20 18:34:49.655] - eth_accounts
[2018/12/20 18:34:49.661] - eth_call
[2018/12/20 18:34:49.685] - eth_accounts
[2018/12/20 18:34:49.692] - eth_call
[2018/12/20 18:34:49.719] - eth_accounts
[2018/12/20 18:34:49.725] - eth_call
[2018/12/20 18:34:52.975] - net_version
[2018/12/20 18:34:52.978] - eth_accounts
[2018/12/20 18:34:52.981] - eth_getBalance
[2018/12/20 18:34:52.989] - eth_getBalance
[2018/12/20 18:34:52.992] - eth_getBalance
[2018/12/20 18:34:52.994] - eth_getBalance
[2018/12/20 18:34:52.996] - eth_getBalance
[2018/12/20 18:34:52.998] - eth_getBalance
[2018/12/20 18:34:52.999] - eth_getBalance
[2018/12/20 18:34:53.001] - eth_getBalance
[2018/12/20 18:34:53.003] - eth_getBalance
[2018/12/20 18:34:53.005] - eth_getBalance
[2018/12/20 18:34:57.949] - eth_getBlockByNumber
[2018/12/20 18:34:57.958] - net_version
[2018/12/20 18:34:57.969] - eth_accounts
[2018/12/20 18:35:02.986] - net_version
[2018/12/20 18:35:02.988] - eth_accounts
[2018/12/20 18:35:02.992] - eth_getBalance
[2018/12/20 18:35:02.994] - eth_getBalance
[2018/12/20 18:35:02.996] - eth_getBalance
[2018/12/20 18:35:03.002] - eth_getBalance
[2018/12/20 18:35:03.027] - eth_getBalance
[2018/12/20 18:35:03.028] - eth_getBalance
[2018/12/20 18:35:03.031] - eth_getBalance
[2018/12/20 18:35:03.033] - eth_getBalance
[2018/12/20 18:35:03.036] - eth_getBalance
[2018/12/20 18:35:03.040] - eth_getBalance
[2018/12/20 18:35:07.945] - net_version
[2018/12/20 18:35:07.949] - eth_accounts
[2018/12/20 18:35:12.956] - eth_getBlockByNumber
[2018/12/20 18:35:12.958] - net_version
[2018/12/20 18:35:12.961] - eth_accounts
[2018/12/20 18:35:12.964] - eth_getBalance
[2018/12/20 18:35:12.966] - eth_getBalance
[2018/12/20 18:35:12.967] - eth_getBalance
[2018/12/20 18:35:12.969] - eth_getBalance
[2018/12/20 18:35:12.971] - eth_getBalance
[2018/12/20 18:35:12.979] - eth_getBalance
[2018/12/20 18:35:12.985] - eth_getBalance
[2018/12/20 18:35:12.986] - eth_getBalance
[2018/12/20 18:35:12.990] - eth_getBalance
[2018/12/20 18:35:12.991] - eth_getBalance
[2018/12/20 18:35:17.940] - net_version
[2018/12/20 18:35:17.941] - eth_accounts
[2018/12/20 18:35:22.994] - net_version
[2018/12/20 18:35:22.996] - eth_accounts
[2018/12/20 18:35:22.999] - eth_getBalance
[2018/12/20 18:35:23.003] - eth_getBalance
[2018/12/20 18:35:23.009] - eth_getBalance
[2018/12/20 18:35:23.014] - eth_getBalance
[2018/12/20 18:35:23.019] - eth_getBalance
[2018/12/20 18:35:23.020] - eth_getBalance
[2018/12/20 18:35:23.022] - eth_getBalance
[2018/12/20 18:35:23.028] - eth_getBalance
[2018/12/20 18:35:23.031] - eth_getBalance
[2018/12/20 18:35:23.033] - eth_getBalance
[2018/12/20 18:35:27.945] - eth_getBlockByNumber
[2018/12/20 18:35:27.949] - net_version
[2018/12/20 18:35:27.953] - eth_accounts
[2018/12/20 18:35:32.981] - net_version
[2018/12/20 18:35:32.983] - eth_accounts
[2018/12/20 18:35:32.986] - eth_getBalance
[2018/12/20 18:35:32.996] - eth_getBalance
[2018/12/20 18:35:32.997] - eth_getBalance
[2018/12/20 18:35:32.998] - eth_getBalance
[2018/12/20 18:35:33.000] - eth_getBalance
[2018/12/20 18:35:33.001] - eth_getBalance
[2018/12/20 18:35:33.005] - eth_getBalance
[2018/12/20 18:35:33.008] - eth_getBalance
[2018/12/20 18:35:33.010] - eth_getBalance
[2018/12/20 18:35:33.014] - eth_getBalance
[2018/12/20 18:35:37.945] - net_version
[2018/12/20 18:35:37.948] - eth_accounts
[2018/12/20 18:35:42.985] - eth_getBlockByNumber
[2018/12/20 18:35:42.987] - net_version
[2018/12/20 18:35:42.989] - eth_accounts
[2018/12/20 18:35:42.991] - eth_getBalance
[2018/12/20 18:35:42.993] - eth_getBalance
[2018/12/20 18:35:42.994] - eth_getBalance
[2018/12/20 18:35:42.995] - eth_getBalance
[2018/12/20 18:35:42.996] - eth_getBalance
[2018/12/20 18:35:43.013] - eth_getBalance
[2018/12/20 18:35:43.017] - eth_getBalance
[2018/12/20 18:35:43.018] - eth_getBalance
[2018/12/20 18:35:43.022] - eth_getBalance
[2018/12/20 18:35:43.023] - eth_getBalance
[2018/12/20 18:35:47.948] - net_version
[2018/12/20 18:35:47.952] - eth_accounts
[2018/12/20 18:35:52.983] - net_version
[2018/12/20 18:35:52.985] - eth_accounts
[2018/12/20 18:35:52.987] - eth_getBalance
[2018/12/20 18:35:53.080] - eth_getBalance
[2018/12/20 18:35:53.082] - eth_getBalance
[2018/12/20 18:35:53.088] - eth_getBalance
[2018/12/20 18:35:53.091] - eth_getBalance
[2018/12/20 18:35:53.102] - eth_getBalance
[2018/12/20 18:35:53.104] - eth_getBalance
[2018/12/20 18:35:53.107] - eth_getBalance
[2018/12/20 18:35:53.110] - eth_getBalance
[2018/12/20 18:35:53.119] - eth_getBalance
[2018/12/20 18:35:57.949] - eth_getBlockByNumber
[2018/12/20 18:35:57.956] - net_version
[2018/12/20 18:35:57.960] - eth_accounts
[2018/12/20 18:36:02.990] - net_version
[2018/12/20 18:36:02.992] - eth_accounts
[2018/12/20 18:36:02.996] - eth_getBalance
[2018/12/20 18:36:02.997] - eth_getBalance
[2018/12/20 18:36:02.998] - eth_getBalance
[2018/12/20 18:36:02.999] - eth_getBalance
[2018/12/20 18:36:03.000] - eth_getBalance
[2018/12/20 18:36:03.004] - eth_getBalance
[2018/12/20 18:36:03.008] - eth_getBalance
[2018/12/20 18:36:03.030] - eth_getBalance
[2018/12/20 18:36:03.032] - eth_getBalance
[2018/12/20 18:36:03.034] - eth_getBalance
[2018/12/20 18:36:07.943] - net_version
[2018/12/20 18:36:07.944] - eth_accounts
[2018/12/20 18:36:12.959] - eth_getBlockByNumber
[2018/12/20 18:36:12.961] - net_version
[2018/12/20 18:36:12.964] - eth_accounts
[2018/12/20 18:36:12.967] - eth_getBalance
[2018/12/20 18:36:12.968] - eth_getBalance
[2018/12/20 18:36:12.971] - eth_getBalance
[2018/12/20 18:36:12.974] - eth_getBalance
[2018/12/20 18:36:12.976] - eth_getBalance
[2018/12/20 18:36:12.981] - eth_getBalance
[2018/12/20 18:36:12.983] - eth_getBalance
[2018/12/20 18:36:12.993] - eth_getBalance
[2018/12/20 18:36:12.996] - eth_getBalance
[2018/12/20 18:36:12.998] - eth_getBalance
[2018/12/20 18:36:17.946] - net_version
[2018/12/20 18:36:17.951] - eth_accounts
[2018/12/20 18:36:22.972] - net_version
[2018/12/20 18:36:22.979] - eth_accounts
[2018/12/20 18:36:22.984] - eth_getBalance
[2018/12/20 18:36:22.990] - eth_getBalance
[2018/12/20 18:36:22.993] - eth_getBalance
[2018/12/20 18:36:23.001] - eth_getBalance
[2018/12/20 18:36:23.002] - eth_getBalance
[2018/12/20 18:36:23.010] - eth_getBalance
[2018/12/20 18:36:23.012] - eth_getBalance
[2018/12/20 18:36:23.020] - eth_getBalance
[2018/12/20 18:36:23.024] - eth_getBalance
[2018/12/20 18:36:23.033] - eth_getBalance
[2018/12/20 18:36:27.949] - eth_getBlockByNumber
[2018/12/20 18:36:27.953] - net_version
[2018/12/20 18:36:27.962] - eth_accounts
[2018/12/20 18:36:32.966] - net_version
[2018/12/20 18:36:32.968] - eth_accounts
[2018/12/20 18:36:32.975] - eth_getBalance
[2018/12/20 18:36:32.976] - eth_getBalance
[2018/12/20 18:36:32.978] - eth_getBalance
[2018/12/20 18:36:32.983] - eth_getBalance
[2018/12/20 18:36:32.984] - eth_getBalance
[2018/12/20 18:36:32.987] - eth_getBalance
[2018/12/20 18:36:32.989] - eth_getBalance
[2018/12/20 18:36:33.006] - eth_getBalance
[2018/12/20 18:36:33.008] - eth_getBalance
[2018/12/20 18:36:33.013] - eth_getBalance
[2018/12/20 18:36:37.946] - net_version
[2018/12/20 18:36:37.949] - eth_accounts
[2018/12/20 18:36:42.958] - eth_getBlockByNumber
[2018/12/20 18:36:42.960] - net_version
[2018/12/20 18:36:42.963] - eth_accounts
[2018/12/20 18:36:42.966] - eth_getBalance
[2018/12/20 18:36:42.971] - eth_getBalance
[2018/12/20 18:36:42.972] - eth_getBalance
[2018/12/20 18:36:42.974] - eth_getBalance
[2018/12/20 18:36:42.975] - eth_getBalance
[2018/12/20 18:36:42.983] - eth_getBalance
[2018/12/20 18:36:42.984] - eth_getBalance
[2018/12/20 18:36:43.001] - eth_getBalance
[2018/12/20 18:36:43.003] - eth_getBalance
[2018/12/20 18:36:43.005] - eth_getBalance
[2018/12/20 18:36:47.941] - net_version
[2018/12/20 18:36:47.942] - eth_accounts
[2018/12/20 18:36:52.993] - net_version
[2018/12/20 18:36:52.996] - eth_accounts
[2018/12/20 18:36:52.998] - eth_getBalance
[2018/12/20 18:36:53.006] - eth_getBalance
[2018/12/20 18:36:53.007] - eth_getBalance
[2018/12/20 18:36:53.011] - eth_getBalance
[2018/12/20 18:36:53.013] - eth_getBalance
[2018/12/20 18:36:53.015] - eth_getBalance
[2018/12/20 18:36:53.018] - eth_getBalance
[2018/12/20 18:36:53.020] - eth_getBalance
[2018/12/20 18:36:53.022] - eth_getBalance
[2018/12/20 18:36:53.038] - eth_getBalance
[2018/12/20 18:36:57.941] - eth_getBlockByNumber
[2018/12/20 18:36:57.943] - net_version
[2018/12/20 18:36:57.954] - eth_accounts
[2018/12/20 18:37:02.964] - net_version
[2018/12/20 18:37:02.968] - eth_accounts
[2018/12/20 18:37:02.979] - eth_getBalance
[2018/12/20 18:37:02.980] - eth_getBalance
[2018/12/20 18:37:02.985] - eth_getBalance
[2018/12/20 18:37:02.986] - eth_getBalance
[2018/12/20 18:37:02.988] - eth_getBalance
[2018/12/20 18:37:02.990] - eth_getBalance
[2018/12/20 18:37:02.998] - eth_getBalance
[2018/12/20 18:37:03.000] - eth_getBalance
[2018/12/20 18:37:03.003] - eth_getBalance
[2018/12/20 18:37:03.006] - eth_getBalance
[2018/12/20 18:37:07.948] - net_version
[2018/12/20 18:37:07.952] - eth_accounts
[2018/12/20 18:37:12.997] - eth_getBlockByNumber
[2018/12/20 18:37:12.999] - net_version
[2018/12/20 18:37:13.003] - eth_accounts
[2018/12/20 18:37:13.004] - eth_getBalance
[2018/12/20 18:37:13.006] - eth_getBalance
[2018/12/20 18:37:13.008] - eth_getBalance
[2018/12/20 18:37:13.011] - eth_getBalance
[2018/12/20 18:37:13.014] - eth_getBalance
[2018/12/20 18:37:13.025] - eth_getBalance
[2018/12/20 18:37:13.028] - eth_getBalance
[2018/12/20 18:37:13.031] - eth_getBalance
[2018/12/20 18:37:13.032] - eth_getBalance
[2018/12/20 18:37:13.034] - eth_getBalance
[2018/12/20 18:37:17.940] - net_version
[2018/12/20 18:37:17.942] - eth_accounts
[2018/12/20 18:37:22.967] - net_version
[2018/12/20 18:37:22.969] - eth_accounts
[2018/12/20 18:37:22.971] - eth_getBalance
[2018/12/20 18:37:22.976] - eth_getBalance
[2018/12/20 18:37:22.977] - eth_getBalance
[2018/12/20 18:37:22.981] - eth_getBalance
[2018/12/20 18:37:22.984] - eth_getBalance
[2018/12/20 18:37:22.988] - eth_getBalance
[2018/12/20 18:37:22.989] - eth_getBalance
[2018/12/20 18:37:22.996] - eth_getBalance
[2018/12/20 18:37:22.999] - eth_getBalance
[2018/12/20 18:37:23.002] - eth_getBalance
[2018/12/20 18:37:27.940] - eth_getBlockByNumber
[2018/12/20 18:37:27.942] - net_version
[2018/12/20 18:37:27.944] - eth_accounts
[2018/12/20 18:37:32.961] - net_version
[2018/12/20 18:37:32.963] - eth_accounts
[2018/12/20 18:37:32.965] - eth_getBalance
[2018/12/20 18:37:32.973] - eth_getBalance
[2018/12/20 18:37:32.975] - eth_getBalance
[2018/12/20 18:37:32.982] - eth_getBalance
[2018/12/20 18:37:32.985] - eth_getBalance
[2018/12/20 18:37:32.987] - eth_getBalance
[2018/12/20 18:37:32.989] - eth_getBalance
[2018/12/20 18:37:32.999] - eth_getBalance
[2018/12/20 18:37:33.003] - eth_getBalance
[2018/12/20 18:37:33.004] - eth_getBalance
[2018/12/20 18:37:37.941] - net_version
[2018/12/20 18:37:37.942] - eth_accounts
[2018/12/20 18:37:42.994] - eth_getBlockByNumber
[2018/12/20 18:37:42.996] - net_version
[2018/12/20 18:37:43.003] - eth_accounts
[2018/12/20 18:37:43.004] - eth_getBalance
[2018/12/20 18:37:43.006] - eth_getBalance
[2018/12/20 18:37:43.007] - eth_getBalance
[2018/12/20 18:37:43.008] - eth_getBalance
[2018/12/20 18:37:43.025] - eth_getBalance
[2018/12/20 18:37:43.027] - eth_getBalance
[2018/12/20 18:37:43.028] - eth_getBalance
[2018/12/20 18:37:43.030] - eth_getBalance
[2018/12/20 18:37:43.032] - eth_getBalance
[2018/12/20 18:37:43.033] - eth_getBalance
[2018/12/20 18:37:47.943] - net_version
[2018/12/20 18:37:47.946] - eth_accounts
[2018/12/20 18:37:52.965] - net_version
[2018/12/20 18:37:52.968] - eth_getBalance
[2018/12/20 18:37:52.970] - eth_accounts
[2018/12/20 18:37:52.972] - eth_getBalance
[2018/12/20 18:37:52.985] - eth_getBalance
[2018/12/20 18:37:52.990] - eth_getBalance
[2018/12/20 18:37:52.997] - eth_getBalance
[2018/12/20 18:37:53.005] - eth_getBalance
[2018/12/20 18:37:53.007] - eth_getBalance
[2018/12/20 18:37:53.011] - eth_getBalance
[2018/12/20 18:37:53.013] - eth_getBalance
[2018/12/20 18:37:53.019] - eth_getBalance
[2018/12/20 18:37:57.944] - eth_getBlockByNumber
[2018/12/20 18:37:57.948] - net_version
[2018/12/20 18:37:57.952] - eth_accounts
[2018/12/20 18:38:03.004] - net_version
[2018/12/20 18:38:03.007] - eth_accounts
[2018/12/20 18:38:03.009] - eth_getBalance
[2018/12/20 18:38:03.011] - eth_getBalance
[2018/12/20 18:38:03.013] - eth_getBalance
[2018/12/20 18:38:03.015] - eth_getBalance
[2018/12/20 18:38:03.016] - eth_getBalance
[2018/12/20 18:38:03.025] - eth_getBalance
[2018/12/20 18:38:03.027] - eth_getBalance
[2018/12/20 18:38:03.029] - eth_getBalance
[2018/12/20 18:38:03.034] - eth_getBalance
[2018/12/20 18:38:03.035] - eth_getBalance
[2018/12/20 18:38:07.946] - net_version
[2018/12/20 18:38:07.950] - eth_accounts
[2018/12/20 18:38:12.986] - eth_getBlockByNumber
[2018/12/20 18:38:12.988] - net_version
[2018/12/20 18:38:12.993] - eth_accounts
[2018/12/20 18:38:12.995] - eth_getBalance
[2018/12/20 18:38:13.010] - eth_getBalance
[2018/12/20 18:38:13.012] - eth_getBalance
[2018/12/20 18:38:13.016] - eth_getBalance
[2018/12/20 18:38:13.017] - eth_getBalance
[2018/12/20 18:38:13.018] - eth_getBalance
[2018/12/20 18:38:13.019] - eth_getBalance
[2018/12/20 18:38:13.021] - eth_getBalance
[2018/12/20 18:38:13.024] - eth_getBalance
[2018/12/20 18:38:13.026] - eth_getBalance
[2018/12/20 18:38:17.948] - net_version
[2018/12/20 18:38:17.952] - eth_accounts
[2018/12/20 18:38:22.963] - net_version
[2018/12/20 18:38:22.964] - eth_accounts
[2018/12/20 18:38:22.966] - eth_getBalance
[2018/12/20 18:38:22.968] - eth_getBalance
[2018/12/20 18:38:22.971] - eth_getBalance
[2018/12/20 18:38:22.973] - eth_getBalance
[2018/12/20 18:38:22.974] - eth_getBalance
[2018/12/20 18:38:22.977] - eth_getBalance
[2018/12/20 18:38:22.989] - eth_getBalance
[2018/12/20 18:38:22.994] - eth_getBalance
[2018/12/20 18:38:22.996] - eth_getBalance
[2018/12/20 18:38:22.998] - eth_getBalance
[2018/12/20 18:38:27.949] - eth_getBlockByNumber
[2018/12/20 18:38:27.950] - net_version
[2018/12/20 18:38:27.954] - eth_accounts
[2018/12/20 18:38:32.995] - net_version
[2018/12/20 18:38:32.996] - eth_accounts
[2018/12/20 18:38:32.998] - eth_getBalance
[2018/12/20 18:38:33.000] - eth_getBalance
[2018/12/20 18:38:33.004] - eth_getBalance
[2018/12/20 18:38:33.010] - eth_getBalance
[2018/12/20 18:38:33.016] - eth_getBalance
[2018/12/20 18:38:33.017] - eth_getBalance
[2018/12/20 18:38:33.019] - eth_getBalance
[2018/12/20 18:38:33.024] - eth_getBalance
[2018/12/20 18:38:33.026] - eth_getBalance
[2018/12/20 18:38:33.030] - eth_getBalance
[2018/12/20 18:38:37.939] - net_version
[2018/12/20 18:38:37.941] - eth_accounts
[2018/12/20 18:38:42.971] - eth_getBlockByNumber
[2018/12/20 18:38:42.972] - net_version
[2018/12/20 18:38:42.975] - eth_accounts
[2018/12/20 18:38:42.977] - eth_getBalance
[2018/12/20 18:38:42.980] - eth_getBalance
[2018/12/20 18:38:42.982] - eth_getBalance
[2018/12/20 18:38:42.983] - eth_getBalance
[2018/12/20 18:38:42.985] - eth_getBalance
[2018/12/20 18:38:42.995] - eth_getBalance
[2018/12/20 18:38:43.009] - eth_getBalance
[2018/12/20 18:38:43.012] - eth_getBalance
[2018/12/20 18:38:43.016] - eth_getBalance
[2018/12/20 18:38:43.017] - eth_getBalance
[2018/12/20 18:38:47.940] - net_version
[2018/12/20 18:38:47.942] - eth_accounts
[2018/12/20 18:38:52.976] - net_version
[2018/12/20 18:38:52.978] - eth_accounts
[2018/12/20 18:38:52.982] - eth_getBalance
[2018/12/20 18:38:52.988] - eth_getBalance
[2018/12/20 18:38:52.989] - eth_getBalance
[2018/12/20 18:38:52.991] - eth_getBalance
[2018/12/20 18:38:52.993] - eth_getBalance
[2018/12/20 18:38:53.004] - eth_getBalance
[2018/12/20 18:38:53.005] - eth_getBalance
[2018/12/20 18:38:53.008] - eth_getBalance
[2018/12/20 18:38:53.010] - eth_getBalance
[2018/12/20 18:38:53.016] - eth_getBalance
[2018/12/20 18:38:57.939] - eth_getBlockByNumber
[2018/12/20 18:38:57.941] - net_version
[2018/12/20 18:38:57.942] - eth_accounts
[2018/12/20 18:39:02.957] - net_version
[2018/12/20 18:39:02.959] - eth_accounts
[2018/12/20 18:39:02.961] - eth_getBalance
[2018/12/20 18:39:02.964] - eth_getBalance
[2018/12/20 18:39:02.968] - eth_getBalance
[2018/12/20 18:39:02.969] - eth_getBalance
[2018/12/20 18:39:02.970] - eth_getBalance
[2018/12/20 18:39:02.972] - eth_getBalance
[2018/12/20 18:39:02.974] - eth_getBalance
[2018/12/20 18:39:02.981] - eth_getBalance
[2018/12/20 18:39:02.984] - eth_getBalance
[2018/12/20 18:39:02.993] - eth_getBalance
[2018/12/20 18:39:08.146] - net_version
[2018/12/20 18:39:08.148] - eth_accounts
[2018/12/20 18:39:12.940] - eth_getBlockByNumber
[2018/12/20 18:39:12.942] - net_version
[2018/12/20 18:39:12.948] - eth_accounts
[2018/12/20 18:39:12.950] - eth_getBalance
[2018/12/20 18:39:12.952] - eth_getBalance
[2018/12/20 18:39:12.954] - eth_getBalance
[2018/12/20 18:39:12.958] - eth_getBalance
[2018/12/20 18:39:12.961] - eth_getBalance
[2018/12/20 18:39:12.964] - eth_getBalance
[2018/12/20 18:39:12.968] - eth_getBalance
[2018/12/20 18:39:12.970] - eth_getBalance
[2018/12/20 18:39:12.975] - eth_getBalance
[2018/12/20 18:39:12.977] - eth_getBalance
[2018/12/20 18:39:17.942] - net_version
[2018/12/20 18:39:17.944] - eth_accounts
[2018/12/20 18:39:22.940] - net_version
[2018/12/20 18:39:22.941] - eth_accounts
[2018/12/20 18:39:22.944] - eth_getBalance
[2018/12/20 18:39:22.945] - eth_getBalance
[2018/12/20 18:39:22.966] - eth_getBalance
[2018/12/20 18:39:22.969] - eth_getBalance
[2018/12/20 18:39:22.971] - eth_getBalance
[2018/12/20 18:39:22.974] - eth_getBalance
[2018/12/20 18:39:22.976] - eth_getBalance
[2018/12/20 18:39:22.977] - eth_getBalance
[2018/12/20 18:39:22.979] - eth_getBalance
[2018/12/20 18:39:22.985] - eth_getBalance
[2018/12/20 18:39:27.948] - eth_getBlockByNumber
[2018/12/20 18:39:27.952] - net_version
[2018/12/20 18:39:27.956] - eth_accounts
[2018/12/20 18:39:32.962] - net_version
[2018/12/20 18:39:32.963] - eth_accounts
[2018/12/20 18:39:32.967] - eth_getBalance
[2018/12/20 18:39:32.967] - eth_getBalance
[2018/12/20 18:39:32.968] - eth_getBalance
[2018/12/20 18:39:32.971] - eth_getBalance
[2018/12/20 18:39:32.976] - eth_getBalance
[2018/12/20 18:39:32.996] - eth_getBalance
[2018/12/20 18:39:32.998] - eth_getBalance
[2018/12/20 18:39:32.999] - eth_getBalance
[2018/12/20 18:39:33.001] - eth_getBalance
[2018/12/20 18:39:33.002] - eth_getBalance
[2018/12/20 18:39:37.945] - net_version
[2018/12/20 18:39:37.948] - eth_accounts
[2018/12/20 18:39:42.950] - eth_getBlockByNumber
[2018/12/20 18:39:42.952] - eth_getBalance
[2018/12/20 18:39:42.963] - eth_getBalance
[2018/12/20 18:39:42.965] - eth_getBalance
[2018/12/20 18:39:42.969] - eth_getBalance
[2018/12/20 18:39:42.974] - eth_getBalance
[2018/12/20 18:39:42.983] - eth_getBalance
[2018/12/20 18:39:42.994] - eth_getBalance
[2018/12/20 18:39:43.008] - eth_getBalance
[2018/12/20 18:39:43.017] - eth_getBalance
[2018/12/20 18:39:43.031] - eth_getBalance
[2018/12/20 18:39:43.047] - net_version
[2018/12/20 18:39:43.054] - eth_accounts
[2018/12/20 18:39:47.947] - net_version
[2018/12/20 18:39:47.950] - eth_accounts
[2018/12/20 18:39:52.978] - net_version
[2018/12/20 18:39:52.980] - eth_accounts
[2018/12/20 18:39:52.983] - eth_getBalance
[2018/12/20 18:39:52.984] - eth_getBalance
[2018/12/20 18:39:52.986] - eth_getBalance
[2018/12/20 18:39:52.987] - eth_getBalance
[2018/12/20 18:39:52.992] - eth_getBalance
[2018/12/20 18:39:52.995] - eth_getBalance
[2018/12/20 18:39:52.998] - eth_getBalance
[2018/12/20 18:39:53.007] - eth_getBalance
[2018/12/20 18:39:53.010] - eth_getBalance
[2018/12/20 18:39:53.041] - eth_getBalance
[2018/12/20 18:39:57.944] - eth_getBlockByNumber
[2018/12/20 18:39:57.949] - net_version
[2018/12/20 18:39:57.956] - eth_accounts
[2018/12/20 18:40:02.992] - net_version
[2018/12/20 18:40:02.994] - eth_accounts
[2018/12/20 18:40:03.000] - eth_getBalance
[2018/12/20 18:40:03.001] - eth_getBalance
[2018/12/20 18:40:03.002] - eth_getBalance
[2018/12/20 18:40:03.005] - eth_getBalance
[2018/12/20 18:40:03.007] - eth_getBalance
[2018/12/20 18:40:03.011] - eth_getBalance
[2018/12/20 18:40:03.018] - eth_getBalance
[2018/12/20 18:40:03.019] - eth_getBalance
[2018/12/20 18:40:03.023] - eth_getBalance
[2018/12/20 18:40:03.024] - eth_getBalance
[2018/12/20 18:40:07.942] - net_version
[2018/12/20 18:40:07.945] - eth_accounts
[2018/12/20 18:40:12.958] - eth_getBlockByNumber
[2018/12/20 18:40:12.961] - net_version
[2018/12/20 18:40:12.966] - eth_accounts
[2018/12/20 18:40:12.974] - eth_getBalance
[2018/12/20 18:40:12.975] - eth_getBalance
[2018/12/20 18:40:12.977] - eth_getBalance
[2018/12/20 18:40:12.978] - eth_getBalance
[2018/12/20 18:40:12.979] - eth_getBalance
[2018/12/20 18:40:12.983] - eth_getBalance
[2018/12/20 18:40:12.985] - eth_getBalance
[2018/12/20 18:40:12.990] - eth_getBalance
[2018/12/20 18:40:12.992] - eth_getBalance
[2018/12/20 18:40:12.996] - eth_getBalance
[2018/12/20 18:40:18.031] - net_version
[2018/12/20 18:40:18.062] - eth_accounts
[2018/12/20 18:40:22.939] - net_version
[2018/12/20 18:40:22.940] - eth_accounts
[2018/12/20 18:40:22.943] - eth_getBalance
[2018/12/20 18:40:22.945] - eth_getBalance
[2018/12/20 18:40:22.949] - eth_getBalance
[2018/12/20 18:40:22.950] - eth_getBalance
[2018/12/20 18:40:22.955] - eth_getBalance
[2018/12/20 18:40:22.957] - eth_getBalance
[2018/12/20 18:40:22.959] - eth_getBalance
[2018/12/20 18:40:22.963] - eth_getBalance
[2018/12/20 18:40:22.967] - eth_getBalance
[2018/12/20 18:40:22.970] - eth_getBalance
[2018/12/20 18:40:27.959] - eth_getBlockByNumber
[2018/12/20 18:40:27.961] - net_version
[2018/12/20 18:40:27.962] - eth_accounts
[2018/12/20 18:40:32.945] - net_version
[2018/12/20 18:40:32.946] - eth_accounts
[2018/12/20 18:40:32.949] - eth_getBalance
[2018/12/20 18:40:32.950] - eth_getBalance
[2018/12/20 18:40:32.954] - eth_getBalance
[2018/12/20 18:40:32.955] - eth_getBalance
[2018/12/20 18:40:32.958] - eth_getBalance
[2018/12/20 18:40:32.959] - eth_getBalance
[2018/12/20 18:40:32.966] - eth_getBalance
[2018/12/20 18:40:32.974] - eth_getBalance
[2018/12/20 18:40:32.984] - eth_getBalance
[2018/12/20 18:40:32.991] - eth_getBalance
[2018/12/20 18:40:37.939] - net_version
[2018/12/20 18:40:37.940] - eth_accounts
[2018/12/20 18:40:42.962] - eth_getBlockByNumber
[2018/12/20 18:40:42.964] - net_version
[2018/12/20 18:40:42.983] - eth_accounts
[2018/12/20 18:40:42.984] - eth_getBalance
[2018/12/20 18:40:42.989] - eth_getBalance
[2018/12/20 18:40:42.990] - eth_getBalance
[2018/12/20 18:40:42.994] - eth_getBalance
[2018/12/20 18:40:42.996] - eth_getBalance
[2018/12/20 18:40:42.999] - eth_getBalance
[2018/12/20 18:40:43.002] - eth_getBalance
[2018/12/20 18:40:43.011] - eth_getBalance
[2018/12/20 18:40:43.023] - eth_getBalance
[2018/12/20 18:40:43.037] - eth_getBalance
[2018/12/20 18:40:47.941] - net_version
[2018/12/20 18:40:47.943] - eth_accounts
[2018/12/20 18:40:52.983] - net_version
[2018/12/20 18:40:52.990] - eth_accounts
[2018/12/20 18:40:52.992] - eth_getBalance
[2018/12/20 18:40:52.998] - eth_getBalance
[2018/12/20 18:40:53.000] - eth_getBalance
[2018/12/20 18:40:53.002] - eth_getBalance
[2018/12/20 18:40:53.006] - eth_getBalance
[2018/12/20 18:40:53.007] - eth_getBalance
[2018/12/20 18:40:53.009] - eth_getBalance
[2018/12/20 18:40:53.012] - eth_getBalance
[2018/12/20 18:40:53.016] - eth_getBalance
[2018/12/20 18:40:53.025] - eth_getBalance
[2018/12/20 18:40:57.939] - eth_getBlockByNumber
[2018/12/20 18:40:57.942] - net_version
[2018/12/20 18:40:57.946] - eth_accounts
[2018/12/20 18:41:03.073] - net_version
[2018/12/20 18:41:03.079] - eth_accounts
[2018/12/20 18:41:03.155] - eth_getBalance
[2018/12/20 18:41:03.172] - eth_getBalance
[2018/12/20 18:41:03.178] - eth_getBalance
[2018/12/20 18:41:03.193] - eth_getBalance
[2018/12/20 18:41:03.199] - eth_getBalance
[2018/12/20 18:41:03.203] - eth_getBalance
[2018/12/20 18:41:03.208] - eth_getBalance
[2018/12/20 18:41:03.210] - eth_getBalance
[2018/12/20 18:41:03.232] - eth_getBalance
[2018/12/20 18:41:03.234] - eth_getBalance
[2018/12/20 18:41:07.942] - net_version
[2018/12/20 18:41:07.943] - eth_accounts
[2018/12/20 18:41:12.983] - eth_getBlockByNumber
[2018/12/20 18:41:12.985] - net_version
[2018/12/20 18:41:12.989] - eth_accounts
[2018/12/20 18:41:12.991] - eth_getBalance
[2018/12/20 18:41:12.993] - eth_getBalance
[2018/12/20 18:41:12.995] - eth_getBalance
[2018/12/20 18:41:12.996] - eth_getBalance
[2018/12/20 18:41:13.000] - eth_getBalance
[2018/12/20 18:41:13.005] - eth_getBalance
[2018/12/20 18:41:13.008] - eth_getBalance
[2018/12/20 18:41:13.010] - eth_getBalance
[2018/12/20 18:41:13.014] - eth_getBalance
[2018/12/20 18:41:13.015] - eth_getBalance
[2018/12/20 18:41:17.940] - net_version
[2018/12/20 18:41:17.942] - eth_accounts
[2018/12/20 18:41:23.099] - net_version
[2018/12/20 18:41:23.104] - eth_getBalance
[2018/12/20 18:41:23.121] - eth_accounts
[2018/12/20 18:41:23.125] - eth_getBalance
[2018/12/20 18:41:23.155] - eth_getBalance
[2018/12/20 18:41:23.165] - eth_getBalance
[2018/12/20 18:41:23.183] - eth_getBalance
[2018/12/20 18:41:23.186] - eth_getBalance
[2018/12/20 18:41:23.190] - eth_getBalance
[2018/12/20 18:41:23.194] - eth_getBalance
[2018/12/20 18:41:23.292] - eth_getBalance
[2018/12/20 18:41:23.294] - eth_getBalance
[2018/12/20 18:41:27.941] - eth_getBlockByNumber
[2018/12/20 18:41:27.943] - net_version
[2018/12/20 18:41:27.945] - eth_accounts
[2018/12/20 18:41:32.961] - net_version
[2018/12/20 18:41:32.963] - eth_accounts
[2018/12/20 18:41:32.971] - eth_getBalance
[2018/12/20 18:41:32.972] - eth_getBalance
[2018/12/20 18:41:32.976] - eth_getBalance
[2018/12/20 18:41:32.980] - eth_getBalance
[2018/12/20 18:41:32.981] - eth_getBalance
[2018/12/20 18:41:32.990] - eth_getBalance
[2018/12/20 18:41:32.991] - eth_getBalance
[2018/12/20 18:41:32.995] - eth_getBalance
[2018/12/20 18:41:32.997] - eth_getBalance
[2018/12/20 18:41:32.998] - eth_getBalance
[2018/12/20 18:41:37.949] - net_version
[2018/12/20 18:41:37.953] - eth_accounts
[2018/12/20 18:41:42.960] - eth_getBlockByNumber
[2018/12/20 18:41:42.962] - net_version
[2018/12/20 18:41:42.966] - eth_accounts
[2018/12/20 18:41:42.967] - eth_getBalance
[2018/12/20 18:41:42.975] - eth_getBalance
[2018/12/20 18:41:42.976] - eth_getBalance
[2018/12/20 18:41:42.980] - eth_getBalance
[2018/12/20 18:41:42.981] - eth_getBalance
[2018/12/20 18:41:42.987] - eth_getBalance
[2018/12/20 18:41:42.995] - eth_getBalance
[2018/12/20 18:41:42.997] - eth_getBalance
[2018/12/20 18:41:43.004] - eth_getBalance
[2018/12/20 18:41:43.006] - eth_getBalance
[2018/12/20 18:41:47.944] - net_version
[2018/12/20 18:41:47.945] - eth_accounts
[2018/12/20 18:41:52.963] - net_version
[2018/12/20 18:41:52.965] - eth_accounts
[2018/12/20 18:41:52.967] - eth_getBalance
[2018/12/20 18:41:52.969] - eth_getBalance
[2018/12/20 18:41:52.976] - eth_getBalance
[2018/12/20 18:41:52.977] - eth_getBalance
[2018/12/20 18:41:52.980] - eth_getBalance
[2018/12/20 18:41:53.010] - eth_getBalance
[2018/12/20 18:41:53.012] - eth_getBalance
[2018/12/20 18:41:53.018] - eth_getBalance
[2018/12/20 18:41:53.018] - eth_getBalance
[2018/12/20 18:41:53.028] - eth_getBalance
[2018/12/20 18:41:58.320] - eth_getBlockByNumber
[2018/12/20 18:41:58.332] - net_version
[2018/12/20 18:41:58.371] - eth_accounts
[2018/12/20 18:42:02.941] - net_version
[2018/12/20 18:42:02.943] - eth_accounts
[2018/12/20 18:42:02.946] - eth_getBalance
[2018/12/20 18:42:02.947] - eth_getBalance
[2018/12/20 18:42:02.989] - eth_getBalance
[2018/12/20 18:42:02.994] - eth_getBalance
[2018/12/20 18:42:02.998] - eth_getBalance
[2018/12/20 18:42:02.999] - eth_getBalance
[2018/12/20 18:42:03.000] - eth_getBalance
[2018/12/20 18:42:03.002] - eth_getBalance
[2018/12/20 18:42:03.005] - eth_getBalance
[2018/12/20 18:42:03.009] - eth_getBalance
[2018/12/20 18:42:07.946] - net_version
[2018/12/20 18:42:07.947] - eth_accounts
[2018/12/20 18:42:12.940] - eth_getBlockByNumber
[2018/12/20 18:42:12.942] - net_version
[2018/12/20 18:42:12.945] - eth_accounts
[2018/12/20 18:42:12.974] - eth_getBalance
[2018/12/20 18:42:12.978] - eth_getBalance
[2018/12/20 18:42:12.979] - eth_getBalance
[2018/12/20 18:42:12.983] - eth_getBalance
[2018/12/20 18:42:12.988] - eth_getBalance
[2018/12/20 18:42:12.990] - eth_getBalance
[2018/12/20 18:42:13.000] - eth_getBalance
[2018/12/20 18:42:13.002] - eth_getBalance
[2018/12/20 18:42:13.004] - eth_getBalance
[2018/12/20 18:42:13.007] - eth_getBalance
[2018/12/20 18:42:17.940] - net_version
[2018/12/20 18:42:17.941] - eth_accounts
[2018/12/20 18:42:22.955] - net_version
[2018/12/20 18:42:22.957] - eth_accounts
[2018/12/20 18:42:22.959] - eth_getBalance
[2018/12/20 18:42:22.961] - eth_getBalance
[2018/12/20 18:42:22.962] - eth_getBalance
[2018/12/20 18:42:22.963] - eth_getBalance
[2018/12/20 18:42:22.967] - eth_getBalance
[2018/12/20 18:42:22.972] - eth_getBalance
[2018/12/20 18:42:22.976] - eth_getBalance
[2018/12/20 18:42:22.982] - eth_getBalance
[2018/12/20 18:42:22.984] - eth_getBalance
[2018/12/20 18:42:22.985] - eth_getBalance
[2018/12/20 18:42:27.941] - eth_getBlockByNumber
[2018/12/20 18:42:27.942] - net_version
[2018/12/20 18:42:27.947] - eth_accounts
[2018/12/20 18:42:32.971] - net_version
[2018/12/20 18:42:32.974] - eth_accounts
[2018/12/20 18:42:32.977] - eth_getBalance
[2018/12/20 18:42:32.979] - eth_getBalance
[2018/12/20 18:42:32.983] - eth_getBalance
[2018/12/20 18:42:32.988] - eth_getBalance
[2018/12/20 18:42:32.989] - eth_getBalance
[2018/12/20 18:42:32.992] - eth_getBalance
[2018/12/20 18:42:32.994] - eth_getBalance
[2018/12/20 18:42:32.996] - eth_getBalance
[2018/12/20 18:42:33.003] - eth_getBalance
[2018/12/20 18:42:33.007] - eth_getBalance
[2018/12/20 18:42:37.941] - net_version
[2018/12/20 18:42:37.942] - eth_accounts
[2018/12/20 18:42:42.973] - eth_getBlockByNumber
[2018/12/20 18:42:42.978] - net_version
[2018/12/20 18:42:42.982] - eth_accounts
[2018/12/20 18:42:42.984] - eth_getBalance
[2018/12/20 18:42:42.992] - eth_getBalance
[2018/12/20 18:42:42.993] - eth_getBalance
[2018/12/20 18:42:42.996] - eth_getBalance
[2018/12/20 18:42:43.001] - eth_getBalance
[2018/12/20 18:42:43.025] - eth_getBalance
[2018/12/20 18:42:43.029] - eth_getBalance
[2018/12/20 18:42:43.032] - eth_getBalance
[2018/12/20 18:42:43.035] - eth_getBalance
[2018/12/20 18:42:43.037] - eth_getBalance
[2018/12/20 18:42:47.942] - net_version
[2018/12/20 18:42:47.943] - eth_accounts
[2018/12/20 18:42:52.971] - net_version
[2018/12/20 18:42:52.973] - eth_accounts
[2018/12/20 18:42:52.975] - eth_getBalance
[2018/12/20 18:42:52.978] - eth_getBalance
[2018/12/20 18:42:52.979] - eth_getBalance
[2018/12/20 18:42:52.981] - eth_getBalance
[2018/12/20 18:42:52.984] - eth_getBalance
[2018/12/20 18:42:52.985] - eth_getBalance
[2018/12/20 18:42:52.990] - eth_getBalance
[2018/12/20 18:42:52.992] - eth_getBalance
[2018/12/20 18:42:52.994] - eth_getBalance
[2018/12/20 18:42:52.998] - eth_getBalance
[2018/12/20 18:42:57.940] - eth_getBlockByNumber
[2018/12/20 18:42:57.941] - net_version
[2018/12/20 18:42:57.946] - eth_accounts
[2018/12/20 18:43:02.958] - net_version
[2018/12/20 18:43:02.960] - eth_accounts
[2018/12/20 18:43:02.961] - eth_getBalance
[2018/12/20 18:43:02.963] - eth_getBalance
[2018/12/20 18:43:02.964] - eth_getBalance
[2018/12/20 18:43:02.968] - eth_getBalance
[2018/12/20 18:43:02.975] - eth_getBalance
[2018/12/20 18:43:02.977] - eth_getBalance
[2018/12/20 18:43:02.981] - eth_getBalance
[2018/12/20 18:43:02.983] - eth_getBalance
[2018/12/20 18:43:02.985] - eth_getBalance
[2018/12/20 18:43:02.988] - eth_getBalance
[2018/12/20 18:43:07.941] - net_version
[2018/12/20 18:43:07.942] - eth_accounts
[2018/12/20 18:43:12.965] - eth_getBlockByNumber
[2018/12/20 18:43:12.967] - net_version
[2018/12/20 18:43:12.972] - eth_accounts
[2018/12/20 18:43:12.975] - eth_getBalance
[2018/12/20 18:43:12.976] - eth_getBalance
[2018/12/20 18:43:12.977] - eth_getBalance
[2018/12/20 18:43:12.977] - eth_getBalance
[2018/12/20 18:43:12.981] - eth_getBalance
[2018/12/20 18:43:12.983] - eth_getBalance
[2018/12/20 18:43:12.996] - eth_getBalance
[2018/12/20 18:43:12.997] - eth_getBalance
[2018/12/20 18:43:13.000] - eth_getBalance
[2018/12/20 18:43:13.002] - eth_getBalance
[2018/12/20 18:43:17.940] - net_version
[2018/12/20 18:43:17.942] - eth_accounts
[2018/12/20 18:43:22.958] - net_version
[2018/12/20 18:43:22.959] - eth_accounts
[2018/12/20 18:43:22.962] - eth_getBalance
[2018/12/20 18:43:22.963] - eth_getBalance
[2018/12/20 18:43:22.969] - eth_getBalance
[2018/12/20 18:43:22.971] - eth_getBalance
[2018/12/20 18:43:22.972] - eth_getBalance
[2018/12/20 18:43:22.981] - eth_getBalance
[2018/12/20 18:43:22.983] - eth_getBalance
[2018/12/20 18:43:22.984] - eth_getBalance
[2018/12/20 18:43:22.987] - eth_getBalance
[2018/12/20 18:43:22.992] - eth_getBalance
[2018/12/20 18:43:27.941] - eth_getBlockByNumber
[2018/12/20 18:43:28.234] - eth_accounts
[2018/12/20 18:43:28.253] - net_version
[2018/12/20 18:43:32.890] - net_version
[2018/12/20 18:43:32.928] - eth_accounts
[2018/12/20 18:43:33.000] - eth_getBalance
[2018/12/20 18:43:34.418] - eth_getBalance
[2018/12/20 18:43:34.421] - eth_getBalance
[2018/12/20 18:43:34.424] - eth_getBalance
[2018/12/20 18:43:34.426] - eth_getBalance
[2018/12/20 18:43:34.428] - eth_getBalance
[2018/12/20 18:43:34.431] - eth_getBalance
[2018/12/20 18:43:34.438] - eth_getBalance
[2018/12/20 18:43:34.438] - eth_getBalance
[2018/12/20 18:43:34.441] - eth_getBalance
[2018/12/20 18:43:37.941] - net_version
[2018/12/20 18:43:37.942] - eth_accounts
[2018/12/20 18:43:42.960] - eth_getBlockByNumber
[2018/12/20 18:43:42.963] - net_version
[2018/12/20 18:43:42.966] - eth_accounts
[2018/12/20 18:43:42.981] - eth_getBalance
[2018/12/20 18:43:42.983] - eth_getBalance
[2018/12/20 18:43:42.986] - eth_getBalance
[2018/12/20 18:43:42.987] - eth_getBalance
[2018/12/20 18:43:42.989] - eth_getBalance
[2018/12/20 18:43:42.991] - eth_getBalance
[2018/12/20 18:43:42.993] - eth_getBalance
[2018/12/20 18:43:42.997] - eth_getBalance
[2018/12/20 18:43:43.001] - eth_getBalance
[2018/12/20 18:43:43.002] - eth_getBalance
[2018/12/20 18:43:47.940] - net_version
[2018/12/20 18:43:47.941] - eth_accounts
[2018/12/20 18:43:52.962] - net_version
[2018/12/20 18:43:52.963] - eth_accounts
[2018/12/20 18:43:52.966] - eth_getBalance
[2018/12/20 18:43:52.968] - eth_getBalance
[2018/12/20 18:43:52.969] - eth_getBalance
[2018/12/20 18:43:52.970] - eth_getBalance
[2018/12/20 18:43:52.971] - eth_getBalance
[2018/12/20 18:43:52.977] - eth_getBalance
[2018/12/20 18:43:52.979] - eth_getBalance
[2018/12/20 18:43:52.986] - eth_getBalance
[2018/12/20 18:43:52.997] - eth_getBalance
[2018/12/20 18:43:52.999] - eth_getBalance
[2018/12/20 18:43:57.942] - eth_getBlockByNumber
[2018/12/20 18:43:57.944] - net_version
[2018/12/20 18:43:57.948] - eth_accounts
[2018/12/20 18:44:02.962] - net_version
[2018/12/20 18:44:02.964] - eth_accounts
[2018/12/20 18:44:02.966] - eth_getBalance
[2018/12/20 18:44:02.969] - eth_getBalance
[2018/12/20 18:44:02.976] - eth_getBalance
[2018/12/20 18:44:02.977] - eth_getBalance
[2018/12/20 18:44:02.991] - eth_getBalance
[2018/12/20 18:44:03.008] - eth_getBalance
[2018/12/20 18:44:03.009] - eth_getBalance
[2018/12/20 18:44:03.014] - eth_getBalance
[2018/12/20 18:44:03.016] - eth_getBalance
[2018/12/20 18:44:03.017] - eth_getBalance
[2018/12/20 18:44:07.940] - net_version
[2018/12/20 18:44:07.941] - eth_accounts
