[2018/12/19 20:50:29.991] - Starting server (version 1.2.2) with initial configuration: {"hostname":"127.0.0.1","port":7545,"network_id":5777,"default_balance_ether":100,"total_accounts":10,"unlocked_accounts":[],"locked":false,"vmErrorsOnRPCResponse":true,"verbose":false,"logDirectory":"C:\\KSportfolio\\public\\etherLog"}
[2018/12/19 20:50:30.175] - eth_accounts
[2018/12/19 20:50:30.178] - eth_gasPrice
[2018/12/19 20:50:30.178] - eth_getBlockByNumber
[2018/12/19 20:50:30.181] - eth_subscribe
[2018/12/19 20:50:30.202] - eth_getBalance
[2018/12/19 20:50:30.203] - eth_getTransactionCount
[2018/12/19 20:50:30.212] - eth_getBalance
[2018/12/19 20:50:30.220] - eth_getTransactionCount
[2018/12/19 20:50:30.254] - eth_getBalance
[2018/12/19 20:50:30.268] - eth_getTransactionCount
[2018/12/19 20:50:30.277] - eth_getBalance
[2018/12/19 20:50:30.286] - eth_getTransactionCount
[2018/12/19 20:50:30.287] - eth_getBalance
[2018/12/19 20:50:30.293] - eth_getTransactionCount
[2018/12/19 20:50:30.295] - eth_getBalance
[2018/12/19 20:50:30.298] - eth_getTransactionCount
[2018/12/19 20:50:30.301] - eth_getBalance
[2018/12/19 20:50:30.304] - eth_getTransactionCount
[2018/12/19 20:50:30.309] - eth_getBalance
[2018/12/19 20:50:30.312] - eth_getTransactionCount
[2018/12/19 20:50:30.314] - eth_getBalance
[2018/12/19 20:50:30.316] - eth_getTransactionCount
[2018/12/19 20:50:30.317] - eth_getBalance
[2018/12/19 20:50:30.320] - eth_getTransactionCount
[2018/12/19 20:50:51.334] - net_listening
[2018/12/19 20:50:51.343] - eth_getBlockByNumber
[2018/12/19 20:50:51.345] - net_version
[2018/12/19 20:50:51.350] - eth_accounts
[2018/12/19 20:50:51.352] - net_version
[2018/12/19 20:50:52.663] - net_version
[2018/12/19 20:50:52.665] - eth_accounts
[2018/12/19 20:50:52.682] - net_version
[2018/12/19 20:50:52.683] - eth_accounts
[2018/12/19 20:50:55.991] - net_version
[2018/12/19 20:50:56.002] - eth_accounts
[2018/12/19 20:50:56.004] - eth_estimateGas
[2018/12/19 20:50:56.046] - net_version
[2018/12/19 20:50:56.053] - eth_sendTransaction
[2018/12/19 20:50:56.105] - 
[2018/12/19 20:50:56.106] -   Transaction: 0x0dc34e370ab32df207946837295b27ad4c9b4dfd317a730b0007a3ceb3da46ee
[2018/12/19 20:50:56.106] -   Contract created: 0x8bf6aa0c3ea8357f03f9357ceee8c6ed591b543d
[2018/12/19 20:50:56.106] -   Gas usage: 1008486
[2018/12/19 20:50:56.107] -   Block Number: 1
[2018/12/19 20:50:56.107] -   Block Time: Wed Dec 19 2018 20:50:56 GMT+0900 (대한민국 표준시)
[2018/12/19 20:50:56.107] - 
[2018/12/19 20:50:56.108] - net_version
[2018/12/19 20:50:56.108] - eth_getTransactionReceipt
[2018/12/19 20:50:56.119] - eth_getBalance
[2018/12/19 20:50:56.120] - eth_getTransactionCount
[2018/12/19 20:50:56.123] - eth_getTransactionByHash
[2018/12/19 20:50:56.124] - eth_getBalance
[2018/12/19 20:50:56.127] - eth_getTransactionCount
[2018/12/19 20:50:56.153] - eth_getBalance
[2018/12/19 20:50:56.158] - eth_getTransactionByHash
[2018/12/19 20:50:56.163] - eth_getBalance
[2018/12/19 20:50:56.165] - eth_getBalance
[2018/12/19 20:50:56.166] - eth_getBalance
[2018/12/19 20:50:56.168] - eth_getTransactionCount
[2018/12/19 20:50:56.172] - eth_getBalance
[2018/12/19 20:50:56.174] - eth_getBalance
[2018/12/19 20:50:56.176] - eth_getBalance
[2018/12/19 20:50:56.182] - eth_getTransactionCount
[2018/12/19 20:50:56.184] - eth_getBalance
[2018/12/19 20:50:56.187] - eth_getTransactionCount
[2018/12/19 20:50:56.188] - eth_getBalance
[2018/12/19 20:50:56.189] - eth_getTransactionCount
[2018/12/19 20:50:56.190] - eth_getBalance
[2018/12/19 20:50:56.196] - eth_getTransactionCount
[2018/12/19 20:50:56.197] - eth_getBalance
[2018/12/19 20:50:56.198] - eth_getTransactionCount
[2018/12/19 20:50:56.198] - eth_getBalance
[2018/12/19 20:50:56.198] - eth_getTransactionCount
[2018/12/19 20:50:56.201] - eth_getBalance
[2018/12/19 20:50:56.202] - eth_getBalance
[2018/12/19 20:50:56.203] - eth_getTransactionCount
[2018/12/19 20:50:56.205] - eth_getBalance
[2018/12/19 20:50:56.206] - eth_getBalance
[2018/12/19 20:50:56.212] - eth_getBalance
[2018/12/19 20:50:56.223] - eth_getBalance
[2018/12/19 20:50:56.238] - eth_getTransactionReceipt
[2018/12/19 20:50:56.771] - eth_getBlockByNumber
[2018/12/19 20:50:56.822] - net_version
[2018/12/19 20:50:56.823] - eth_accounts
[2018/12/19 20:51:01.985] - net_version
[2018/12/19 20:51:01.987] - eth_accounts
[2018/12/19 20:51:01.988] - eth_getBalance
[2018/12/19 20:51:01.989] - eth_getBalance
[2018/12/19 20:51:01.994] - eth_getBalance
[2018/12/19 20:51:01.995] - eth_getBalance
[2018/12/19 20:51:01.998] - eth_getBalance
[2018/12/19 20:51:02.002] - eth_getBalance
[2018/12/19 20:51:02.004] - eth_getBalance
[2018/12/19 20:51:02.010] - eth_getBalance
[2018/12/19 20:51:02.014] - eth_getBalance
[2018/12/19 20:51:02.015] - eth_getBalance
[2018/12/19 20:51:06.948] - net_version
[2018/12/19 20:51:06.949] - eth_accounts
[2018/12/19 20:51:11.961] - eth_getBlockByNumber
[2018/12/19 20:51:11.962] - net_version
[2018/12/19 20:51:11.966] - eth_accounts
[2018/12/19 20:51:11.968] - eth_getBalance
[2018/12/19 20:51:11.969] - eth_getBalance
[2018/12/19 20:51:11.970] - eth_getBalance
[2018/12/19 20:51:11.971] - eth_getBalance
[2018/12/19 20:51:11.973] - eth_getBalance
[2018/12/19 20:51:11.974] - eth_getBalance
[2018/12/19 20:51:11.979] - eth_getBalance
[2018/12/19 20:51:11.981] - eth_getBalance
[2018/12/19 20:51:11.982] - eth_getBalance
[2018/12/19 20:51:11.987] - eth_getBalance
[2018/12/19 20:51:16.952] - net_version
[2018/12/19 20:51:16.955] - eth_accounts
[2018/12/19 20:51:21.990] - net_version
[2018/12/19 20:51:21.992] - eth_accounts
[2018/12/19 20:51:21.995] - eth_getBalance
[2018/12/19 20:51:21.996] - eth_getBalance
[2018/12/19 20:51:21.998] - eth_getBalance
[2018/12/19 20:51:22.001] - eth_getBalance
[2018/12/19 20:51:22.002] - eth_getBalance
[2018/12/19 20:51:22.005] - eth_getBalance
[2018/12/19 20:51:22.010] - eth_getBalance
[2018/12/19 20:51:22.011] - eth_getBalance
[2018/12/19 20:51:22.012] - eth_getBalance
[2018/12/19 20:51:22.021] - eth_getBalance
[2018/12/19 20:51:26.948] - eth_getBlockByNumber
[2018/12/19 20:51:26.949] - net_version
[2018/12/19 20:51:26.952] - eth_accounts
[2018/12/19 20:51:31.961] - net_version
[2018/12/19 20:51:31.963] - eth_accounts
[2018/12/19 20:51:31.964] - eth_getBalance
[2018/12/19 20:51:31.968] - eth_getBalance
[2018/12/19 20:51:31.973] - eth_getBalance
[2018/12/19 20:51:31.975] - eth_getBalance
[2018/12/19 20:51:31.977] - eth_getBalance
[2018/12/19 20:51:31.979] - eth_getBalance
[2018/12/19 20:51:31.980] - eth_getBalance
[2018/12/19 20:51:31.984] - eth_getBalance
[2018/12/19 20:51:31.989] - eth_getBalance
[2018/12/19 20:51:31.992] - eth_getBalance
[2018/12/19 20:51:36.948] - net_version
[2018/12/19 20:51:36.950] - eth_accounts
[2018/12/19 20:51:41.993] - eth_getBlockByNumber
[2018/12/19 20:51:41.994] - net_version
[2018/12/19 20:51:41.999] - eth_accounts
[2018/12/19 20:51:42.001] - eth_getBalance
[2018/12/19 20:51:42.003] - eth_getBalance
[2018/12/19 20:51:42.005] - eth_getBalance
[2018/12/19 20:51:42.007] - eth_getBalance
[2018/12/19 20:51:42.008] - eth_getBalance
[2018/12/19 20:51:42.011] - eth_getBalance
[2018/12/19 20:51:42.027] - eth_getBalance
[2018/12/19 20:51:42.029] - eth_getBalance
[2018/12/19 20:51:42.030] - eth_getBalance
[2018/12/19 20:51:42.034] - eth_getBalance
[2018/12/19 20:51:46.953] - net_version
[2018/12/19 20:51:46.959] - eth_accounts
[2018/12/19 20:51:51.983] - net_version
[2018/12/19 20:51:51.984] - eth_accounts
[2018/12/19 20:51:51.987] - eth_getBalance
[2018/12/19 20:51:51.988] - eth_getBalance
[2018/12/19 20:51:51.990] - eth_getBalance
[2018/12/19 20:51:51.992] - eth_getBalance
[2018/12/19 20:51:51.993] - eth_getBalance
[2018/12/19 20:51:51.998] - eth_getBalance
[2018/12/19 20:51:52.012] - eth_getBalance
[2018/12/19 20:51:52.013] - eth_getBalance
[2018/12/19 20:51:52.014] - eth_getBalance
[2018/12/19 20:51:52.019] - eth_getBalance
[2018/12/19 20:51:56.947] - eth_getBlockByNumber
[2018/12/19 20:51:56.950] - net_version
[2018/12/19 20:51:56.958] - eth_accounts
[2018/12/19 20:52:01.985] - net_version
[2018/12/19 20:52:01.988] - eth_accounts
[2018/12/19 20:52:01.989] - eth_getBalance
[2018/12/19 20:52:01.990] - eth_getBalance
[2018/12/19 20:52:01.991] - eth_getBalance
[2018/12/19 20:52:01.995] - eth_getBalance
[2018/12/19 20:52:01.998] - eth_getBalance
[2018/12/19 20:52:01.999] - eth_getBalance
[2018/12/19 20:52:02.000] - eth_getBalance
[2018/12/19 20:52:02.004] - eth_getBalance
[2018/12/19 20:52:02.005] - eth_getBalance
[2018/12/19 20:52:02.019] - eth_getBalance
[2018/12/19 20:52:06.949] - net_version
[2018/12/19 20:52:06.951] - eth_accounts
[2018/12/19 20:52:11.990] - eth_getBlockByNumber
[2018/12/19 20:52:11.993] - net_version
[2018/12/19 20:52:11.994] - eth_accounts
[2018/12/19 20:52:11.998] - eth_getBalance
[2018/12/19 20:52:12.000] - eth_getBalance
[2018/12/19 20:52:12.001] - eth_getBalance
[2018/12/19 20:52:12.003] - eth_getBalance
[2018/12/19 20:52:12.009] - eth_getBalance
[2018/12/19 20:52:12.010] - eth_getBalance
[2018/12/19 20:52:12.015] - eth_getBalance
[2018/12/19 20:52:12.016] - eth_getBalance
[2018/12/19 20:52:12.017] - eth_getBalance
[2018/12/19 20:52:12.022] - eth_getBalance
[2018/12/19 20:52:17.045] - net_version
[2018/12/19 20:52:17.046] - eth_accounts
[2018/12/19 20:52:22.089] - net_version
[2018/12/19 20:52:22.090] - eth_accounts
[2018/12/19 20:52:22.093] - eth_getBalance
[2018/12/19 20:52:22.099] - eth_getBalance
[2018/12/19 20:52:22.100] - eth_getBalance
[2018/12/19 20:52:22.103] - eth_getBalance
[2018/12/19 20:52:22.104] - eth_getBalance
[2018/12/19 20:52:22.106] - eth_getBalance
[2018/12/19 20:52:22.109] - eth_getBalance
[2018/12/19 20:52:22.110] - eth_getBalance
[2018/12/19 20:52:22.111] - eth_getBalance
[2018/12/19 20:52:22.116] - eth_getBalance
[2018/12/19 20:52:26.940] - eth_getBlockByNumber
[2018/12/19 20:52:26.941] - net_version
[2018/12/19 20:52:26.944] - eth_accounts
[2018/12/19 20:52:31.989] - net_version
[2018/12/19 20:52:31.991] - eth_accounts
[2018/12/19 20:52:31.994] - eth_getBalance
[2018/12/19 20:52:32.004] - eth_getBalance
[2018/12/19 20:52:32.008] - eth_getBalance
[2018/12/19 20:52:32.009] - eth_getBalance
[2018/12/19 20:52:32.010] - eth_getBalance
[2018/12/19 20:52:32.018] - eth_getBalance
[2018/12/19 20:52:32.019] - eth_getBalance
[2018/12/19 20:52:32.021] - eth_getBalance
[2018/12/19 20:52:32.022] - eth_getBalance
[2018/12/19 20:52:32.024] - eth_getBalance
[2018/12/19 20:52:36.941] - net_version
[2018/12/19 20:52:36.943] - eth_accounts
[2018/12/19 20:52:41.957] - eth_getBlockByNumber
[2018/12/19 20:52:41.963] - net_version
[2018/12/19 20:52:41.965] - eth_accounts
[2018/12/19 20:52:41.966] - eth_getBalance
[2018/12/19 20:52:41.967] - eth_getBalance
[2018/12/19 20:52:41.968] - eth_getBalance
[2018/12/19 20:52:41.973] - eth_getBalance
[2018/12/19 20:52:41.974] - eth_getBalance
[2018/12/19 20:52:41.997] - eth_getBalance
[2018/12/19 20:52:41.999] - eth_getBalance
[2018/12/19 20:52:42.002] - eth_getBalance
[2018/12/19 20:52:42.003] - eth_getBalance
[2018/12/19 20:52:42.005] - eth_getBalance
[2018/12/19 20:52:46.942] - net_version
[2018/12/19 20:52:46.944] - eth_accounts
[2018/12/19 20:52:51.976] - net_version
[2018/12/19 20:52:51.977] - eth_accounts
[2018/12/19 20:52:51.979] - eth_getBalance
[2018/12/19 20:52:51.980] - eth_getBalance
[2018/12/19 20:52:51.982] - eth_getBalance
[2018/12/19 20:52:51.988] - eth_getBalance
[2018/12/19 20:52:51.990] - eth_getBalance
[2018/12/19 20:52:51.992] - eth_getBalance
[2018/12/19 20:52:51.994] - eth_getBalance
[2018/12/19 20:52:51.995] - eth_getBalance
[2018/12/19 20:52:51.996] - eth_getBalance
[2018/12/19 20:52:52.001] - eth_getBalance
[2018/12/19 20:52:57.191] - eth_getBlockByNumber
[2018/12/19 20:52:57.192] - net_version
[2018/12/19 20:52:57.196] - eth_accounts
[2018/12/19 20:53:01.306] - eth_accounts
[2018/12/19 20:53:01.318] - eth_accounts
[2018/12/19 20:53:01.336] - eth_sendTransaction
[2018/12/19 20:53:01.449] - 
[2018/12/19 20:53:01.449] -   Transaction: 0xb2e39ddba960f1181325f6b7166a4abc6f10fae75cdee41e5d53a2aba416d54e
[2018/12/19 20:53:01.450] -   Gas usage: 191208
[2018/12/19 20:53:01.450] -   Block Number: 2
[2018/12/19 20:53:01.451] -   Block Time: Wed Dec 19 2018 20:53:01 GMT+0900 (대한민국 표준시)
[2018/12/19 20:53:01.451] - 
[2018/12/19 20:53:01.453] - eth_getBalance
[2018/12/19 20:53:01.456] - eth_getTransactionCount
[2018/12/19 20:53:01.457] - eth_getBalance
[2018/12/19 20:53:01.460] - eth_getTransactionCount
[2018/12/19 20:53:01.465] - eth_getBalance
[2018/12/19 20:53:01.466] - eth_getTransactionCount
[2018/12/19 20:53:01.470] - eth_getBalance
[2018/12/19 20:53:01.470] - eth_getTransactionCount
[2018/12/19 20:53:01.471] - eth_getBalance
[2018/12/19 20:53:01.473] - eth_getTransactionCount
[2018/12/19 20:53:01.475] - eth_getBalance
[2018/12/19 20:53:01.478] - eth_getTransactionCount
[2018/12/19 20:53:01.481] - eth_getBalance
[2018/12/19 20:53:01.483] - eth_getTransactionCount
[2018/12/19 20:53:01.485] - eth_getBalance
[2018/12/19 20:53:01.486] - eth_getTransactionCount
[2018/12/19 20:53:01.488] - eth_getBalance
[2018/12/19 20:53:01.489] - eth_getTransactionCount
[2018/12/19 20:53:01.493] - eth_getBalance
[2018/12/19 20:53:01.496] - eth_getTransactionCount
[2018/12/19 20:53:01.960] - net_version
[2018/12/19 20:53:02.004] - eth_accounts
[2018/12/19 20:53:02.009] - eth_getBalance
[2018/12/19 20:53:02.010] - eth_getBalance
[2018/12/19 20:53:02.011] - eth_getBalance
[2018/12/19 20:53:02.012] - eth_getBalance
[2018/12/19 20:53:02.013] - eth_getBalance
[2018/12/19 20:53:02.014] - eth_getBalance
[2018/12/19 20:53:02.019] - eth_getBalance
[2018/12/19 20:53:02.020] - eth_getBalance
[2018/12/19 20:53:02.023] - eth_getBalance
[2018/12/19 20:53:02.024] - eth_getBalance
[2018/12/19 20:53:06.948] - net_version
[2018/12/19 20:53:06.950] - eth_accounts
[2018/12/19 20:53:11.942] - eth_getBlockByNumber
[2018/12/19 20:53:11.944] - net_version
[2018/12/19 20:53:11.951] - eth_accounts
[2018/12/19 20:53:11.954] - eth_getBalance
[2018/12/19 20:53:11.956] - eth_getBalance
[2018/12/19 20:53:11.957] - eth_getBalance
[2018/12/19 20:53:11.959] - eth_getBalance
[2018/12/19 20:53:11.983] - eth_getBalance
[2018/12/19 20:53:11.988] - eth_getBalance
[2018/12/19 20:53:11.995] - eth_getBalance
[2018/12/19 20:53:11.997] - eth_getBalance
[2018/12/19 20:53:11.999] - eth_getBalance
[2018/12/19 20:53:12.002] - eth_getBalance
[2018/12/19 20:53:15.467] - eth_accounts
[2018/12/19 20:53:15.473] - eth_accounts
[2018/12/19 20:53:15.481] - eth_sendTransaction
[2018/12/19 20:53:15.586] - 
[2018/12/19 20:53:15.587] -   Transaction: 0x5f6594e49b9037e314060edf8c61e6554b7ba85fd0f11a159ba41e3571f54e72
[2018/12/19 20:53:15.588] -   Gas usage: 131208
[2018/12/19 20:53:15.588] -   Block Number: 3
[2018/12/19 20:53:15.588] -   Block Time: Wed Dec 19 2018 20:53:15 GMT+0900 (대한민국 표준시)
[2018/12/19 20:53:15.588] - 
[2018/12/19 20:53:15.591] - eth_getBalance
[2018/12/19 20:53:15.594] - eth_getTransactionCount
[2018/12/19 20:53:15.596] - eth_getBalance
[2018/12/19 20:53:15.598] - eth_getTransactionCount
[2018/12/19 20:53:15.601] - eth_getBalance
[2018/12/19 20:53:15.602] - eth_getTransactionCount
[2018/12/19 20:53:15.603] - eth_getBalance
[2018/12/19 20:53:15.604] - eth_getTransactionCount
[2018/12/19 20:53:15.606] - eth_getBalance
[2018/12/19 20:53:15.607] - eth_getTransactionCount
[2018/12/19 20:53:15.607] - eth_getBalance
[2018/12/19 20:53:15.609] - eth_getTransactionCount
[2018/12/19 20:53:15.611] - eth_getBalance
[2018/12/19 20:53:15.612] - eth_getTransactionCount
[2018/12/19 20:53:15.614] - eth_getBalance
[2018/12/19 20:53:15.617] - eth_getTransactionCount
[2018/12/19 20:53:15.618] - eth_getBalance
[2018/12/19 20:53:15.621] - eth_getTransactionCount
[2018/12/19 20:53:15.622] - eth_getBalance
[2018/12/19 20:53:15.623] - eth_getTransactionCount
[2018/12/19 20:53:16.941] - net_version
[2018/12/19 20:53:16.943] - eth_accounts
[2018/12/19 20:53:20.988] - eth_accounts
[2018/12/19 20:53:21.000] - eth_call
[2018/12/19 20:53:21.021] - eth_accounts
[2018/12/19 20:53:21.028] - eth_call
[2018/12/19 20:53:21.062] - eth_accounts
[2018/12/19 20:53:21.071] - eth_call
[2018/12/19 20:53:21.100] - eth_accounts
[2018/12/19 20:53:21.109] - eth_call
[2018/12/19 20:53:21.133] - eth_accounts
[2018/12/19 20:53:21.140] - eth_call
[2018/12/19 20:53:21.161] - eth_accounts
[2018/12/19 20:53:21.168] - eth_call
[2018/12/19 20:53:21.192] - eth_accounts
[2018/12/19 20:53:21.199] - eth_call
[2018/12/19 20:53:21.981] - net_version
[2018/12/19 20:53:21.982] - eth_accounts
[2018/12/19 20:53:21.985] - eth_getBalance
[2018/12/19 20:53:21.987] - eth_getBalance
[2018/12/19 20:53:21.988] - eth_getBalance
[2018/12/19 20:53:21.991] - eth_getBalance
[2018/12/19 20:53:21.995] - eth_getBalance
[2018/12/19 20:53:21.998] - eth_getBalance
[2018/12/19 20:53:22.002] - eth_getBalance
[2018/12/19 20:53:22.005] - eth_getBalance
[2018/12/19 20:53:22.016] - eth_getBalance
[2018/12/19 20:53:22.017] - eth_getBalance
[2018/12/19 20:53:26.943] - eth_getBlockByNumber
[2018/12/19 20:53:26.944] - net_version
[2018/12/19 20:53:26.952] - eth_accounts
[2018/12/19 20:53:31.954] - net_version
[2018/12/19 20:53:31.955] - eth_accounts
[2018/12/19 20:53:31.956] - eth_getBalance
[2018/12/19 20:53:31.958] - eth_getBalance
[2018/12/19 20:53:31.963] - eth_getBalance
[2018/12/19 20:53:31.964] - eth_getBalance
[2018/12/19 20:53:31.967] - eth_getBalance
[2018/12/19 20:53:31.971] - eth_getBalance
[2018/12/19 20:53:31.972] - eth_getBalance
[2018/12/19 20:53:31.973] - eth_getBalance
[2018/12/19 20:53:31.975] - eth_getBalance
[2018/12/19 20:53:31.976] - eth_getBalance
[2018/12/19 20:53:36.943] - net_version
[2018/12/19 20:53:36.945] - eth_accounts
[2018/12/19 20:53:41.961] - eth_getBlockByNumber
[2018/12/19 20:53:41.963] - net_version
[2018/12/19 20:53:41.968] - eth_accounts
[2018/12/19 20:53:41.970] - eth_getBalance
[2018/12/19 20:53:41.972] - eth_getBalance
[2018/12/19 20:53:41.973] - eth_getBalance
[2018/12/19 20:53:41.975] - eth_getBalance
[2018/12/19 20:53:41.976] - eth_getBalance
[2018/12/19 20:53:41.979] - eth_getBalance
[2018/12/19 20:53:41.980] - eth_getBalance
[2018/12/19 20:53:41.986] - eth_getBalance
[2018/12/19 20:53:41.988] - eth_getBalance
[2018/12/19 20:53:41.994] - eth_getBalance
[2018/12/19 20:53:46.945] - net_version
[2018/12/19 20:53:46.947] - eth_accounts
[2018/12/19 20:53:51.979] - net_version
[2018/12/19 20:53:51.982] - eth_accounts
[2018/12/19 20:53:51.983] - eth_getBalance
[2018/12/19 20:53:51.986] - eth_getBalance
[2018/12/19 20:53:51.988] - eth_getBalance
[2018/12/19 20:53:51.990] - eth_getBalance
[2018/12/19 20:53:51.990] - eth_getBalance
[2018/12/19 20:53:51.994] - eth_getBalance
[2018/12/19 20:53:51.996] - eth_getBalance
[2018/12/19 20:53:52.003] - eth_getBalance
[2018/12/19 20:53:52.010] - eth_getBalance
[2018/12/19 20:53:52.012] - eth_getBalance
[2018/12/19 20:53:56.946] - eth_getBlockByNumber
[2018/12/19 20:53:56.949] - net_version
[2018/12/19 20:53:56.956] - eth_accounts
[2018/12/19 20:54:01.978] - net_version
[2018/12/19 20:54:01.987] - eth_accounts
[2018/12/19 20:54:01.989] - eth_getBalance
[2018/12/19 20:54:01.991] - eth_getBalance
[2018/12/19 20:54:01.994] - eth_getBalance
[2018/12/19 20:54:01.995] - eth_getBalance
[2018/12/19 20:54:01.998] - eth_getBalance
[2018/12/19 20:54:01.999] - eth_getBalance
[2018/12/19 20:54:02.003] - eth_getBalance
[2018/12/19 20:54:02.004] - eth_getBalance
[2018/12/19 20:54:02.007] - eth_getBalance
[2018/12/19 20:54:02.009] - eth_getBalance
[2018/12/19 20:54:06.944] - net_version
[2018/12/19 20:54:06.951] - eth_accounts
[2018/12/19 20:54:11.993] - eth_getBlockByNumber
[2018/12/19 20:54:11.997] - eth_getBalance
[2018/12/19 20:54:11.998] - net_version
[2018/12/19 20:54:12.000] - eth_accounts
[2018/12/19 20:54:12.001] - eth_getBalance
[2018/12/19 20:54:12.002] - eth_getBalance
[2018/12/19 20:54:12.005] - eth_getBalance
[2018/12/19 20:54:12.007] - eth_getBalance
[2018/12/19 20:54:12.010] - eth_getBalance
[2018/12/19 20:54:12.011] - eth_getBalance
[2018/12/19 20:54:12.016] - eth_getBalance
[2018/12/19 20:54:12.023] - eth_getBalance
[2018/12/19 20:54:12.024] - eth_getBalance
[2018/12/19 20:54:16.944] - net_version
[2018/12/19 20:54:16.947] - eth_accounts
[2018/12/19 20:54:21.955] - net_version
[2018/12/19 20:54:21.956] - eth_accounts
[2018/12/19 20:54:21.958] - eth_getBalance
[2018/12/19 20:54:21.959] - eth_getBalance
[2018/12/19 20:54:21.960] - eth_getBalance
[2018/12/19 20:54:21.961] - eth_getBalance
[2018/12/19 20:54:21.963] - eth_getBalance
[2018/12/19 20:54:21.968] - eth_getBalance
[2018/12/19 20:54:21.969] - eth_getBalance
[2018/12/19 20:54:21.971] - eth_getBalance
[2018/12/19 20:54:21.976] - eth_getBalance
[2018/12/19 20:54:21.977] - eth_getBalance
[2018/12/19 20:54:26.943] - eth_getBlockByNumber
[2018/12/19 20:54:26.946] - net_version
[2018/12/19 20:54:26.951] - eth_accounts
[2018/12/19 20:54:31.988] - net_version
[2018/12/19 20:54:31.989] - eth_accounts
[2018/12/19 20:54:31.990] - eth_getBalance
[2018/12/19 20:54:31.991] - eth_getBalance
[2018/12/19 20:54:31.993] - eth_getBalance
[2018/12/19 20:54:31.994] - eth_getBalance
[2018/12/19 20:54:31.995] - eth_getBalance
[2018/12/19 20:54:31.997] - eth_getBalance
[2018/12/19 20:54:32.002] - eth_getBalance
[2018/12/19 20:54:32.014] - eth_getBalance
[2018/12/19 20:54:32.018] - eth_getBalance
[2018/12/19 20:54:32.018] - eth_getBalance
[2018/12/19 20:54:36.944] - net_version
[2018/12/19 20:54:36.947] - eth_accounts
[2018/12/19 20:54:41.985] - eth_getBlockByNumber
[2018/12/19 20:54:41.987] - net_version
[2018/12/19 20:54:41.991] - eth_accounts
[2018/12/19 20:54:41.993] - eth_getBalance
[2018/12/19 20:54:41.994] - eth_getBalance
[2018/12/19 20:54:41.996] - eth_getBalance
[2018/12/19 20:54:42.001] - eth_getBalance
[2018/12/19 20:54:42.006] - eth_getBalance
[2018/12/19 20:54:42.009] - eth_getBalance
[2018/12/19 20:54:42.010] - eth_getBalance
[2018/12/19 20:54:42.011] - eth_getBalance
[2018/12/19 20:54:42.012] - eth_getBalance
[2018/12/19 20:54:42.016] - eth_getBalance
[2018/12/19 20:54:46.951] - net_version
[2018/12/19 20:54:46.954] - eth_accounts
[2018/12/19 20:54:51.984] - net_version
[2018/12/19 20:54:51.992] - eth_accounts
[2018/12/19 20:54:51.994] - eth_getBalance
[2018/12/19 20:54:51.997] - eth_getBalance
[2018/12/19 20:54:51.999] - eth_getBalance
[2018/12/19 20:54:52.000] - eth_getBalance
[2018/12/19 20:54:52.002] - eth_getBalance
[2018/12/19 20:54:52.004] - eth_getBalance
[2018/12/19 20:54:52.005] - eth_getBalance
[2018/12/19 20:54:52.009] - eth_getBalance
[2018/12/19 20:54:52.010] - eth_getBalance
[2018/12/19 20:54:52.023] - eth_getBalance
[2018/12/19 20:54:56.946] - eth_getBlockByNumber
[2018/12/19 20:54:56.949] - net_version
[2018/12/19 20:54:56.954] - eth_accounts
[2018/12/19 20:55:01.980] - net_version
[2018/12/19 20:55:01.982] - eth_accounts
[2018/12/19 20:55:01.985] - eth_getBalance
[2018/12/19 20:55:01.986] - eth_getBalance
[2018/12/19 20:55:01.988] - eth_getBalance
[2018/12/19 20:55:01.989] - eth_getBalance
[2018/12/19 20:55:01.993] - eth_getBalance
[2018/12/19 20:55:01.994] - eth_getBalance
[2018/12/19 20:55:01.996] - eth_getBalance
[2018/12/19 20:55:02.018] - eth_getBalance
[2018/12/19 20:55:02.021] - eth_getBalance
[2018/12/19 20:55:02.022] - eth_getBalance
[2018/12/19 20:55:06.945] - net_version
[2018/12/19 20:55:06.948] - eth_accounts
[2018/12/19 20:55:12.007] - eth_getBlockByNumber
[2018/12/19 20:55:12.011] - net_version
[2018/12/19 20:55:12.013] - eth_accounts
[2018/12/19 20:55:12.015] - eth_getBalance
[2018/12/19 20:55:12.016] - eth_getBalance
[2018/12/19 20:55:12.017] - eth_getBalance
[2018/12/19 20:55:12.020] - eth_getBalance
[2018/12/19 20:55:12.021] - eth_getBalance
[2018/12/19 20:55:12.022] - eth_getBalance
[2018/12/19 20:55:12.024] - eth_getBalance
[2018/12/19 20:55:12.025] - eth_getBalance
[2018/12/19 20:55:12.030] - eth_getBalance
[2018/12/19 20:55:12.031] - eth_getBalance
[2018/12/19 20:55:16.945] - net_version
[2018/12/19 20:55:16.949] - eth_accounts
[2018/12/19 20:55:21.983] - net_version
[2018/12/19 20:55:21.984] - eth_accounts
[2018/12/19 20:55:21.997] - eth_getBalance
[2018/12/19 20:55:21.999] - eth_getBalance
[2018/12/19 20:55:22.002] - eth_getBalance
[2018/12/19 20:55:22.004] - eth_getBalance
[2018/12/19 20:55:22.005] - eth_getBalance
[2018/12/19 20:55:22.005] - eth_getBalance
[2018/12/19 20:55:22.009] - eth_getBalance
[2018/12/19 20:55:22.010] - eth_getBalance
[2018/12/19 20:55:22.014] - eth_getBalance
[2018/12/19 20:55:22.015] - eth_getBalance
[2018/12/19 20:55:26.945] - eth_getBlockByNumber
[2018/12/19 20:55:26.948] - net_version
[2018/12/19 20:55:26.954] - eth_accounts
[2018/12/19 20:55:31.954] - net_version
[2018/12/19 20:55:31.955] - eth_accounts
[2018/12/19 20:55:31.956] - eth_getBalance
[2018/12/19 20:55:31.963] - eth_getBalance
[2018/12/19 20:55:31.964] - eth_getBalance
[2018/12/19 20:55:31.966] - eth_getBalance
[2018/12/19 20:55:31.968] - eth_getBalance
[2018/12/19 20:55:31.970] - eth_getBalance
[2018/12/19 20:55:31.974] - eth_getBalance
[2018/12/19 20:55:31.975] - eth_getBalance
[2018/12/19 20:55:31.976] - eth_getBalance
[2018/12/19 20:55:31.977] - eth_getBalance
[2018/12/19 20:55:36.944] - net_version
[2018/12/19 20:55:36.947] - eth_accounts
[2018/12/19 20:55:42.008] - eth_getBlockByNumber
[2018/12/19 20:55:42.009] - net_version
[2018/12/19 20:55:42.011] - eth_accounts
[2018/12/19 20:55:42.026] - eth_getBalance
[2018/12/19 20:55:42.028] - eth_getBalance
[2018/12/19 20:55:42.030] - eth_getBalance
[2018/12/19 20:55:42.031] - eth_getBalance
[2018/12/19 20:55:42.033] - eth_getBalance
[2018/12/19 20:55:42.035] - eth_getBalance
[2018/12/19 20:55:42.042] - eth_getBalance
[2018/12/19 20:55:42.046] - eth_getBalance
[2018/12/19 20:55:42.047] - eth_getBalance
[2018/12/19 20:55:42.048] - eth_getBalance
[2018/12/19 20:55:46.942] - net_version
[2018/12/19 20:55:46.943] - eth_accounts
[2018/12/19 20:55:51.978] - net_version
[2018/12/19 20:55:51.980] - eth_accounts
[2018/12/19 20:55:51.984] - eth_getBalance
[2018/12/19 20:55:51.986] - eth_getBalance
[2018/12/19 20:55:51.991] - eth_getBalance
[2018/12/19 20:55:51.994] - eth_getBalance
[2018/12/19 20:55:51.995] - eth_getBalance
[2018/12/19 20:55:51.997] - eth_getBalance
[2018/12/19 20:55:51.999] - eth_getBalance
[2018/12/19 20:55:52.002] - eth_getBalance
[2018/12/19 20:55:52.003] - eth_getBalance
[2018/12/19 20:55:52.005] - eth_getBalance
[2018/12/19 20:55:56.944] - eth_getBlockByNumber
[2018/12/19 20:55:56.946] - net_version
[2018/12/19 20:55:56.951] - eth_accounts
[2018/12/19 20:56:01.975] - net_version
[2018/12/19 20:56:01.979] - eth_accounts
[2018/12/19 20:56:01.988] - eth_getBalance
[2018/12/19 20:56:01.990] - eth_getBalance
[2018/12/19 20:56:01.992] - eth_getBalance
[2018/12/19 20:56:01.996] - eth_getBalance
[2018/12/19 20:56:01.997] - eth_getBalance
[2018/12/19 20:56:02.000] - eth_getBalance
[2018/12/19 20:56:02.001] - eth_getBalance
[2018/12/19 20:56:02.002] - eth_getBalance
[2018/12/19 20:56:02.003] - eth_getBalance
[2018/12/19 20:56:02.019] - eth_getBalance
[2018/12/19 20:56:06.946] - net_version
[2018/12/19 20:56:06.949] - eth_accounts
[2018/12/19 20:56:11.996] - eth_getBlockByNumber
[2018/12/19 20:56:12.000] - net_version
[2018/12/19 20:56:12.001] - eth_accounts
[2018/12/19 20:56:12.003] - eth_getBalance
[2018/12/19 20:56:12.004] - eth_getBalance
[2018/12/19 20:56:12.005] - eth_getBalance
[2018/12/19 20:56:12.008] - eth_getBalance
[2018/12/19 20:56:12.011] - eth_getBalance
[2018/12/19 20:56:12.012] - eth_getBalance
[2018/12/19 20:56:12.021] - eth_getBalance
[2018/12/19 20:56:12.024] - eth_getBalance
[2018/12/19 20:56:12.025] - eth_getBalance
[2018/12/19 20:56:12.026] - eth_getBalance
[2018/12/19 20:56:16.940] - net_version
[2018/12/19 20:56:16.943] - eth_accounts
[2018/12/19 20:56:21.989] - net_version
[2018/12/19 20:56:21.990] - eth_accounts
[2018/12/19 20:56:21.992] - eth_getBalance
[2018/12/19 20:56:21.994] - eth_getBalance
[2018/12/19 20:56:21.996] - eth_getBalance
[2018/12/19 20:56:22.001] - eth_getBalance
[2018/12/19 20:56:22.004] - eth_getBalance
[2018/12/19 20:56:22.006] - eth_getBalance
[2018/12/19 20:56:22.007] - eth_getBalance
[2018/12/19 20:56:22.008] - eth_getBalance
[2018/12/19 20:56:22.012] - eth_getBalance
[2018/12/19 20:56:22.014] - eth_getBalance
[2018/12/19 20:56:26.943] - eth_getBlockByNumber
[2018/12/19 20:56:26.945] - net_version
[2018/12/19 20:56:26.956] - eth_accounts
[2018/12/19 20:56:31.965] - net_version
[2018/12/19 20:56:31.968] - eth_accounts
[2018/12/19 20:56:31.970] - eth_getBalance
[2018/12/19 20:56:31.971] - eth_getBalance
[2018/12/19 20:56:31.976] - eth_getBalance
[2018/12/19 20:56:31.977] - eth_getBalance
[2018/12/19 20:56:31.980] - eth_getBalance
[2018/12/19 20:56:31.981] - eth_getBalance
[2018/12/19 20:56:31.983] - eth_getBalance
[2018/12/19 20:56:31.985] - eth_getBalance
[2018/12/19 20:56:31.991] - eth_getBalance
[2018/12/19 20:56:32.014] - eth_getBalance
[2018/12/19 20:56:36.942] - net_version
[2018/12/19 20:56:36.945] - eth_accounts
[2018/12/19 20:56:41.959] - eth_getBlockByNumber
[2018/12/19 20:56:41.960] - net_version
[2018/12/19 20:56:41.961] - eth_accounts
[2018/12/19 20:56:41.964] - eth_getBalance
[2018/12/19 20:56:41.965] - eth_getBalance
[2018/12/19 20:56:42.003] - eth_getBalance
[2018/12/19 20:56:42.006] - eth_getBalance
[2018/12/19 20:56:42.008] - eth_getBalance
[2018/12/19 20:56:42.009] - eth_getBalance
[2018/12/19 20:56:42.010] - eth_getBalance
[2018/12/19 20:56:42.010] - eth_getBalance
[2018/12/19 20:56:42.015] - eth_getBalance
[2018/12/19 20:56:42.016] - eth_getBalance
[2018/12/19 20:56:46.944] - net_version
[2018/12/19 20:56:46.947] - eth_accounts
[2018/12/19 20:56:51.962] - net_version
[2018/12/19 20:56:51.964] - eth_getBalance
[2018/12/19 20:56:51.965] - eth_getBalance
[2018/12/19 20:56:51.966] - eth_accounts
[2018/12/19 20:56:51.968] - eth_getBalance
[2018/12/19 20:56:51.995] - eth_getBalance
[2018/12/19 20:56:51.996] - eth_getBalance
[2018/12/19 20:56:51.999] - eth_getBalance
[2018/12/19 20:56:52.002] - eth_getBalance
[2018/12/19 20:56:52.003] - eth_getBalance
[2018/12/19 20:56:52.003] - eth_getBalance
[2018/12/19 20:56:52.006] - eth_getBalance
[2018/12/19 20:56:56.944] - eth_getBlockByNumber
[2018/12/19 20:56:56.948] - net_version
[2018/12/19 20:56:56.955] - eth_accounts
[2018/12/19 20:57:01.960] - net_version
[2018/12/19 20:57:01.963] - eth_accounts
[2018/12/19 20:57:01.965] - eth_getBalance
[2018/12/19 20:57:01.968] - eth_getBalance
[2018/12/19 20:57:01.971] - eth_getBalance
[2018/12/19 20:57:01.972] - eth_getBalance
[2018/12/19 20:57:01.973] - eth_getBalance
[2018/12/19 20:57:01.974] - eth_getBalance
[2018/12/19 20:57:01.977] - eth_getBalance
[2018/12/19 20:57:01.981] - eth_getBalance
[2018/12/19 20:57:01.982] - eth_getBalance
[2018/12/19 20:57:01.987] - eth_getBalance
[2018/12/19 20:57:06.947] - net_version
[2018/12/19 20:57:06.950] - eth_accounts
[2018/12/19 20:57:11.964] - eth_getBlockByNumber
[2018/12/19 20:57:11.965] - net_version
[2018/12/19 20:57:11.974] - eth_accounts
[2018/12/19 20:57:11.981] - eth_getBalance
[2018/12/19 20:57:11.982] - eth_getBalance
[2018/12/19 20:57:11.985] - eth_getBalance
[2018/12/19 20:57:11.986] - eth_getBalance
[2018/12/19 20:57:11.990] - eth_getBalance
[2018/12/19 20:57:11.991] - eth_getBalance
[2018/12/19 20:57:11.993] - eth_getBalance
[2018/12/19 20:57:11.996] - eth_getBalance
[2018/12/19 20:57:11.998] - eth_getBalance
[2018/12/19 20:57:12.009] - eth_getBalance
[2018/12/19 20:57:16.948] - net_version
[2018/12/19 20:57:16.950] - eth_accounts
[2018/12/19 20:57:21.980] - net_version
[2018/12/19 20:57:21.981] - eth_accounts
[2018/12/19 20:57:21.983] - eth_getBalance
[2018/12/19 20:57:21.985] - eth_getBalance
[2018/12/19 20:57:21.988] - eth_getBalance
[2018/12/19 20:57:21.991] - eth_getBalance
[2018/12/19 20:57:21.992] - eth_getBalance
[2018/12/19 20:57:21.997] - eth_getBalance
[2018/12/19 20:57:22.000] - eth_getBalance
[2018/12/19 20:57:22.001] - eth_getBalance
[2018/12/19 20:57:22.002] - eth_getBalance
[2018/12/19 20:57:22.003] - eth_getBalance
[2018/12/19 20:57:26.949] - eth_getBlockByNumber
[2018/12/19 20:57:26.951] - net_version
[2018/12/19 20:57:26.959] - eth_accounts
[2018/12/19 20:57:31.990] - net_version
[2018/12/19 20:57:31.992] - eth_accounts
[2018/12/19 20:57:31.994] - eth_getBalance
[2018/12/19 20:57:31.996] - eth_getBalance
[2018/12/19 20:57:31.999] - eth_getBalance
[2018/12/19 20:57:32.005] - eth_getBalance
[2018/12/19 20:57:32.007] - eth_getBalance
[2018/12/19 20:57:32.012] - eth_getBalance
[2018/12/19 20:57:32.014] - eth_getBalance
[2018/12/19 20:57:32.015] - eth_getBalance
[2018/12/19 20:57:32.018] - eth_getBalance
[2018/12/19 20:57:32.019] - eth_getBalance
[2018/12/19 20:57:36.958] - net_version
[2018/12/19 20:57:36.961] - eth_accounts
[2018/12/19 20:57:41.986] - eth_getBlockByNumber
[2018/12/19 20:57:41.989] - net_version
[2018/12/19 20:57:41.991] - eth_accounts
[2018/12/19 20:57:41.993] - eth_getBalance
[2018/12/19 20:57:41.995] - eth_getBalance
[2018/12/19 20:57:41.996] - eth_getBalance
[2018/12/19 20:57:41.998] - eth_getBalance
[2018/12/19 20:57:42.000] - eth_getBalance
[2018/12/19 20:57:42.001] - eth_getBalance
[2018/12/19 20:57:42.007] - eth_getBalance
[2018/12/19 20:57:42.011] - eth_getBalance
[2018/12/19 20:57:42.027] - eth_getBalance
[2018/12/19 20:57:42.028] - eth_getBalance
[2018/12/19 20:57:46.945] - net_version
[2018/12/19 20:57:46.948] - eth_accounts
[2018/12/19 20:57:52.023] - net_version
[2018/12/19 20:57:52.035] - eth_accounts
[2018/12/19 20:57:52.040] - eth_getBalance
[2018/12/19 20:57:52.047] - eth_getBalance
[2018/12/19 20:57:52.048] - eth_getBalance
[2018/12/19 20:57:52.055] - eth_getBalance
[2018/12/19 20:57:52.064] - eth_getBalance
[2018/12/19 20:57:52.071] - eth_getBalance
[2018/12/19 20:57:52.083] - eth_getBalance
[2018/12/19 20:57:52.119] - eth_getBalance
[2018/12/19 20:57:52.130] - eth_getBalance
[2018/12/19 20:57:52.138] - eth_getBalance
[2018/12/19 20:57:56.941] - eth_getBlockByNumber
[2018/12/19 20:57:56.942] - net_version
[2018/12/19 20:57:56.945] - eth_accounts
[2018/12/19 20:58:01.978] - net_version
[2018/12/19 20:58:01.979] - eth_accounts
[2018/12/19 20:58:01.985] - eth_getBalance
[2018/12/19 20:58:01.989] - eth_getBalance
[2018/12/19 20:58:01.993] - eth_getBalance
[2018/12/19 20:58:01.998] - eth_getBalance
[2018/12/19 20:58:02.003] - eth_getBalance
[2018/12/19 20:58:02.008] - eth_getBalance
[2018/12/19 20:58:02.012] - eth_getBalance
[2018/12/19 20:58:02.018] - eth_getBalance
[2018/12/19 20:58:02.019] - eth_getBalance
[2018/12/19 20:58:02.025] - eth_getBalance
[2018/12/19 20:58:06.940] - net_version
[2018/12/19 20:58:06.941] - eth_accounts
[2018/12/19 20:58:11.961] - eth_getBlockByNumber
[2018/12/19 20:58:11.962] - net_version
[2018/12/19 20:58:11.965] - eth_accounts
[2018/12/19 20:58:11.966] - eth_getBalance
[2018/12/19 20:58:11.968] - eth_getBalance
[2018/12/19 20:58:11.969] - eth_getBalance
[2018/12/19 20:58:11.972] - eth_getBalance
[2018/12/19 20:58:11.974] - eth_getBalance
[2018/12/19 20:58:11.976] - eth_getBalance
[2018/12/19 20:58:11.977] - eth_getBalance
[2018/12/19 20:58:11.979] - eth_getBalance
[2018/12/19 20:58:11.996] - eth_getBalance
[2018/12/19 20:58:11.997] - eth_getBalance
[2018/12/19 20:58:16.941] - net_version
[2018/12/19 20:58:16.942] - eth_accounts
[2018/12/19 20:58:21.962] - net_version
[2018/12/19 20:58:21.964] - eth_accounts
[2018/12/19 20:58:21.965] - eth_getBalance
[2018/12/19 20:58:21.967] - eth_getBalance
[2018/12/19 20:58:21.968] - eth_getBalance
[2018/12/19 20:58:21.970] - eth_getBalance
[2018/12/19 20:58:21.980] - eth_getBalance
[2018/12/19 20:58:21.982] - eth_getBalance
[2018/12/19 20:58:21.990] - eth_getBalance
[2018/12/19 20:58:21.993] - eth_getBalance
[2018/12/19 20:58:21.994] - eth_getBalance
[2018/12/19 20:58:21.997] - eth_getBalance
[2018/12/19 20:58:26.952] - eth_getBlockByNumber
[2018/12/19 20:58:26.953] - net_version
[2018/12/19 20:58:26.955] - eth_accounts
[2018/12/19 20:58:31.957] - net_version
[2018/12/19 20:58:31.962] - eth_accounts
[2018/12/19 20:58:31.968] - eth_getBalance
[2018/12/19 20:58:31.969] - eth_getBalance
[2018/12/19 20:58:31.973] - eth_getBalance
[2018/12/19 20:58:31.974] - eth_getBalance
[2018/12/19 20:58:31.976] - eth_getBalance
[2018/12/19 20:58:31.978] - eth_getBalance
[2018/12/19 20:58:31.980] - eth_getBalance
[2018/12/19 20:58:31.981] - eth_getBalance
[2018/12/19 20:58:31.988] - eth_getBalance
[2018/12/19 20:58:31.990] - eth_getBalance
[2018/12/19 20:58:36.941] - net_version
[2018/12/19 20:58:37.144] - eth_accounts
[2018/12/19 20:58:41.994] - eth_getBlockByNumber
[2018/12/19 20:58:41.996] - net_version
[2018/12/19 20:58:42.000] - eth_accounts
[2018/12/19 20:58:42.022] - eth_getBalance
[2018/12/19 20:58:42.023] - eth_getBalance
[2018/12/19 20:58:42.024] - eth_getBalance
[2018/12/19 20:58:42.027] - eth_getBalance
[2018/12/19 20:58:42.028] - eth_getBalance
[2018/12/19 20:58:42.041] - eth_getBalance
[2018/12/19 20:58:42.059] - eth_getBalance
[2018/12/19 20:58:42.060] - eth_getBalance
[2018/12/19 20:58:42.063] - eth_getBalance
[2018/12/19 20:58:42.065] - eth_getBalance
[2018/12/19 20:58:46.942] - net_version
[2018/12/19 20:58:46.943] - eth_accounts
[2018/12/19 20:58:51.954] - net_version
[2018/12/19 20:58:51.955] - eth_accounts
[2018/12/19 20:58:51.956] - eth_getBalance
[2018/12/19 20:58:51.959] - eth_getBalance
[2018/12/19 20:58:51.962] - eth_getBalance
[2018/12/19 20:58:51.969] - eth_getBalance
[2018/12/19 20:58:51.973] - eth_getBalance
[2018/12/19 20:58:51.974] - eth_getBalance
[2018/12/19 20:58:51.975] - eth_getBalance
[2018/12/19 20:58:51.976] - eth_getBalance
[2018/12/19 20:58:51.980] - eth_getBalance
[2018/12/19 20:58:51.981] - eth_getBalance
[2018/12/19 20:58:56.940] - eth_getBlockByNumber
[2018/12/19 20:58:56.942] - net_version
[2018/12/19 20:58:56.950] - eth_accounts
[2018/12/19 20:59:01.972] - net_version
[2018/12/19 20:59:01.975] - eth_accounts
[2018/12/19 20:59:01.976] - eth_getBalance
[2018/12/19 20:59:01.978] - eth_getBalance
[2018/12/19 20:59:01.980] - eth_getBalance
[2018/12/19 20:59:01.981] - eth_getBalance
[2018/12/19 20:59:01.983] - eth_getBalance
[2018/12/19 20:59:01.987] - eth_getBalance
[2018/12/19 20:59:01.988] - eth_getBalance
[2018/12/19 20:59:01.992] - eth_getBalance
[2018/12/19 20:59:01.994] - eth_getBalance
[2018/12/19 20:59:02.000] - eth_getBalance
[2018/12/19 20:59:06.940] - net_version
[2018/12/19 20:59:07.059] - eth_accounts
[2018/12/19 20:59:11.956] - eth_getBlockByNumber
[2018/12/19 20:59:11.994] - net_version
[2018/12/19 20:59:12.011] - eth_accounts
[2018/12/19 20:59:12.013] - eth_getBalance
[2018/12/19 20:59:12.014] - eth_getBalance
[2018/12/19 20:59:12.015] - eth_getBalance
[2018/12/19 20:59:12.016] - eth_getBalance
[2018/12/19 20:59:12.019] - eth_getBalance
[2018/12/19 20:59:12.020] - eth_getBalance
[2018/12/19 20:59:12.024] - eth_getBalance
[2018/12/19 20:59:12.170] - eth_getBalance
[2018/12/19 20:59:12.174] - eth_getBalance
[2018/12/19 20:59:12.178] - eth_getBalance
[2018/12/19 20:59:16.942] - net_version
[2018/12/19 20:59:16.944] - eth_accounts
[2018/12/19 20:59:21.961] - net_version
[2018/12/19 20:59:22.054] - eth_accounts
[2018/12/19 20:59:22.056] - eth_getBalance
[2018/12/19 20:59:22.057] - eth_getBalance
[2018/12/19 20:59:22.058] - eth_getBalance
[2018/12/19 20:59:22.059] - eth_getBalance
[2018/12/19 20:59:22.060] - eth_getBalance
[2018/12/19 20:59:22.064] - eth_getBalance
[2018/12/19 20:59:22.065] - eth_getBalance
[2018/12/19 20:59:22.072] - eth_getBalance
[2018/12/19 20:59:22.221] - eth_getBalance
[2018/12/19 20:59:22.224] - eth_getBalance
[2018/12/19 20:59:24.224] - eth_getBlockByNumber
[2018/12/19 20:59:24.252] - eth_getBlockByNumber
[2018/12/19 20:59:24.253] - eth_getBlockByNumber
[2018/12/19 20:59:24.255] - eth_getBlockByNumber
[2018/12/19 20:59:24.261] - eth_getBlockTransactionCountByNumber
[2018/12/19 20:59:24.270] - eth_getBlockTransactionCountByNumber
[2018/12/19 20:59:24.432] - eth_getBlockTransactionCountByNumber
[2018/12/19 20:59:24.433] - eth_getBlockTransactionCountByNumber
[2018/12/19 20:59:26.654] - eth_getBlockByNumber
[2018/12/19 20:59:26.740] - eth_getTransactionReceipt
[2018/12/19 20:59:26.941] - eth_getBlockByNumber
[2018/12/19 20:59:26.944] - net_version
[2018/12/19 20:59:26.945] - eth_accounts
[2018/12/19 20:59:31.970] - net_version
[2018/12/19 20:59:32.025] - eth_accounts
[2018/12/19 20:59:32.027] - eth_getBalance
[2018/12/19 20:59:32.028] - eth_getBalance
[2018/12/19 20:59:32.029] - eth_getBalance
[2018/12/19 20:59:32.030] - eth_getBalance
[2018/12/19 20:59:32.031] - eth_getBalance
[2018/12/19 20:59:32.035] - eth_getBalance
[2018/12/19 20:59:32.037] - eth_getBalance
[2018/12/19 20:59:32.040] - eth_getBalance
[2018/12/19 20:59:32.187] - eth_getBalance
[2018/12/19 20:59:32.188] - eth_getBalance
[2018/12/19 20:59:36.940] - net_version
[2018/12/19 20:59:36.964] - eth_accounts
[2018/12/19 20:59:41.960] - eth_getBlockByNumber
[2018/12/19 20:59:42.093] - net_version
[2018/12/19 20:59:42.096] - eth_accounts
[2018/12/19 20:59:42.097] - eth_getBalance
[2018/12/19 20:59:42.098] - eth_getBalance
[2018/12/19 20:59:42.099] - eth_getBalance
[2018/12/19 20:59:42.099] - eth_getBalance
[2018/12/19 20:59:42.102] - eth_getBalance
[2018/12/19 20:59:42.103] - eth_getBalance
[2018/12/19 20:59:42.107] - eth_getBalance
[2018/12/19 20:59:42.244] - eth_getBalance
[2018/12/19 20:59:42.250] - eth_getBalance
[2018/12/19 20:59:42.252] - eth_getBalance
[2018/12/19 20:59:46.939] - net_version
[2018/12/19 20:59:47.043] - eth_accounts
[2018/12/19 20:59:51.976] - net_version
[2018/12/19 20:59:52.040] - eth_accounts
[2018/12/19 20:59:52.042] - eth_getBalance
[2018/12/19 20:59:52.043] - eth_getBalance
[2018/12/19 20:59:52.044] - eth_getBalance
[2018/12/19 20:59:52.044] - eth_getBalance
[2018/12/19 20:59:52.045] - eth_getBalance
[2018/12/19 20:59:52.049] - eth_getBalance
[2018/12/19 20:59:52.051] - eth_getBalance
[2018/12/19 20:59:52.053] - eth_getBalance
[2018/12/19 20:59:52.195] - eth_getBalance
[2018/12/19 20:59:52.196] - eth_getBalance
[2018/12/19 20:59:56.940] - eth_getBlockByNumber
[2018/12/19 20:59:56.999] - net_version
[2018/12/19 20:59:57.000] - eth_accounts
[2018/12/19 21:00:01.957] - net_version
[2018/12/19 21:00:02.002] - eth_accounts
[2018/12/19 21:00:02.005] - eth_getBalance
[2018/12/19 21:00:02.006] - eth_getBalance
[2018/12/19 21:00:02.007] - eth_getBalance
[2018/12/19 21:00:02.008] - eth_getBalance
[2018/12/19 21:00:02.009] - eth_getBalance
[2018/12/19 21:00:02.011] - eth_getBalance
[2018/12/19 21:00:02.015] - eth_getBalance
[2018/12/19 21:00:02.017] - eth_getBalance
[2018/12/19 21:00:02.169] - eth_getBalance
[2018/12/19 21:00:02.170] - eth_getBalance
[2018/12/19 21:00:06.941] - net_version
[2018/12/19 21:00:07.037] - eth_accounts
[2018/12/19 21:00:11.968] - eth_getBlockByNumber
[2018/12/19 21:00:12.072] - net_version
[2018/12/19 21:00:12.073] - eth_accounts
[2018/12/19 21:00:12.075] - eth_getBalance
[2018/12/19 21:00:12.076] - eth_getBalance
[2018/12/19 21:00:12.077] - eth_getBalance
[2018/12/19 21:00:12.078] - eth_getBalance
[2018/12/19 21:00:12.080] - eth_getBalance
[2018/12/19 21:00:12.081] - eth_getBalance
[2018/12/19 21:00:12.087] - eth_getBalance
[2018/12/19 21:00:12.088] - eth_getBalance
[2018/12/19 21:00:12.092] - eth_getBalance
[2018/12/19 21:00:12.227] - eth_getBalance
[2018/12/19 21:00:16.941] - net_version
[2018/12/19 21:00:16.955] - eth_accounts
[2018/12/19 21:00:21.959] - net_version
[2018/12/19 21:00:21.960] - eth_accounts
[2018/12/19 21:00:21.962] - eth_getBalance
[2018/12/19 21:00:21.966] - eth_getBalance
[2018/12/19 21:00:22.102] - eth_getBalance
[2018/12/19 21:00:22.104] - eth_getBalance
[2018/12/19 21:00:22.106] - eth_getBalance
[2018/12/19 21:00:22.107] - eth_getBalance
[2018/12/19 21:00:22.108] - eth_getBalance
[2018/12/19 21:00:22.109] - eth_getBalance
[2018/12/19 21:00:22.115] - eth_getBalance
[2018/12/19 21:00:22.277] - eth_getBalance
[2018/12/19 21:00:26.941] - eth_getBlockByNumber
[2018/12/19 21:00:27.012] - net_version
[2018/12/19 21:00:27.013] - eth_accounts
[2018/12/19 21:00:31.975] - net_version
[2018/12/19 21:00:32.008] - eth_accounts
[2018/12/19 21:00:32.009] - eth_getBalance
[2018/12/19 21:00:32.011] - eth_getBalance
[2018/12/19 21:00:32.012] - eth_getBalance
[2018/12/19 21:00:32.012] - eth_getBalance
[2018/12/19 21:00:32.013] - eth_getBalance
[2018/12/19 21:00:32.017] - eth_getBalance
[2018/12/19 21:00:32.018] - eth_getBalance
[2018/12/19 21:00:32.022] - eth_getBalance
[2018/12/19 21:00:32.023] - eth_getBalance
[2018/12/19 21:00:32.029] - eth_getBalance
[2018/12/19 21:00:36.941] - net_version
[2018/12/19 21:00:36.942] - eth_accounts
[2018/12/19 21:00:41.959] - eth_getBlockByNumber
[2018/12/19 21:00:41.974] - net_version
[2018/12/19 21:00:41.980] - eth_accounts
[2018/12/19 21:00:41.984] - eth_getBalance
[2018/12/19 21:00:41.985] - eth_getBalance
[2018/12/19 21:00:41.985] - eth_getBalance
[2018/12/19 21:00:41.996] - eth_getBalance
[2018/12/19 21:00:41.996] - eth_getBalance
[2018/12/19 21:00:41.997] - eth_getBalance
[2018/12/19 21:00:41.998] - eth_getBalance
[2018/12/19 21:00:42.000] - eth_getBalance
[2018/12/19 21:00:42.143] - eth_getBalance
[2018/12/19 21:00:42.149] - eth_getBalance
[2018/12/19 21:00:46.940] - net_version
[2018/12/19 21:00:46.976] - eth_accounts
[2018/12/19 21:00:51.959] - net_version
[2018/12/19 21:00:52.066] - eth_accounts
[2018/12/19 21:00:52.068] - eth_getBalance
[2018/12/19 21:00:52.069] - eth_getBalance
[2018/12/19 21:00:52.070] - eth_getBalance
[2018/12/19 21:00:52.071] - eth_getBalance
[2018/12/19 21:00:52.072] - eth_getBalance
[2018/12/19 21:00:52.077] - eth_getBalance
[2018/12/19 21:00:52.078] - eth_getBalance
[2018/12/19 21:00:52.082] - eth_getBalance
[2018/12/19 21:00:52.083] - eth_getBalance
[2018/12/19 21:00:52.087] - eth_getBalance
[2018/12/19 21:00:56.940] - eth_getBlockByNumber
[2018/12/19 21:00:56.941] - net_version
[2018/12/19 21:00:56.946] - eth_accounts
[2018/12/19 21:01:01.958] - net_version
[2018/12/19 21:01:01.960] - eth_accounts
[2018/12/19 21:01:01.962] - eth_getBalance
[2018/12/19 21:01:01.966] - eth_getBalance
[2018/12/19 21:01:01.968] - eth_getBalance
[2018/12/19 21:01:01.970] - eth_getBalance
[2018/12/19 21:01:01.973] - eth_getBalance
[2018/12/19 21:01:01.977] - eth_getBalance
[2018/12/19 21:01:01.979] - eth_getBalance
[2018/12/19 21:01:01.980] - eth_getBalance
[2018/12/19 21:01:01.982] - eth_getBalance
[2018/12/19 21:01:02.127] - eth_getBalance
[2018/12/19 21:01:06.941] - net_version
[2018/12/19 21:01:06.967] - eth_accounts
[2018/12/19 21:01:11.964] - eth_getBlockByNumber
[2018/12/19 21:01:11.967] - net_version
[2018/12/19 21:01:11.969] - eth_getBalance
[2018/12/19 21:01:11.970] - eth_accounts
[2018/12/19 21:01:11.972] - eth_getBalance
[2018/12/19 21:01:11.978] - eth_getBalance
[2018/12/19 21:01:11.980] - eth_getBalance
[2018/12/19 21:01:11.981] - eth_getBalance
[2018/12/19 21:01:11.990] - eth_getBalance
[2018/12/19 21:01:11.991] - eth_getBalance
[2018/12/19 21:01:11.996] - eth_getBalance
[2018/12/19 21:01:11.997] - eth_getBalance
[2018/12/19 21:01:12.000] - eth_getBalance
[2018/12/19 21:01:16.940] - net_version
[2018/12/19 21:01:16.941] - eth_accounts
[2018/12/19 21:01:21.957] - net_version
[2018/12/19 21:01:22.033] - eth_accounts
[2018/12/19 21:01:22.035] - eth_getBalance
[2018/12/19 21:01:22.036] - eth_getBalance
[2018/12/19 21:01:22.037] - eth_getBalance
[2018/12/19 21:01:22.038] - eth_getBalance
[2018/12/19 21:01:22.039] - eth_getBalance
[2018/12/19 21:01:22.042] - eth_getBalance
[2018/12/19 21:01:22.043] - eth_getBalance
[2018/12/19 21:01:22.047] - eth_getBalance
[2018/12/19 21:01:22.048] - eth_getBalance
[2018/12/19 21:01:22.053] - eth_getBalance
[2018/12/19 21:01:26.943] - eth_getBlockByNumber
[2018/12/19 21:01:26.963] - net_version
[2018/12/19 21:01:26.964] - eth_accounts
[2018/12/19 21:01:31.958] - net_version
[2018/12/19 21:01:31.962] - eth_accounts
[2018/12/19 21:01:32.108] - eth_getBalance
[2018/12/19 21:01:32.111] - eth_getBalance
[2018/12/19 21:01:32.112] - eth_getBalance
[2018/12/19 21:01:32.114] - eth_getBalance
[2018/12/19 21:01:32.117] - eth_getBalance
[2018/12/19 21:01:32.119] - eth_getBalance
[2018/12/19 21:01:32.124] - eth_getBalance
[2018/12/19 21:01:32.125] - eth_getBalance
[2018/12/19 21:01:32.131] - eth_getBalance
[2018/12/19 21:01:32.135] - eth_getBalance
[2018/12/19 21:01:36.941] - net_version
[2018/12/19 21:01:37.054] - eth_accounts
[2018/12/19 21:01:41.963] - eth_getBlockByNumber
[2018/12/19 21:01:42.079] - net_version
[2018/12/19 21:01:42.080] - eth_accounts
[2018/12/19 21:01:42.081] - eth_getBalance
[2018/12/19 21:01:42.083] - eth_getBalance
[2018/12/19 21:01:42.084] - eth_getBalance
[2018/12/19 21:01:42.086] - eth_getBalance
[2018/12/19 21:01:42.089] - eth_getBalance
[2018/12/19 21:01:42.090] - eth_getBalance
[2018/12/19 21:01:42.094] - eth_getBalance
[2018/12/19 21:01:42.095] - eth_getBalance
[2018/12/19 21:01:42.102] - eth_getBalance
[2018/12/19 21:01:42.103] - eth_getBalance
[2018/12/19 21:01:46.944] - net_version
[2018/12/19 21:01:46.963] - eth_accounts
[2018/12/19 21:01:51.955] - net_version
[2018/12/19 21:01:52.032] - eth_accounts
[2018/12/19 21:01:52.033] - eth_getBalance
[2018/12/19 21:01:52.035] - eth_getBalance
[2018/12/19 21:01:52.036] - eth_getBalance
[2018/12/19 21:01:52.036] - eth_getBalance
[2018/12/19 21:01:52.037] - eth_getBalance
[2018/12/19 21:01:52.042] - eth_getBalance
[2018/12/19 21:01:52.043] - eth_getBalance
[2018/12/19 21:01:52.047] - eth_getBalance
[2018/12/19 21:01:52.052] - eth_getBalance
[2018/12/19 21:01:52.053] - eth_getBalance
[2018/12/19 21:01:56.939] - eth_getBlockByNumber
[2018/12/19 21:01:56.941] - net_version
[2018/12/19 21:01:56.941] - eth_accounts
[2018/12/19 21:02:01.956] - net_version
[2018/12/19 21:02:02.022] - eth_accounts
[2018/12/19 21:02:02.024] - eth_getBalance
[2018/12/19 21:02:02.025] - eth_getBalance
[2018/12/19 21:02:02.026] - eth_getBalance
[2018/12/19 21:02:02.026] - eth_getBalance
[2018/12/19 21:02:02.027] - eth_getBalance
[2018/12/19 21:02:02.032] - eth_getBalance
[2018/12/19 21:02:02.033] - eth_getBalance
[2018/12/19 21:02:02.038] - eth_getBalance
[2018/12/19 21:02:02.039] - eth_getBalance
[2018/12/19 21:02:02.044] - eth_getBalance
[2018/12/19 21:02:06.940] - net_version
[2018/12/19 21:02:07.014] - eth_accounts
[2018/12/19 21:02:11.957] - eth_getBlockByNumber
[2018/12/19 21:02:11.988] - net_version
[2018/12/19 21:02:11.991] - eth_accounts
[2018/12/19 21:02:11.992] - eth_getBalance
[2018/12/19 21:02:11.992] - eth_getBalance
[2018/12/19 21:02:11.993] - eth_getBalance
[2018/12/19 21:02:11.994] - eth_getBalance
[2018/12/19 21:02:11.996] - eth_getBalance
[2018/12/19 21:02:11.997] - eth_getBalance
[2018/12/19 21:02:12.002] - eth_getBalance
[2018/12/19 21:02:12.006] - eth_getBalance
[2018/12/19 21:02:12.009] - eth_getBalance
[2018/12/19 21:02:12.013] - eth_getBalance
[2018/12/19 21:02:16.939] - net_version
[2018/12/19 21:02:16.967] - eth_accounts
[2018/12/19 21:02:21.968] - net_version
[2018/12/19 21:02:22.100] - eth_accounts
[2018/12/19 21:02:22.102] - eth_getBalance
[2018/12/19 21:02:22.103] - eth_getBalance
[2018/12/19 21:02:22.104] - eth_getBalance
[2018/12/19 21:02:22.110] - eth_getBalance
[2018/12/19 21:02:22.111] - eth_getBalance
[2018/12/19 21:02:22.115] - eth_getBalance
[2018/12/19 21:02:22.117] - eth_getBalance
[2018/12/19 21:02:22.124] - eth_getBalance
[2018/12/19 21:02:22.125] - eth_getBalance
[2018/12/19 21:02:22.130] - eth_getBalance
[2018/12/19 21:02:26.940] - eth_getBlockByNumber
[2018/12/19 21:02:26.941] - net_version
[2018/12/19 21:02:26.943] - eth_accounts
[2018/12/19 21:02:31.977] - net_version
[2018/12/19 21:02:31.978] - eth_getBalance
[2018/12/19 21:02:31.984] - eth_accounts
[2018/12/19 21:02:31.985] - eth_getBalance
[2018/12/19 21:02:31.986] - eth_getBalance
[2018/12/19 21:02:31.987] - eth_getBalance
[2018/12/19 21:02:31.989] - eth_getBalance
[2018/12/19 21:02:31.991] - eth_getBalance
[2018/12/19 21:02:31.994] - eth_getBalance
[2018/12/19 21:02:31.995] - eth_getBalance
[2018/12/19 21:02:31.999] - eth_getBalance
[2018/12/19 21:02:32.000] - eth_getBalance
[2018/12/19 21:02:36.940] - net_version
[2018/12/19 21:02:36.997] - eth_accounts
[2018/12/19 21:02:41.959] - eth_getBlockByNumber
[2018/12/19 21:02:41.992] - net_version
[2018/12/19 21:02:41.995] - eth_accounts
[2018/12/19 21:02:41.996] - eth_getBalance
[2018/12/19 21:02:41.998] - eth_getBalance
[2018/12/19 21:02:41.999] - eth_getBalance
[2018/12/19 21:02:42.000] - eth_getBalance
[2018/12/19 21:02:42.003] - eth_getBalance
[2018/12/19 21:02:42.005] - eth_getBalance
[2018/12/19 21:02:42.009] - eth_getBalance
[2018/12/19 21:02:42.010] - eth_getBalance
[2018/12/19 21:02:42.013] - eth_getBalance
[2018/12/19 21:02:42.017] - eth_getBalance
[2018/12/19 21:02:46.941] - net_version
[2018/12/19 21:02:47.018] - eth_accounts
[2018/12/19 21:02:51.957] - net_version
[2018/12/19 21:02:52.047] - eth_accounts
[2018/12/19 21:02:52.049] - eth_getBalance
[2018/12/19 21:02:52.052] - eth_getBalance
[2018/12/19 21:02:52.053] - eth_getBalance
[2018/12/19 21:02:52.053] - eth_getBalance
[2018/12/19 21:02:52.055] - eth_getBalance
[2018/12/19 21:02:52.059] - eth_getBalance
[2018/12/19 21:02:52.060] - eth_getBalance
[2018/12/19 21:02:52.065] - eth_getBalance
[2018/12/19 21:02:52.066] - eth_getBalance
[2018/12/19 21:02:52.070] - eth_getBalance
[2018/12/19 21:02:56.942] - eth_getBlockByNumber
[2018/12/19 21:02:57.057] - net_version
[2018/12/19 21:02:57.058] - eth_accounts
[2018/12/19 21:03:01.961] - net_version
[2018/12/19 21:03:02.027] - eth_accounts
[2018/12/19 21:03:02.028] - eth_getBalance
[2018/12/19 21:03:02.030] - eth_getBalance
[2018/12/19 21:03:02.031] - eth_getBalance
[2018/12/19 21:03:02.032] - eth_getBalance
[2018/12/19 21:03:02.032] - eth_getBalance
[2018/12/19 21:03:02.035] - eth_getBalance
[2018/12/19 21:03:02.040] - eth_getBalance
[2018/12/19 21:03:02.041] - eth_getBalance
[2018/12/19 21:03:02.047] - eth_getBalance
[2018/12/19 21:03:02.048] - eth_getBalance
[2018/12/19 21:03:06.941] - net_version
[2018/12/19 21:03:07.028] - eth_accounts
[2018/12/19 21:03:11.959] - eth_getBlockByNumber
[2018/12/19 21:03:11.963] - net_version
[2018/12/19 21:03:11.964] - eth_accounts
[2018/12/19 21:03:11.965] - eth_getBalance
[2018/12/19 21:03:11.968] - eth_getBalance
[2018/12/19 21:03:11.971] - eth_getBalance
[2018/12/19 21:03:11.975] - eth_getBalance
[2018/12/19 21:03:12.102] - eth_getBalance
[2018/12/19 21:03:12.103] - eth_getBalance
[2018/12/19 21:03:12.104] - eth_getBalance
[2018/12/19 21:03:12.105] - eth_getBalance
[2018/12/19 21:03:12.109] - eth_getBalance
[2018/12/19 21:03:12.111] - eth_getBalance
[2018/12/19 21:03:16.941] - net_version
[2018/12/19 21:03:16.997] - eth_accounts
[2018/12/19 21:03:21.955] - net_version
[2018/12/19 21:03:21.961] - eth_accounts
[2018/12/19 21:03:21.963] - eth_getBalance
[2018/12/19 21:03:21.964] - eth_getBalance
[2018/12/19 21:03:21.965] - eth_getBalance
[2018/12/19 21:03:21.967] - eth_getBalance
[2018/12/19 21:03:21.969] - eth_getBalance
[2018/12/19 21:03:21.973] - eth_getBalance
[2018/12/19 21:03:21.974] - eth_getBalance
[2018/12/19 21:03:21.978] - eth_getBalance
[2018/12/19 21:03:21.979] - eth_getBalance
[2018/12/19 21:03:21.984] - eth_getBalance
[2018/12/19 21:03:26.941] - eth_getBlockByNumber
[2018/12/19 21:03:27.018] - eth_accounts
[2018/12/19 21:03:27.019] - net_version
[2018/12/19 21:03:31.954] - net_version
[2018/12/19 21:03:32.042] - eth_accounts
[2018/12/19 21:03:32.044] - eth_getBalance
[2018/12/19 21:03:32.044] - eth_getBalance
[2018/12/19 21:03:32.045] - eth_getBalance
[2018/12/19 21:03:32.046] - eth_getBalance
[2018/12/19 21:03:32.047] - eth_getBalance
[2018/12/19 21:03:32.052] - eth_getBalance
[2018/12/19 21:03:32.053] - eth_getBalance
[2018/12/19 21:03:32.056] - eth_getBalance
[2018/12/19 21:03:32.061] - eth_getBalance
[2018/12/19 21:03:32.065] - eth_getBalance
[2018/12/19 21:03:36.941] - net_version
[2018/12/19 21:03:36.942] - eth_accounts
[2018/12/19 21:03:41.956] - eth_getBlockByNumber
[2018/12/19 21:03:42.065] - net_version
[2018/12/19 21:03:42.068] - eth_accounts
[2018/12/19 21:03:42.070] - eth_getBalance
[2018/12/19 21:03:42.071] - eth_getBalance
[2018/12/19 21:03:42.071] - eth_getBalance
[2018/12/19 21:03:42.072] - eth_getBalance
[2018/12/19 21:03:42.075] - eth_getBalance
[2018/12/19 21:03:42.076] - eth_getBalance
[2018/12/19 21:03:42.080] - eth_getBalance
[2018/12/19 21:03:42.084] - eth_getBalance
[2018/12/19 21:03:42.085] - eth_getBalance
[2018/12/19 21:03:42.089] - eth_getBalance
[2018/12/19 21:03:46.939] - net_version
[2018/12/19 21:03:46.980] - eth_accounts
