[2018/12/10 22:34:39.663] - Starting server (version 1.2.2) with initial configuration: {"hostname":"127.0.0.1","port":7545,"network_id":5777,"default_balance_ether":100,"total_accounts":10,"unlocked_accounts":[],"locked":false,"vmErrorsOnRPCResponse":true,"verbose":false,"logDirectory":"C:\\KSportfolio\\public\\etherLog"}
[2018/12/10 22:34:39.872] - eth_accounts
[2018/12/10 22:34:39.878] - eth_gasPrice
[2018/12/10 22:34:39.880] - eth_getBlockByNumber
[2018/12/10 22:34:39.887] - eth_subscribe
[2018/12/10 22:34:39.912] - eth_getBalance
[2018/12/10 22:34:39.914] - eth_getTransactionCount
[2018/12/10 22:34:39.918] - eth_getBalance
[2018/12/10 22:34:39.919] - eth_getTransactionCount
[2018/12/10 22:34:39.920] - eth_getBalance
[2018/12/10 22:34:39.923] - eth_getTransactionCount
[2018/12/10 22:34:39.924] - eth_getBalance
[2018/12/10 22:34:39.924] - eth_getTransactionCount
[2018/12/10 22:34:39.927] - eth_getBalance
[2018/12/10 22:34:39.928] - eth_getTransactionCount
[2018/12/10 22:34:39.929] - eth_getBalance
[2018/12/10 22:34:39.930] - eth_getTransactionCount
[2018/12/10 22:34:39.932] - eth_getBalance
[2018/12/10 22:34:39.933] - eth_getTransactionCount
[2018/12/10 22:34:39.934] - eth_getBalance
[2018/12/10 22:34:39.934] - eth_getTransactionCount
[2018/12/10 22:34:39.935] - eth_getBalance
[2018/12/10 22:34:39.937] - eth_getTransactionCount
[2018/12/10 22:34:39.938] - eth_getBalance
[2018/12/10 22:34:39.939] - eth_getTransactionCount
[2018/12/10 22:35:02.644] - net_listening
[2018/12/10 22:35:02.654] - eth_getBlockByNumber
[2018/12/10 22:35:02.658] - net_version
[2018/12/10 22:35:02.661] - eth_accounts
[2018/12/10 22:35:02.662] - net_version
[2018/12/10 22:35:03.570] - net_version
[2018/12/10 22:35:03.571] - eth_accounts
[2018/12/10 22:35:03.577] - net_version
[2018/12/10 22:35:03.578] - eth_accounts
[2018/12/10 22:35:05.086] - net_version
[2018/12/10 22:35:05.096] - eth_accounts
[2018/12/10 22:35:05.099] - eth_estimateGas
[2018/12/10 22:35:05.138] - net_version
[2018/12/10 22:35:05.145] - eth_sendTransaction
[2018/12/10 22:35:05.202] - 
[2018/12/10 22:35:05.203] -   Transaction: 0x0dc34e370ab32df207946837295b27ad4c9b4dfd317a730b0007a3ceb3da46ee
[2018/12/10 22:35:05.204] -   Contract created: 0x8bf6aa0c3ea8357f03f9357ceee8c6ed591b543d
[2018/12/10 22:35:05.205] -   Gas usage: 1008486
[2018/12/10 22:35:05.205] -   Block Number: 1
[2018/12/10 22:35:05.206] -   Block Time: Mon Dec 10 2018 22:35:05 GMT+0900 (대한민국 표준시)
[2018/12/10 22:35:05.207] - 
[2018/12/10 22:35:05.208] - net_version
[2018/12/10 22:35:05.209] - eth_getTransactionReceipt
[2018/12/10 22:35:05.213] - eth_getBalance
[2018/12/10 22:35:05.215] - eth_getTransactionCount
[2018/12/10 22:35:05.221] - eth_getBalance
[2018/12/10 22:35:05.222] - eth_getTransactionCount
[2018/12/10 22:35:05.227] - eth_getTransactionByHash
[2018/12/10 22:35:05.229] - eth_getBalance
[2018/12/10 22:35:05.231] - eth_getTransactionCount
[2018/12/10 22:35:05.244] - eth_getBalance
[2018/12/10 22:35:05.245] - eth_getTransactionCount
[2018/12/10 22:35:05.249] - eth_getBalance
[2018/12/10 22:35:05.254] - eth_getTransactionByHash
[2018/12/10 22:35:05.256] - eth_getBalance
[2018/12/10 22:35:05.258] - eth_getBalance
[2018/12/10 22:35:05.259] - eth_getBalance
[2018/12/10 22:35:05.262] - eth_getBalance
[2018/12/10 22:35:05.264] - eth_getBalance
[2018/12/10 22:35:05.265] - eth_getTransactionCount
[2018/12/10 22:35:05.267] - eth_getBalance
[2018/12/10 22:35:05.270] - eth_getTransactionCount
[2018/12/10 22:35:05.273] - eth_getBalance
[2018/12/10 22:35:05.278] - eth_getTransactionCount
[2018/12/10 22:35:05.283] - eth_getBalance
[2018/12/10 22:35:05.285] - eth_getBalance
[2018/12/10 22:35:05.286] - eth_getBalance
[2018/12/10 22:35:05.287] - eth_getTransactionCount
[2018/12/10 22:35:05.294] - eth_getBalance
[2018/12/10 22:35:05.296] - eth_getBalance
[2018/12/10 22:35:05.297] - eth_getBalance
[2018/12/10 22:35:05.298] - eth_getTransactionCount
[2018/12/10 22:35:05.301] - eth_getBalance
[2018/12/10 22:35:05.302] - eth_getTransactionCount
[2018/12/10 22:35:05.305] - eth_getBalance
[2018/12/10 22:35:05.331] - eth_getTransactionReceipt
[2018/12/10 22:35:05.492] - eth_getBlockByNumber
[2018/12/10 22:35:05.576] - net_version
[2018/12/10 22:35:05.578] - eth_accounts
[2018/12/10 22:35:10.989] - net_version
[2018/12/10 22:35:10.990] - eth_accounts
[2018/12/10 22:35:10.996] - eth_getBalance
[2018/12/10 22:35:10.998] - eth_getBalance
[2018/12/10 22:35:11.007] - eth_getBalance
[2018/12/10 22:35:11.009] - eth_getBalance
[2018/12/10 22:35:11.012] - eth_getBalance
[2018/12/10 22:35:11.018] - eth_getBalance
[2018/12/10 22:35:11.024] - eth_getBalance
[2018/12/10 22:35:11.026] - eth_getBalance
[2018/12/10 22:35:11.030] - eth_getBalance
[2018/12/10 22:35:11.039] - eth_getBalance
[2018/12/10 22:35:15.948] - net_version
[2018/12/10 22:35:15.952] - eth_accounts
[2018/12/10 22:35:20.982] - eth_getBlockByNumber
[2018/12/10 22:35:20.988] - net_version
[2018/12/10 22:35:20.991] - eth_accounts
[2018/12/10 22:35:20.993] - eth_getBalance
[2018/12/10 22:35:20.994] - eth_getBalance
[2018/12/10 22:35:20.996] - eth_getBalance
[2018/12/10 22:35:20.997] - eth_getBalance
[2018/12/10 22:35:20.998] - eth_getBalance
[2018/12/10 22:35:21.002] - eth_getBalance
[2018/12/10 22:35:21.003] - eth_getBalance
[2018/12/10 22:35:21.009] - eth_getBalance
[2018/12/10 22:35:21.010] - eth_getBalance
[2018/12/10 22:35:21.015] - eth_getBalance
[2018/12/10 22:35:25.933] - net_version
[2018/12/10 22:35:26.081] - eth_accounts
[2018/12/10 22:35:30.953] - net_version
[2018/12/10 22:35:30.955] - eth_accounts
[2018/12/10 22:35:30.957] - eth_getBalance
[2018/12/10 22:35:30.960] - eth_getBalance
[2018/12/10 22:35:30.964] - eth_getBalance
[2018/12/10 22:35:30.967] - eth_getBalance
[2018/12/10 22:35:30.971] - eth_getBalance
[2018/12/10 22:35:30.976] - eth_getBalance
[2018/12/10 22:35:30.979] - eth_getBalance
[2018/12/10 22:35:30.981] - eth_getBalance
[2018/12/10 22:35:30.987] - eth_getBalance
[2018/12/10 22:35:30.989] - eth_getBalance
[2018/12/10 22:35:35.934] - eth_getBlockByNumber
[2018/12/10 22:35:35.936] - net_version
[2018/12/10 22:35:35.937] - eth_accounts
[2018/12/10 22:35:40.979] - net_version
[2018/12/10 22:35:40.982] - eth_accounts
[2018/12/10 22:35:40.984] - eth_getBalance
[2018/12/10 22:35:40.987] - eth_getBalance
[2018/12/10 22:35:40.990] - eth_getBalance
[2018/12/10 22:35:40.992] - eth_getBalance
[2018/12/10 22:35:40.993] - eth_getBalance
[2018/12/10 22:35:41.006] - eth_getBalance
[2018/12/10 22:35:41.009] - eth_getBalance
[2018/12/10 22:35:41.018] - eth_getBalance
[2018/12/10 22:35:41.019] - eth_getBalance
[2018/12/10 22:35:41.021] - eth_getBalance
[2018/12/10 22:35:45.945] - net_version
[2018/12/10 22:35:45.950] - eth_accounts
[2018/12/10 22:35:50.979] - eth_getBlockByNumber
[2018/12/10 22:35:50.981] - net_version
[2018/12/10 22:35:50.983] - eth_accounts
[2018/12/10 22:35:50.988] - eth_getBalance
[2018/12/10 22:35:50.990] - eth_getBalance
[2018/12/10 22:35:50.992] - eth_getBalance
[2018/12/10 22:35:50.993] - eth_getBalance
[2018/12/10 22:35:50.996] - eth_getBalance
[2018/12/10 22:35:50.998] - eth_getBalance
[2018/12/10 22:35:51.003] - eth_getBalance
[2018/12/10 22:35:51.004] - eth_getBalance
[2018/12/10 22:35:51.009] - eth_getBalance
[2018/12/10 22:35:51.012] - eth_getBalance
[2018/12/10 22:35:55.934] - net_version
[2018/12/10 22:35:55.936] - eth_accounts
[2018/12/10 22:36:00.949] - net_version
[2018/12/10 22:36:00.951] - eth_accounts
[2018/12/10 22:36:00.953] - eth_getBalance
[2018/12/10 22:36:00.954] - eth_getBalance
[2018/12/10 22:36:00.957] - eth_getBalance
[2018/12/10 22:36:00.959] - eth_getBalance
[2018/12/10 22:36:00.960] - eth_getBalance
[2018/12/10 22:36:00.963] - eth_getBalance
[2018/12/10 22:36:00.965] - eth_getBalance
[2018/12/10 22:36:00.973] - eth_getBalance
[2018/12/10 22:36:00.975] - eth_getBalance
[2018/12/10 22:36:00.990] - eth_getBalance
[2018/12/10 22:36:05.950] - eth_getBlockByNumber
[2018/12/10 22:36:05.955] - net_version
[2018/12/10 22:36:05.966] - eth_accounts
[2018/12/10 22:36:10.974] - net_version
[2018/12/10 22:36:10.977] - eth_accounts
[2018/12/10 22:36:10.982] - eth_getBalance
[2018/12/10 22:36:10.985] - eth_getBalance
[2018/12/10 22:36:10.988] - eth_getBalance
[2018/12/10 22:36:10.989] - eth_getBalance
[2018/12/10 22:36:10.992] - eth_getBalance
[2018/12/10 22:36:10.993] - eth_getBalance
[2018/12/10 22:36:11.015] - eth_getBalance
[2018/12/10 22:36:11.016] - eth_getBalance
[2018/12/10 22:36:11.018] - eth_getBalance
[2018/12/10 22:36:11.020] - eth_getBalance
[2018/12/10 22:36:15.941] - net_version
[2018/12/10 22:36:15.945] - eth_accounts
[2018/12/10 22:36:20.992] - eth_getBlockByNumber
[2018/12/10 22:36:20.998] - net_version
[2018/12/10 22:36:21.000] - eth_accounts
[2018/12/10 22:36:21.003] - eth_getBalance
[2018/12/10 22:36:21.005] - eth_getBalance
[2018/12/10 22:36:21.008] - eth_getBalance
[2018/12/10 22:36:21.009] - eth_getBalance
[2018/12/10 22:36:21.011] - eth_getBalance
[2018/12/10 22:36:21.013] - eth_getBalance
[2018/12/10 22:36:21.018] - eth_getBalance
[2018/12/10 22:36:21.019] - eth_getBalance
[2018/12/10 22:36:21.024] - eth_getBalance
[2018/12/10 22:36:21.025] - eth_getBalance
[2018/12/10 22:36:25.945] - net_version
[2018/12/10 22:36:25.949] - eth_accounts
[2018/12/10 22:36:31.282] - net_version
[2018/12/10 22:36:31.286] - eth_accounts
[2018/12/10 22:36:31.289] - eth_getBalance
[2018/12/10 22:36:31.291] - eth_getBalance
[2018/12/10 22:36:31.292] - eth_getBalance
[2018/12/10 22:36:31.294] - eth_getBalance
[2018/12/10 22:36:31.295] - eth_getBalance
[2018/12/10 22:36:31.298] - eth_getBalance
[2018/12/10 22:36:31.301] - eth_getBalance
[2018/12/10 22:36:31.307] - eth_getBalance
[2018/12/10 22:36:31.308] - eth_getBalance
[2018/12/10 22:36:31.313] - eth_getBalance
[2018/12/10 22:36:35.934] - eth_getBlockByNumber
[2018/12/10 22:36:35.936] - net_version
[2018/12/10 22:36:35.938] - eth_accounts
[2018/12/10 22:36:40.962] - net_version
[2018/12/10 22:36:40.964] - eth_accounts
[2018/12/10 22:36:40.965] - eth_getBalance
[2018/12/10 22:36:40.966] - eth_getBalance
[2018/12/10 22:36:40.968] - eth_getBalance
[2018/12/10 22:36:40.972] - eth_getBalance
[2018/12/10 22:36:40.974] - eth_getBalance
[2018/12/10 22:36:40.979] - eth_getBalance
[2018/12/10 22:36:40.984] - eth_getBalance
[2018/12/10 22:36:41.003] - eth_getBalance
[2018/12/10 22:36:41.020] - eth_getBalance
[2018/12/10 22:36:41.021] - eth_getBalance
[2018/12/10 22:36:45.935] - net_version
[2018/12/10 22:36:45.937] - eth_accounts
[2018/12/10 22:36:50.956] - eth_getBlockByNumber
[2018/12/10 22:36:50.959] - net_version
[2018/12/10 22:36:50.963] - eth_accounts
[2018/12/10 22:36:50.966] - eth_getBalance
[2018/12/10 22:36:50.968] - eth_getBalance
[2018/12/10 22:36:50.969] - eth_getBalance
[2018/12/10 22:36:50.972] - eth_getBalance
[2018/12/10 22:36:50.974] - eth_getBalance
[2018/12/10 22:36:50.980] - eth_getBalance
[2018/12/10 22:36:50.988] - eth_getBalance
[2018/12/10 22:36:50.994] - eth_getBalance
[2018/12/10 22:36:50.996] - eth_getBalance
[2018/12/10 22:36:51.000] - eth_getBalance
[2018/12/10 22:36:55.936] - net_version
[2018/12/10 22:36:55.937] - eth_accounts
[2018/12/10 22:37:00.969] - net_version
[2018/12/10 22:37:00.971] - eth_accounts
[2018/12/10 22:37:00.973] - eth_getBalance
[2018/12/10 22:37:00.975] - eth_getBalance
[2018/12/10 22:37:00.977] - eth_getBalance
[2018/12/10 22:37:00.981] - eth_getBalance
[2018/12/10 22:37:00.982] - eth_getBalance
[2018/12/10 22:37:00.984] - eth_getBalance
[2018/12/10 22:37:00.990] - eth_getBalance
[2018/12/10 22:37:00.993] - eth_getBalance
[2018/12/10 22:37:01.000] - eth_getBalance
[2018/12/10 22:37:01.003] - eth_getBalance
[2018/12/10 22:37:05.942] - eth_getBlockByNumber
[2018/12/10 22:37:05.950] - net_version
[2018/12/10 22:37:05.953] - eth_accounts
[2018/12/10 22:37:10.959] - net_version
[2018/12/10 22:37:10.961] - eth_accounts
[2018/12/10 22:37:10.963] - eth_getBalance
[2018/12/10 22:37:10.966] - eth_getBalance
[2018/12/10 22:37:10.973] - eth_getBalance
[2018/12/10 22:37:10.975] - eth_getBalance
[2018/12/10 22:37:10.979] - eth_getBalance
[2018/12/10 22:37:10.981] - eth_getBalance
[2018/12/10 22:37:10.986] - eth_getBalance
[2018/12/10 22:37:10.989] - eth_getBalance
[2018/12/10 22:37:10.990] - eth_getBalance
[2018/12/10 22:37:10.991] - eth_getBalance
[2018/12/10 22:37:14.212] - eth_accounts
[2018/12/10 22:37:14.219] - eth_accounts
[2018/12/10 22:37:14.233] - eth_sendTransaction
[2018/12/10 22:37:14.341] - 
[2018/12/10 22:37:14.342] -   Transaction: 0x1b630bfafa5f10404ef22e09e17b0d426d431b5350ecbddf0810fd57ea287b02
[2018/12/10 22:37:14.343] -   Gas usage: 192104
[2018/12/10 22:37:14.343] -   Block Number: 2
[2018/12/10 22:37:14.344] -   Block Time: Mon Dec 10 2018 22:37:14 GMT+0900 (대한민국 표준시)
[2018/12/10 22:37:14.345] - 
[2018/12/10 22:37:14.347] - eth_getBalance
[2018/12/10 22:37:14.349] - eth_getTransactionCount
[2018/12/10 22:37:14.351] - eth_getBalance
[2018/12/10 22:37:14.353] - eth_getTransactionCount
[2018/12/10 22:37:14.354] - eth_getBalance
[2018/12/10 22:37:14.357] - eth_getTransactionCount
[2018/12/10 22:37:14.358] - eth_getBalance
[2018/12/10 22:37:14.361] - eth_getTransactionCount
[2018/12/10 22:37:14.362] - eth_getBalance
[2018/12/10 22:37:14.365] - eth_getTransactionCount
[2018/12/10 22:37:14.367] - eth_getBalance
[2018/12/10 22:37:14.369] - eth_getTransactionCount
[2018/12/10 22:37:14.370] - eth_getBalance
[2018/12/10 22:37:14.371] - eth_getTransactionCount
[2018/12/10 22:37:14.374] - eth_getBalance
[2018/12/10 22:37:14.376] - eth_getTransactionCount
[2018/12/10 22:37:14.379] - eth_getBalance
[2018/12/10 22:37:14.381] - eth_getTransactionCount
[2018/12/10 22:37:14.384] - eth_getBalance
[2018/12/10 22:37:14.385] - eth_getTransactionCount
[2018/12/10 22:37:15.978] - net_version
[2018/12/10 22:37:15.993] - eth_accounts
[2018/12/10 22:37:20.943] - eth_getBlockByNumber
[2018/12/10 22:37:20.948] - net_version
[2018/12/10 22:37:20.957] - eth_accounts
[2018/12/10 22:37:20.961] - eth_getBalance
[2018/12/10 22:37:20.964] - eth_getBalance
[2018/12/10 22:37:21.000] - eth_getBalance
[2018/12/10 22:37:21.001] - eth_getBalance
[2018/12/10 22:37:21.004] - eth_getBalance
[2018/12/10 22:37:21.006] - eth_getBalance
[2018/12/10 22:37:21.008] - eth_getBalance
[2018/12/10 22:37:21.018] - eth_getBalance
[2018/12/10 22:37:21.022] - eth_getBalance
[2018/12/10 22:37:21.024] - eth_getBalance
[2018/12/10 22:37:25.956] - net_version
[2018/12/10 22:37:25.958] - eth_accounts
[2018/12/10 22:37:30.146] - eth_accounts
[2018/12/10 22:37:30.152] - eth_accounts
[2018/12/10 22:37:30.160] - eth_sendTransaction
[2018/12/10 22:37:30.285] - 
[2018/12/10 22:37:30.286] -   Transaction: 0xf25a0c11edf0a8876a6b119974a6917aad95deb559e7892771be29ba260a4029
[2018/12/10 22:37:30.287] -   Gas usage: 173435
[2018/12/10 22:37:30.288] -   Block Number: 3
[2018/12/10 22:37:30.289] -   Block Time: Mon Dec 10 2018 22:37:30 GMT+0900 (대한민국 표준시)
[2018/12/10 22:37:30.289] - 
[2018/12/10 22:37:30.290] - eth_getBalance
[2018/12/10 22:37:30.291] - eth_getTransactionCount
[2018/12/10 22:37:30.293] - eth_getBalance
[2018/12/10 22:37:30.294] - eth_getTransactionCount
[2018/12/10 22:37:30.296] - eth_getBalance
[2018/12/10 22:37:30.297] - eth_getTransactionCount
[2018/12/10 22:37:30.300] - eth_getBalance
[2018/12/10 22:37:30.302] - eth_getTransactionCount
[2018/12/10 22:37:30.304] - eth_getBalance
[2018/12/10 22:37:30.306] - eth_getTransactionCount
[2018/12/10 22:37:30.310] - eth_getBalance
[2018/12/10 22:37:30.312] - eth_getTransactionCount
[2018/12/10 22:37:30.315] - eth_getBalance
[2018/12/10 22:37:30.317] - eth_getTransactionCount
[2018/12/10 22:37:30.319] - eth_getBalance
[2018/12/10 22:37:30.321] - eth_getTransactionCount
[2018/12/10 22:37:30.323] - eth_getBalance
[2018/12/10 22:37:30.325] - eth_getTransactionCount
[2018/12/10 22:37:30.326] - eth_getBalance
[2018/12/10 22:37:30.329] - eth_getTransactionCount
[2018/12/10 22:37:30.936] - net_version
[2018/12/10 22:37:30.940] - eth_accounts
[2018/12/10 22:37:30.942] - eth_getBalance
[2018/12/10 22:37:30.943] - eth_getBalance
[2018/12/10 22:37:30.945] - eth_getBalance
[2018/12/10 22:37:30.947] - eth_getBalance
[2018/12/10 22:37:30.948] - eth_getBalance
[2018/12/10 22:37:30.951] - eth_getBalance
[2018/12/10 22:37:30.964] - eth_getBalance
[2018/12/10 22:37:30.966] - eth_getBalance
[2018/12/10 22:37:30.968] - eth_getBalance
[2018/12/10 22:37:30.969] - eth_getBalance
[2018/12/10 22:37:34.849] - eth_accounts
[2018/12/10 22:37:34.863] - eth_call
[2018/12/10 22:37:34.883] - eth_accounts
[2018/12/10 22:37:34.890] - eth_call
[2018/12/10 22:37:34.914] - eth_accounts
[2018/12/10 22:37:34.921] - eth_call
[2018/12/10 22:37:34.944] - eth_accounts
[2018/12/10 22:37:34.953] - eth_call
[2018/12/10 22:37:34.979] - eth_accounts
[2018/12/10 22:37:34.986] - eth_call
[2018/12/10 22:37:35.007] - eth_accounts
[2018/12/10 22:37:35.014] - eth_call
[2018/12/10 22:37:35.035] - eth_accounts
[2018/12/10 22:37:35.042] - eth_call
[2018/12/10 22:37:35.944] - eth_getBlockByNumber
[2018/12/10 22:37:35.947] - net_version
[2018/12/10 22:37:35.949] - eth_accounts
[2018/12/10 22:37:40.936] - net_version
[2018/12/10 22:37:40.940] - eth_accounts
[2018/12/10 22:37:40.942] - eth_getBalance
[2018/12/10 22:37:40.948] - eth_getBalance
[2018/12/10 22:37:40.966] - eth_getBalance
[2018/12/10 22:37:40.967] - eth_getBalance
[2018/12/10 22:37:40.969] - eth_getBalance
[2018/12/10 22:37:40.971] - eth_getBalance
[2018/12/10 22:37:40.977] - eth_getBalance
[2018/12/10 22:37:40.979] - eth_getBalance
[2018/12/10 22:37:40.981] - eth_getBalance
[2018/12/10 22:37:40.987] - eth_getBalance
[2018/12/10 22:37:45.933] - net_version
[2018/12/10 22:37:45.934] - eth_accounts
[2018/12/10 22:37:50.990] - eth_getBlockByNumber
[2018/12/10 22:37:50.992] - net_version
[2018/12/10 22:37:50.995] - eth_accounts
[2018/12/10 22:37:50.997] - eth_getBalance
[2018/12/10 22:37:50.998] - eth_getBalance
[2018/12/10 22:37:51.001] - eth_getBalance
[2018/12/10 22:37:51.002] - eth_getBalance
[2018/12/10 22:37:51.004] - eth_getBalance
[2018/12/10 22:37:51.016] - eth_getBalance
[2018/12/10 22:37:51.018] - eth_getBalance
[2018/12/10 22:37:51.019] - eth_getBalance
[2018/12/10 22:37:51.020] - eth_getBalance
[2018/12/10 22:37:51.025] - eth_getBalance
[2018/12/10 22:37:55.934] - net_version
[2018/12/10 22:37:55.935] - eth_accounts
[2018/12/10 22:38:00.997] - net_version
[2018/12/10 22:38:00.998] - eth_accounts
[2018/12/10 22:38:01.000] - eth_getBalance
[2018/12/10 22:38:01.003] - eth_getBalance
[2018/12/10 22:38:01.004] - eth_getBalance
[2018/12/10 22:38:01.006] - eth_getBalance
[2018/12/10 22:38:01.008] - eth_getBalance
[2018/12/10 22:38:01.012] - eth_getBalance
[2018/12/10 22:38:01.014] - eth_getBalance
[2018/12/10 22:38:01.022] - eth_getBalance
[2018/12/10 22:38:01.025] - eth_getBalance
[2018/12/10 22:38:01.027] - eth_getBalance
[2018/12/10 22:38:05.934] - eth_getBlockByNumber
[2018/12/10 22:38:05.938] - net_version
[2018/12/10 22:38:05.940] - eth_accounts
[2018/12/10 22:38:10.954] - net_version
[2018/12/10 22:38:10.956] - eth_accounts
[2018/12/10 22:38:10.958] - eth_getBalance
[2018/12/10 22:38:10.960] - eth_getBalance
[2018/12/10 22:38:10.961] - eth_getBalance
[2018/12/10 22:38:10.963] - eth_getBalance
[2018/12/10 22:38:10.964] - eth_getBalance
[2018/12/10 22:38:10.974] - eth_getBalance
[2018/12/10 22:38:10.977] - eth_getBalance
[2018/12/10 22:38:10.979] - eth_getBalance
[2018/12/10 22:38:10.981] - eth_getBalance
[2018/12/10 22:38:10.985] - eth_getBalance
[2018/12/10 22:38:15.933] - net_version
[2018/12/10 22:38:15.934] - eth_accounts
[2018/12/10 22:38:20.978] - eth_getBlockByNumber
[2018/12/10 22:38:20.979] - net_version
[2018/12/10 22:38:20.982] - eth_accounts
[2018/12/10 22:38:20.984] - eth_getBalance
[2018/12/10 22:38:20.986] - eth_getBalance
[2018/12/10 22:38:20.987] - eth_getBalance
[2018/12/10 22:38:20.988] - eth_getBalance
[2018/12/10 22:38:20.993] - eth_getBalance
[2018/12/10 22:38:20.994] - eth_getBalance
[2018/12/10 22:38:20.997] - eth_getBalance
[2018/12/10 22:38:20.999] - eth_getBalance
[2018/12/10 22:38:21.003] - eth_getBalance
[2018/12/10 22:38:21.005] - eth_getBalance
[2018/12/10 22:38:25.936] - net_version
[2018/12/10 22:38:25.938] - eth_accounts
[2018/12/10 22:38:30.960] - net_version
[2018/12/10 22:38:30.964] - eth_accounts
[2018/12/10 22:38:30.967] - eth_getBalance
[2018/12/10 22:38:30.968] - eth_getBalance
[2018/12/10 22:38:30.970] - eth_getBalance
[2018/12/10 22:38:30.976] - eth_getBalance
[2018/12/10 22:38:30.980] - eth_getBalance
[2018/12/10 22:38:30.986] - eth_getBalance
[2018/12/10 22:38:30.991] - eth_getBalance
[2018/12/10 22:38:31.001] - eth_getBalance
[2018/12/10 22:38:31.008] - eth_getBalance
[2018/12/10 22:38:31.018] - eth_getBalance
[2018/12/10 22:38:35.933] - eth_getBlockByNumber
[2018/12/10 22:38:35.934] - net_version
[2018/12/10 22:38:35.936] - eth_accounts
[2018/12/10 22:38:40.951] - net_version
[2018/12/10 22:38:40.953] - eth_accounts
[2018/12/10 22:38:40.955] - eth_getBalance
[2018/12/10 22:38:40.956] - eth_getBalance
[2018/12/10 22:38:40.958] - eth_getBalance
[2018/12/10 22:38:40.960] - eth_getBalance
[2018/12/10 22:38:40.969] - eth_getBalance
[2018/12/10 22:38:40.970] - eth_getBalance
[2018/12/10 22:38:40.972] - eth_getBalance
[2018/12/10 22:38:40.975] - eth_getBalance
[2018/12/10 22:38:40.986] - eth_getBalance
[2018/12/10 22:38:40.987] - eth_getBalance
[2018/12/10 22:38:45.933] - net_version
[2018/12/10 22:38:45.934] - eth_accounts
[2018/12/10 22:38:50.955] - eth_getBlockByNumber
[2018/12/10 22:38:50.959] - net_version
[2018/12/10 22:38:50.960] - eth_accounts
[2018/12/10 22:38:50.963] - eth_getBalance
[2018/12/10 22:38:50.968] - eth_getBalance
[2018/12/10 22:38:50.969] - eth_getBalance
[2018/12/10 22:38:50.973] - eth_getBalance
[2018/12/10 22:38:50.976] - eth_getBalance
[2018/12/10 22:38:50.981] - eth_getBalance
[2018/12/10 22:38:50.984] - eth_getBalance
[2018/12/10 22:38:50.987] - eth_getBalance
[2018/12/10 22:38:50.989] - eth_getBalance
[2018/12/10 22:38:50.991] - eth_getBalance
[2018/12/10 22:38:55.935] - net_version
[2018/12/10 22:38:55.972] - eth_accounts
[2018/12/10 22:39:00.949] - net_version
[2018/12/10 22:39:01.039] - eth_accounts
[2018/12/10 22:39:01.041] - eth_getBalance
[2018/12/10 22:39:01.042] - eth_getBalance
[2018/12/10 22:39:01.043] - eth_getBalance
[2018/12/10 22:39:01.044] - eth_getBalance
[2018/12/10 22:39:01.045] - eth_getBalance
[2018/12/10 22:39:01.050] - eth_getBalance
[2018/12/10 22:39:01.051] - eth_getBalance
[2018/12/10 22:39:01.056] - eth_getBalance
[2018/12/10 22:39:01.057] - eth_getBalance
[2018/12/10 22:39:01.067] - eth_getBalance
[2018/12/10 22:39:05.939] - eth_getBlockByNumber
[2018/12/10 22:39:05.943] - net_version
[2018/12/10 22:39:05.951] - eth_accounts
[2018/12/10 22:39:10.987] - net_version
[2018/12/10 22:39:10.989] - eth_accounts
[2018/12/10 22:39:10.990] - eth_getBalance
[2018/12/10 22:39:10.992] - eth_getBalance
[2018/12/10 22:39:10.993] - eth_getBalance
[2018/12/10 22:39:10.995] - eth_getBalance
[2018/12/10 22:39:10.998] - eth_getBalance
[2018/12/10 22:39:10.999] - eth_getBalance
[2018/12/10 22:39:11.004] - eth_getBalance
[2018/12/10 22:39:11.013] - eth_getBalance
[2018/12/10 22:39:11.016] - eth_getBalance
[2018/12/10 22:39:11.017] - eth_getBalance
[2018/12/10 22:39:15.940] - net_version
[2018/12/10 22:39:15.944] - eth_accounts
[2018/12/10 22:39:20.982] - eth_getBlockByNumber
[2018/12/10 22:39:20.986] - net_version
[2018/12/10 22:39:20.988] - eth_accounts
[2018/12/10 22:39:20.990] - eth_getBalance
[2018/12/10 22:39:20.995] - eth_getBalance
[2018/12/10 22:39:21.001] - eth_getBalance
[2018/12/10 22:39:21.003] - eth_getBalance
[2018/12/10 22:39:21.005] - eth_getBalance
[2018/12/10 22:39:21.008] - eth_getBalance
[2018/12/10 22:39:21.010] - eth_getBalance
[2018/12/10 22:39:21.011] - eth_getBalance
[2018/12/10 22:39:21.012] - eth_getBalance
[2018/12/10 22:39:21.021] - eth_getBalance
[2018/12/10 22:39:25.933] - net_version
[2018/12/10 22:39:26.048] - eth_accounts
[2018/12/10 22:39:30.963] - net_version
[2018/12/10 22:39:31.072] - eth_accounts
[2018/12/10 22:39:31.073] - eth_getBalance
[2018/12/10 22:39:31.075] - eth_getBalance
[2018/12/10 22:39:31.076] - eth_getBalance
[2018/12/10 22:39:31.078] - eth_getBalance
[2018/12/10 22:39:31.079] - eth_getBalance
[2018/12/10 22:39:31.084] - eth_getBalance
[2018/12/10 22:39:31.085] - eth_getBalance
[2018/12/10 22:39:31.091] - eth_getBalance
[2018/12/10 22:39:31.093] - eth_getBalance
[2018/12/10 22:39:31.097] - eth_getBalance
[2018/12/10 22:39:35.934] - eth_getBlockByNumber
[2018/12/10 22:39:36.049] - net_version
[2018/12/10 22:39:36.051] - eth_accounts
[2018/12/10 22:39:40.973] - net_version
[2018/12/10 22:39:40.976] - eth_accounts
[2018/12/10 22:39:40.978] - eth_getBalance
[2018/12/10 22:39:40.981] - eth_getBalance
[2018/12/10 22:39:41.003] - eth_getBalance
[2018/12/10 22:39:41.005] - eth_getBalance
[2018/12/10 22:39:41.008] - eth_getBalance
[2018/12/10 22:39:41.009] - eth_getBalance
[2018/12/10 22:39:41.011] - eth_getBalance
[2018/12/10 22:39:41.013] - eth_getBalance
[2018/12/10 22:39:41.015] - eth_getBalance
[2018/12/10 22:39:41.016] - eth_getBalance
[2018/12/10 22:39:45.935] - net_version
[2018/12/10 22:39:45.937] - eth_accounts
[2018/12/10 22:39:50.959] - eth_getBlockByNumber
[2018/12/10 22:39:50.960] - net_version
[2018/12/10 22:39:50.961] - eth_accounts
[2018/12/10 22:39:50.965] - eth_getBalance
[2018/12/10 22:39:50.970] - eth_getBalance
[2018/12/10 22:39:50.971] - eth_getBalance
[2018/12/10 22:39:50.977] - eth_getBalance
[2018/12/10 22:39:50.979] - eth_getBalance
[2018/12/10 22:39:50.980] - eth_getBalance
[2018/12/10 22:39:50.981] - eth_getBalance
[2018/12/10 22:39:50.984] - eth_getBalance
[2018/12/10 22:39:50.986] - eth_getBalance
[2018/12/10 22:39:50.988] - eth_getBalance
[2018/12/10 22:39:55.933] - net_version
[2018/12/10 22:39:55.935] - eth_accounts
[2018/12/10 22:40:00.975] - net_version
[2018/12/10 22:40:00.976] - eth_accounts
[2018/12/10 22:40:00.978] - eth_getBalance
[2018/12/10 22:40:00.980] - eth_getBalance
[2018/12/10 22:40:00.982] - eth_getBalance
[2018/12/10 22:40:00.985] - eth_getBalance
[2018/12/10 22:40:00.987] - eth_getBalance
[2018/12/10 22:40:00.990] - eth_getBalance
[2018/12/10 22:40:00.992] - eth_getBalance
[2018/12/10 22:40:00.998] - eth_getBalance
[2018/12/10 22:40:01.000] - eth_getBalance
[2018/12/10 22:40:01.006] - eth_getBalance
[2018/12/10 22:40:05.932] - eth_getBlockByNumber
[2018/12/10 22:40:05.934] - net_version
[2018/12/10 22:40:05.935] - eth_accounts
[2018/12/10 22:40:10.980] - net_version
[2018/12/10 22:40:10.983] - eth_accounts
[2018/12/10 22:40:10.985] - eth_getBalance
[2018/12/10 22:40:10.986] - eth_getBalance
[2018/12/10 22:40:10.987] - eth_getBalance
[2018/12/10 22:40:10.989] - eth_getBalance
[2018/12/10 22:40:10.990] - eth_getBalance
[2018/12/10 22:40:10.991] - eth_getBalance
[2018/12/10 22:40:10.995] - eth_getBalance
[2018/12/10 22:40:10.997] - eth_getBalance
[2018/12/10 22:40:11.001] - eth_getBalance
[2018/12/10 22:40:11.006] - eth_getBalance
[2018/12/10 22:40:15.946] - net_version
[2018/12/10 22:40:15.949] - eth_accounts
[2018/12/10 22:40:20.983] - eth_getBlockByNumber
[2018/12/10 22:40:20.985] - net_version
[2018/12/10 22:40:20.987] - eth_getBalance
[2018/12/10 22:40:20.988] - eth_accounts
[2018/12/10 22:40:20.989] - eth_getBalance
[2018/12/10 22:40:20.990] - eth_getBalance
[2018/12/10 22:40:20.995] - eth_getBalance
[2018/12/10 22:40:20.997] - eth_getBalance
[2018/12/10 22:40:21.008] - eth_getBalance
[2018/12/10 22:40:21.010] - eth_getBalance
[2018/12/10 22:40:21.011] - eth_getBalance
[2018/12/10 22:40:21.014] - eth_getBalance
[2018/12/10 22:40:21.016] - eth_getBalance
[2018/12/10 22:40:25.936] - net_version
[2018/12/10 22:40:25.938] - eth_accounts
[2018/12/10 22:40:30.983] - net_version
[2018/12/10 22:40:30.984] - eth_accounts
[2018/12/10 22:40:30.987] - eth_getBalance
[2018/12/10 22:40:30.990] - eth_getBalance
[2018/12/10 22:40:30.994] - eth_getBalance
[2018/12/10 22:40:31.000] - eth_getBalance
[2018/12/10 22:40:31.001] - eth_getBalance
[2018/12/10 22:40:31.003] - eth_getBalance
[2018/12/10 22:40:31.004] - eth_getBalance
[2018/12/10 22:40:31.007] - eth_getBalance
[2018/12/10 22:40:31.009] - eth_getBalance
[2018/12/10 22:40:31.014] - eth_getBalance
[2018/12/10 22:40:35.941] - eth_getBlockByNumber
[2018/12/10 22:40:35.945] - net_version
[2018/12/10 22:40:35.954] - eth_accounts
[2018/12/10 22:40:40.950] - net_version
[2018/12/10 22:40:40.952] - eth_accounts
[2018/12/10 22:40:40.954] - eth_getBalance
[2018/12/10 22:40:40.956] - eth_getBalance
[2018/12/10 22:40:40.959] - eth_getBalance
[2018/12/10 22:40:40.963] - eth_getBalance
[2018/12/10 22:40:40.964] - eth_getBalance
[2018/12/10 22:40:40.966] - eth_getBalance
[2018/12/10 22:40:40.967] - eth_getBalance
[2018/12/10 22:40:40.970] - eth_getBalance
[2018/12/10 22:40:40.973] - eth_getBalance
[2018/12/10 22:40:40.975] - eth_getBalance
[2018/12/10 22:40:45.934] - net_version
[2018/12/10 22:40:45.935] - eth_accounts
[2018/12/10 22:40:50.953] - eth_getBlockByNumber
[2018/12/10 22:40:50.954] - net_version
[2018/12/10 22:40:50.958] - eth_accounts
[2018/12/10 22:40:50.960] - eth_getBalance
[2018/12/10 22:40:50.962] - eth_getBalance
[2018/12/10 22:40:50.970] - eth_getBalance
[2018/12/10 22:40:50.971] - eth_getBalance
[2018/12/10 22:40:51.014] - eth_getBalance
[2018/12/10 22:40:51.017] - eth_getBalance
[2018/12/10 22:40:51.019] - eth_getBalance
[2018/12/10 22:40:51.023] - eth_getBalance
[2018/12/10 22:40:51.024] - eth_getBalance
[2018/12/10 22:40:51.025] - eth_getBalance
[2018/12/10 22:40:55.934] - net_version
[2018/12/10 22:40:55.935] - eth_accounts
[2018/12/10 22:41:00.947] - net_version
[2018/12/10 22:41:00.950] - eth_accounts
[2018/12/10 22:41:00.952] - eth_getBalance
[2018/12/10 22:41:00.959] - eth_getBalance
[2018/12/10 22:41:00.961] - eth_getBalance
[2018/12/10 22:41:00.963] - eth_getBalance
[2018/12/10 22:41:00.966] - eth_getBalance
[2018/12/10 22:41:00.967] - eth_getBalance
[2018/12/10 22:41:00.967] - eth_getBalance
[2018/12/10 22:41:00.970] - eth_getBalance
[2018/12/10 22:41:00.971] - eth_getBalance
[2018/12/10 22:41:00.975] - eth_getBalance
[2018/12/10 22:41:05.935] - eth_getBlockByNumber
[2018/12/10 22:41:05.936] - net_version
[2018/12/10 22:41:05.938] - eth_accounts
[2018/12/10 22:41:10.987] - net_version
[2018/12/10 22:41:10.989] - eth_accounts
[2018/12/10 22:41:10.990] - eth_getBalance
[2018/12/10 22:41:10.991] - eth_getBalance
[2018/12/10 22:41:10.993] - eth_getBalance
[2018/12/10 22:41:10.995] - eth_getBalance
[2018/12/10 22:41:10.998] - eth_getBalance
[2018/12/10 22:41:11.004] - eth_getBalance
[2018/12/10 22:41:11.006] - eth_getBalance
[2018/12/10 22:41:11.008] - eth_getBalance
[2018/12/10 22:41:11.010] - eth_getBalance
[2018/12/10 22:41:11.015] - eth_getBalance
[2018/12/10 22:41:15.935] - net_version
[2018/12/10 22:41:15.936] - eth_accounts
[2018/12/10 22:41:20.972] - net_version
[2018/12/10 22:41:20.974] - eth_getBlockByNumber
[2018/12/10 22:41:20.976] - eth_accounts
[2018/12/10 22:41:20.979] - eth_getBalance
[2018/12/10 22:41:20.980] - eth_getBalance
[2018/12/10 22:41:20.982] - eth_getBalance
[2018/12/10 22:41:20.983] - eth_getBalance
[2018/12/10 22:41:20.986] - eth_getBalance
[2018/12/10 22:41:20.990] - eth_getBalance
[2018/12/10 22:41:20.991] - eth_getBalance
[2018/12/10 22:41:20.994] - eth_getBalance
[2018/12/10 22:41:20.996] - eth_getBalance
[2018/12/10 22:41:21.019] - eth_getBalance
[2018/12/10 22:41:25.938] - net_version
[2018/12/10 22:41:25.942] - eth_accounts
[2018/12/10 22:41:30.978] - net_version
[2018/12/10 22:41:30.981] - eth_accounts
[2018/12/10 22:41:30.983] - eth_getBalance
[2018/12/10 22:41:30.985] - eth_getBalance
[2018/12/10 22:41:30.987] - eth_getBalance
[2018/12/10 22:41:30.994] - eth_getBalance
[2018/12/10 22:41:30.995] - eth_getBalance
[2018/12/10 22:41:30.997] - eth_getBalance
[2018/12/10 22:41:30.999] - eth_getBalance
[2018/12/10 22:41:31.000] - eth_getBalance
[2018/12/10 22:41:31.005] - eth_getBalance
[2018/12/10 22:41:31.006] - eth_getBalance
[2018/12/10 22:41:35.934] - eth_getBlockByNumber
[2018/12/10 22:41:35.936] - net_version
[2018/12/10 22:41:35.937] - eth_accounts
[2018/12/10 22:41:40.986] - net_version
[2018/12/10 22:41:40.988] - eth_accounts
[2018/12/10 22:41:40.990] - eth_getBalance
[2018/12/10 22:41:40.991] - eth_getBalance
[2018/12/10 22:41:40.993] - eth_getBalance
[2018/12/10 22:41:40.995] - eth_getBalance
[2018/12/10 22:41:40.996] - eth_getBalance
[2018/12/10 22:41:40.998] - eth_getBalance
[2018/12/10 22:41:41.000] - eth_getBalance
[2018/12/10 22:41:41.004] - eth_getBalance
[2018/12/10 22:41:41.007] - eth_getBalance
[2018/12/10 22:41:41.008] - eth_getBalance
[2018/12/10 22:41:45.942] - net_version
[2018/12/10 22:41:45.946] - eth_accounts
[2018/12/10 22:41:50.122] - eth_accounts
[2018/12/10 22:41:50.135] - eth_call
[2018/12/10 22:41:50.982] - eth_getBlockByNumber
[2018/12/10 22:41:50.984] - net_version
[2018/12/10 22:41:50.988] - eth_accounts
[2018/12/10 22:41:50.989] - eth_getBalance
[2018/12/10 22:41:50.991] - eth_getBalance
[2018/12/10 22:41:50.992] - eth_getBalance
[2018/12/10 22:41:50.993] - eth_getBalance
[2018/12/10 22:41:50.995] - eth_getBalance
[2018/12/10 22:41:50.999] - eth_getBalance
[2018/12/10 22:41:51.001] - eth_getBalance
[2018/12/10 22:41:51.004] - eth_getBalance
[2018/12/10 22:41:51.010] - eth_getBalance
[2018/12/10 22:41:51.021] - eth_getBalance
[2018/12/10 22:41:55.941] - net_version
[2018/12/10 22:41:55.944] - eth_accounts
[2018/12/10 22:42:00.950] - net_version
[2018/12/10 22:42:00.951] - eth_accounts
[2018/12/10 22:42:00.953] - eth_getBalance
[2018/12/10 22:42:00.955] - eth_getBalance
[2018/12/10 22:42:00.956] - eth_getBalance
[2018/12/10 22:42:00.957] - eth_getBalance
[2018/12/10 22:42:00.959] - eth_getBalance
[2018/12/10 22:42:00.961] - eth_getBalance
[2018/12/10 22:42:00.990] - eth_getBalance
[2018/12/10 22:42:00.991] - eth_getBalance
[2018/12/10 22:42:00.993] - eth_getBalance
[2018/12/10 22:42:00.995] - eth_getBalance
[2018/12/10 22:42:01.570] - eth_accounts
[2018/12/10 22:42:01.576] - eth_accounts
[2018/12/10 22:42:01.585] - eth_sendTransaction
[2018/12/10 22:42:01.649] - 
[2018/12/10 22:42:01.650] -   Transaction: 0xaea4f48c03cf91fdc5c09b79b571f64caefb0c93074a381be1c2158028a65fd4
[2018/12/10 22:42:01.651] -   Gas usage: 191784
[2018/12/10 22:42:01.652] -   Block Number: 4
[2018/12/10 22:42:01.652] -   Block Time: Mon Dec 10 2018 22:42:01 GMT+0900 (대한민국 표준시)
[2018/12/10 22:42:01.653] - 
[2018/12/10 22:42:01.654] - eth_getBalance
[2018/12/10 22:42:01.655] - eth_getTransactionCount
[2018/12/10 22:42:01.657] - eth_getBalance
[2018/12/10 22:42:01.658] - eth_getTransactionCount
[2018/12/10 22:42:01.659] - eth_getBalance
[2018/12/10 22:42:01.660] - eth_getTransactionCount
[2018/12/10 22:42:01.663] - eth_getBalance
[2018/12/10 22:42:01.664] - eth_getTransactionCount
[2018/12/10 22:42:01.666] - eth_getBalance
[2018/12/10 22:42:01.671] - eth_getTransactionCount
[2018/12/10 22:42:01.672] - eth_getBalance
[2018/12/10 22:42:01.674] - eth_getTransactionCount
[2018/12/10 22:42:01.679] - eth_getBalance
[2018/12/10 22:42:01.680] - eth_getTransactionCount
[2018/12/10 22:42:01.682] - eth_getBalance
[2018/12/10 22:42:01.687] - eth_getTransactionCount
[2018/12/10 22:42:01.688] - eth_getBalance
[2018/12/10 22:42:01.689] - eth_getTransactionCount
[2018/12/10 22:42:01.690] - eth_getBalance
[2018/12/10 22:42:01.693] - eth_getTransactionCount
[2018/12/10 22:42:05.936] - eth_getBlockByNumber
[2018/12/10 22:42:05.938] - eth_accounts
[2018/12/10 22:42:05.939] - net_version
[2018/12/10 22:42:05.942] - eth_accounts
[2018/12/10 22:42:05.962] - eth_call
[2018/12/10 22:42:05.978] - eth_accounts
[2018/12/10 22:42:05.985] - eth_call
[2018/12/10 22:42:06.005] - eth_accounts
[2018/12/10 22:42:06.012] - eth_call
[2018/12/10 22:42:06.034] - eth_accounts
[2018/12/10 22:42:06.041] - eth_call
[2018/12/10 22:42:10.988] - net_version
[2018/12/10 22:42:10.990] - eth_accounts
[2018/12/10 22:42:10.992] - eth_getBalance
[2018/12/10 22:42:10.993] - eth_getBalance
[2018/12/10 22:42:10.995] - eth_getBalance
[2018/12/10 22:42:10.996] - eth_getBalance
[2018/12/10 22:42:10.999] - eth_getBalance
[2018/12/10 22:42:11.000] - eth_getBalance
[2018/12/10 22:42:11.002] - eth_getBalance
[2018/12/10 22:42:11.003] - eth_getBalance
[2018/12/10 22:42:11.008] - eth_getBalance
[2018/12/10 22:42:11.009] - eth_getBalance
[2018/12/10 22:42:15.938] - net_version
[2018/12/10 22:42:15.940] - eth_accounts
[2018/12/10 22:42:20.981] - eth_getBlockByNumber
[2018/12/10 22:42:20.983] - net_version
[2018/12/10 22:42:20.987] - eth_accounts
[2018/12/10 22:42:20.989] - eth_getBalance
[2018/12/10 22:42:20.992] - eth_getBalance
[2018/12/10 22:42:20.993] - eth_getBalance
[2018/12/10 22:42:20.995] - eth_getBalance
[2018/12/10 22:42:20.997] - eth_getBalance
[2018/12/10 22:42:21.020] - eth_getBalance
[2018/12/10 22:42:21.021] - eth_getBalance
[2018/12/10 22:42:21.022] - eth_getBalance
[2018/12/10 22:42:21.025] - eth_getBalance
[2018/12/10 22:42:21.027] - eth_getBalance
[2018/12/10 22:42:25.940] - net_version
[2018/12/10 22:42:25.944] - eth_accounts
[2018/12/10 22:42:30.988] - net_version
[2018/12/10 22:42:30.990] - eth_accounts
[2018/12/10 22:42:30.993] - eth_getBalance
[2018/12/10 22:42:30.997] - eth_getBalance
[2018/12/10 22:42:30.999] - eth_getBalance
[2018/12/10 22:42:31.002] - eth_getBalance
[2018/12/10 22:42:31.005] - eth_getBalance
[2018/12/10 22:42:31.024] - eth_getBalance
[2018/12/10 22:42:31.025] - eth_getBalance
[2018/12/10 22:42:31.028] - eth_getBalance
[2018/12/10 22:42:31.029] - eth_getBalance
[2018/12/10 22:42:31.031] - eth_getBalance
[2018/12/10 22:42:35.939] - eth_getBlockByNumber
[2018/12/10 22:42:35.943] - net_version
[2018/12/10 22:42:35.954] - eth_accounts
[2018/12/10 22:42:40.956] - net_version
[2018/12/10 22:42:40.957] - eth_accounts
[2018/12/10 22:42:40.959] - eth_getBalance
[2018/12/10 22:42:40.960] - eth_getBalance
[2018/12/10 22:42:40.961] - eth_getBalance
[2018/12/10 22:42:40.963] - eth_getBalance
[2018/12/10 22:42:40.965] - eth_getBalance
[2018/12/10 22:42:40.966] - eth_getBalance
[2018/12/10 22:42:40.971] - eth_getBalance
[2018/12/10 22:42:40.984] - eth_getBalance
[2018/12/10 22:42:40.985] - eth_getBalance
[2018/12/10 22:42:40.986] - eth_getBalance
[2018/12/10 22:42:45.947] - net_version
[2018/12/10 22:42:45.948] - eth_accounts
[2018/12/10 22:42:50.955] - eth_getBlockByNumber
[2018/12/10 22:42:50.961] - net_version
[2018/12/10 22:42:50.963] - eth_accounts
[2018/12/10 22:42:50.964] - eth_getBalance
[2018/12/10 22:42:50.965] - eth_getBalance
[2018/12/10 22:42:50.967] - eth_getBalance
[2018/12/10 22:42:50.969] - eth_getBalance
[2018/12/10 22:42:50.971] - eth_getBalance
[2018/12/10 22:42:50.974] - eth_getBalance
[2018/12/10 22:42:50.975] - eth_getBalance
[2018/12/10 22:42:50.980] - eth_getBalance
[2018/12/10 22:42:50.981] - eth_getBalance
[2018/12/10 22:42:50.985] - eth_getBalance
