[2018/12/06 17:51:15.577] - Starting server (version 1.2.2) with initial configuration: {"hostname":"127.0.0.1","port":7545,"network_id":5777,"default_balance_ether":100,"total_accounts":10,"unlocked_accounts":[],"locked":false,"vmErrorsOnRPCResponse":true,"verbose":false,"logDirectory":"C:\\KSportfolio\\public\\etherLog"}
[2018/12/06 17:51:16.980] - eth_accounts
[2018/12/06 17:51:16.985] - eth_gasPrice
[2018/12/06 17:51:16.991] - eth_getBlockByNumber
[2018/12/06 17:51:16.993] - eth_subscribe
[2018/12/06 17:51:17.023] - eth_getBalance
[2018/12/06 17:51:17.029] - eth_getTransactionCount
[2018/12/06 17:51:17.031] - eth_getBalance
[2018/12/06 17:51:17.034] - eth_getTransactionCount
[2018/12/06 17:51:17.036] - eth_getBalance
[2018/12/06 17:51:17.037] - eth_getTransactionCount
[2018/12/06 17:51:17.040] - eth_getBalance
[2018/12/06 17:51:17.043] - eth_getTransactionCount
[2018/12/06 17:51:17.045] - eth_getBalance
[2018/12/06 17:51:17.046] - eth_getTransactionCount
[2018/12/06 17:51:17.049] - eth_getBalance
[2018/12/06 17:51:17.050] - eth_getTransactionCount
[2018/12/06 17:51:17.054] - eth_getBalance
[2018/12/06 17:51:17.055] - eth_getTransactionCount
[2018/12/06 17:51:17.057] - eth_getBalance
[2018/12/06 17:51:17.061] - eth_getTransactionCount
[2018/12/06 17:51:17.062] - eth_getBalance
[2018/12/06 17:51:17.063] - eth_getTransactionCount
[2018/12/06 17:51:17.064] - eth_getBalance
[2018/12/06 17:51:17.067] - eth_getTransactionCount
